<?xml version="1.0" encoding="UTF-8"?>
<!-- Generated by org.testng.reporters.JUnitXMLReporter -->
<testsuite ignored="184" hostname="MacBook-Pro-4.local" failures="0" tests="1" name="ANDROID_TestCases" time="388.324" errors="0" timestamp="01 Sep 2026 21:16:50 GMT">
  <testcase classname="AutomationCode.Android_TestCases_Flutter" name="A2068F_A_HR" time="383.857"/>
  <testcase classname="AutomationCode.Android_TestCases_Flutter" name="A2119F_ForgotPassword_InvalidToken" time="0.0">
    <ignored/>
  </testcase> <!-- A2119F_ForgotPassword_InvalidToken -->
  <testcase classname="AutomationCode.Android_TestCases_Flutter" name="A2108F_FTFP10_TUON_UON_PS1_GPV1_RV_wom_LP_MP1_ES1_VPSH_VICAE_VIAC" time="0.0">
    <ignored/>
  </testcase> <!-- A2108F_FTFP10_TUON_UON_PS1_GPV1_RV_wom_LP_MP1_ES1_VPSH_VICAE_VIAC -->
  <testcase classname="AutomationCode.Android_TestCases_Flutter" name="A2070F_VM_FTFP10_FTR_RFT_gt_MTIV_PS1_MP1_VMT_VPSH_VICAE_VIAC" time="0.0">
    <ignored/>
  </testcase> <!-- A2070F_VM_FTFP10_FTR_RFT_gt_MTIV_PS1_MP1_VMT_VPSH_VICAE_VIAC -->
  <testcase classname="AutomationCode.Android_TestCases_Flutter" name="A2090F_FTFP10_TUON_UON_PS1_GPV1_MP1_ES1_VPSH_VICAE_VIAC" time="0.0">
    <ignored/>
  </testcase> <!-- A2090F_FTFP10_TUON_UON_PS1_GPV1_MP1_ES1_VPSH_VICAE_VIAC -->
  <testcase classname="AutomationCode.Android_TestCases_Flutter" name="A2021F_FTFP0_PS1_MP1_ES1_VPSH_VICAE_VIAC_WIFI_Disabled" time="0.0">
    <ignored/>
  </testcase> <!-- A2021F_FTFP0_PS1_MP1_ES1_VPSH_VICAE_VIAC_WIFI_Disabled -->
  <testcase classname="AutomationCode.Android_TestCases_Flutter" name="A2079F_FTFP0_FDON_RTF_PS1_MP1_BMT_VMT_ES1_VPSH_VICAE_VIAC" time="0.0">
    <ignored/>
  </testcase> <!-- A2079F_FTFP0_FDON_RTF_PS1_MP1_BMT_VMT_ES1_VPSH_VICAE_VIAC -->
  <testcase classname="AutomationCode.Android_TestCases_Flutter" name="A2091F_FTFP0_TUON_UON_PS1_GPV1_AV_wo_LP_MP1_ES1_VPSH_VICAE_VIAC" time="0.0">
    <ignored/>
  </testcase> <!-- A2091F_FTFP0_TUON_UON_PS1_GPV1_AV_wo_LP_MP1_ES1_VPSH_VICAE_VIAC -->
  <testcase classname="AutomationCode.Android_TestCases_Flutter" name="A2029F_FTFP0_PS1_MP1_PMT_MTIV_gt_LPRM_ES1_VPSH_VICAE_VIAC" time="0.0">
    <ignored/>
  </testcase> <!-- A2029F_FTFP0_PS1_MP1_PMT_MTIV_gt_LPRM_ES1_VPSH_VICAE_VIAC -->
  <testcase classname="AutomationCode.Android_TestCases_Flutter" name="A2150F_FTFP0_TUOFF_UON_GPV1_MP1_LMV1_MP1_VMPSIV_ES1_VPSH_VICAE_VIAC" time="0.0">
    <ignored/>
  </testcase> <!-- A2150F_FTFP0_TUOFF_UON_GPV1_MP1_LMV1_MP1_VMPSIV_ES1_VPSH_VICAE_VIAC -->
  <testcase classname="AutomationCode.Android_TestCases_Flutter" name="A4001_PaymentTest_PayPal_MaxTime" time="0.0">
    <ignored/>
  </testcase> <!-- A4001_PaymentTest_PayPal_MaxTime -->
  <testcase classname="AutomationCode.Android_TestCases_Flutter" name="A2120F_ForgotPassword_DifferentPassword" time="0.0">
    <ignored/>
  </testcase> <!-- A2120F_ForgotPassword_DifferentPassword -->
  <testcase classname="AutomationCode.Android_TestCases_Flutter" name="A2146F_FTFP10_TUOFF_UON_PS1_GPV1_RV_RES_wo_LP_MP1_ES1_VPSH_VICAE_VIAC" time="0.0">
    <ignored/>
  </testcase> <!-- A2146F_FTFP10_TUOFF_UON_PS1_GPV1_RV_RES_wo_LP_MP1_ES1_VPSH_VICAE_VIAC -->
  <testcase classname="AutomationCode.Android_TestCases_Flutter" name="A2042F_VM_FTFP10_PS1_MP1_ES1_VPSH_VICAE_VIAC" time="0.0">
    <ignored/>
  </testcase> <!-- A2042F_VM_FTFP10_PS1_MP1_ES1_VPSH_VICAE_VIAC -->
  <testcase classname="AutomationCode.Android_TestCases_Flutter" name="A2062F_A_FTFP0_FTR_RFT_gt_MTIV_MP1_PS1_VMT_VPSH_VICAE_VIAC" time="0.0">
    <ignored/>
  </testcase> <!-- A2062F_A_FTFP0_FTR_RFT_gt_MTIV_MP1_PS1_VMT_VPSH_VICAE_VIAC -->
  <testcase classname="AutomationCode.Android_TestCases_Flutter" name="A2094F_FTFP0_TUON_UON_PS1_GPV1_AV_wom_LP_MP1_ES1_VPSH_VICAE_VIAC" time="0.0">
    <ignored/>
  </testcase> <!-- A2094F_FTFP0_TUON_UON_PS1_GPV1_AV_wom_LP_MP1_ES1_VPSH_VICAE_VIAC -->
  <testcase classname="AutomationCode.Android_TestCases_Flutter" name="A2122F_ForgotPassword_ResendResetInstructionsTwice_UseFirstToken" time="0.0">
    <ignored/>
  </testcase> <!-- A2122F_ForgotPassword_ResendResetInstructionsTwice_UseFirstToken -->
  <testcase classname="AutomationCode.Android_TestCases_Flutter" name="A2017F_CreateAndDeleteUser_AttemptLoginWithDeletedUser_Flutter" time="0.0">
    <ignored/>
  </testcase> <!-- A2017F_CreateAndDeleteUser_AttemptLoginWithDeletedUser_Flutter -->
  <testcase classname="AutomationCode.Android_TestCases_Flutter" name="A2098F_AMMOEE_FTFP0_TUON_UON_PS1_GPV1_RV_RES_wo_LP_MP1_ES1_VPSH_VICAE_VIAC" time="0.0">
    <ignored/>
  </testcase> <!-- A2098F_AMMOEE_FTFP0_TUON_UON_PS1_GPV1_RV_RES_wo_LP_MP1_ES1_VPSH_VICAE_VIAC -->
  <testcase classname="AutomationCode.Android_TestCases_Flutter" name="A2092F_FTFP0_TUON_UON_PS1_GPV1_AV_wm_LP_MP1_ES1_VPSH_VICAE_VIAC" time="0.0">
    <ignored/>
  </testcase> <!-- A2092F_FTFP0_TUON_UON_PS1_GPV1_AV_wm_LP_MP1_ES1_VPSH_VICAE_VIAC -->
  <testcase classname="AutomationCode.Android_TestCases_Flutter" name="A2082F_FTFP10_FDON_RTF_FTFP_gt_MTIV_gt_MBF_PS1_MP1_VMT_ES1_VPSH_VICAE_VIAC" time="0.0">
    <ignored/>
  </testcase> <!-- A2082F_FTFP10_FDON_RTF_FTFP_gt_MTIV_gt_MBF_PS1_MP1_VMT_ES1_VPSH_VICAE_VIAC -->
  <testcase classname="AutomationCode.Android_TestCases_Flutter" name="A2152F_ValidateInvalidCreditCardDate" time="0.0">
    <ignored/>
  </testcase> <!-- A2152F_ValidateInvalidCreditCardDate -->
  <testcase classname="AutomationCode.Android_TestCases_Flutter" name="A2084F_FTFP10_FDON_RTF_MBF_gt_MTIV_gt_FTFP_PS1_MP1_VMT_ES1_VPSH_VICAE_VIAC" time="0.0">
    <ignored/>
  </testcase> <!-- A2084F_FTFP10_FDON_RTF_MBF_gt_MTIV_gt_FTFP_PS1_MP1_VMT_ES1_VPSH_VICAE_VIAC -->
  <testcase classname="AutomationCode.Android_TestCases_Flutter" name="A2304F_CS_PSWL_MP1_W4_VMT_VPSH" time="0.0">
    <ignored/>
  </testcase> <!-- A2304F_CS_PSWL_MP1_W4_VMT_VPSH -->
  <testcase classname="AutomationCode.Android_TestCases_Flutter" name="A2125F_ForgotPasswordRememberMeOff" time="0.0">
    <ignored/>
  </testcase> <!-- A2125F_ForgotPasswordRememberMeOff -->
  <testcase classname="AutomationCode.Android_TestCases_Flutter" name="A2038F_FTFP0_PS1_MP1_PRT_CCP1_ES1_VPSH_VICAE_VIAC" time="0.0">
    <ignored/>
  </testcase> <!-- A2038F_FTFP0_PS1_MP1_PRT_CCP1_ES1_VPSH_VICAE_VIAC -->
  <testcase classname="AutomationCode.Android_TestCases_Flutter" name="A2010F_RegisterUser_Login_Flutter" time="0.0">
    <ignored/>
  </testcase> <!-- A2010F_RegisterUser_Login_Flutter -->
  <testcase classname="AutomationCode.Android_TestCases_Flutter" name="A2114F_FTFP0_TUON_UOff_PS1_GPV1_MP1_VMPSIV_VML_EBS_VPSH_VICAE_VIAC" time="0.0">
    <ignored/>
  </testcase> <!-- A2114F_FTFP0_TUON_UOff_PS1_GPV1_MP1_VMPSIV_VML_EBS_VPSH_VICAE_VIAC -->
  <testcase classname="AutomationCode.Android_TestCases_Flutter" name="A2021F_FTFP0_PS1_MP1_ES1_VPSH_VICAE_VIAC" time="0.0">
    <ignored/>
  </testcase> <!-- A2021F_FTFP0_PS1_MP1_ES1_VPSH_VICAE_VIAC -->
  <testcase classname="AutomationCode.Android_TestCases_Flutter" name="A2117F_ForgotPassword_AllFieldsWithAreMandatory" time="0.0">
    <ignored/>
  </testcase> <!-- A2117F_ForgotPassword_AllFieldsWithAreMandatory -->
  <testcase classname="AutomationCode.Android_TestCases_Flutter" name="A2011F_RegisterExisting_DeletedUser_Login_Flutter" time="0.0">
    <ignored/>
  </testcase> <!-- A2011F_RegisterExisting_DeletedUser_Login_Flutter -->
  <testcase classname="AutomationCode.Android_TestCases_Flutter" name="A2051F_FTFP10_PS1_MP1_PRT_CP1_ES1_VPSH_VICAE_VIAC" time="0.0">
    <ignored/>
  </testcase> <!-- A2051F_FTFP10_PS1_MP1_PRT_CP1_ES1_VPSH_VICAE_VIAC -->
  <testcase classname="AutomationCode.Android_TestCases_Flutter" name="A2036F_FTFP0_PS1_CCP1_PRT_MP1_ES1_VPSH_VICAE_VIAC" time="0.0">
    <ignored/>
  </testcase> <!-- A2036F_FTFP0_PS1_CCP1_PRT_MP1_ES1_VPSH_VICAE_VIAC -->
  <testcase classname="AutomationCode.Android_TestCases_Flutter" name="A2050F_FTFP10_PS1_MP1_CP1_ES1_VPSH_VICAE_VIAC" time="0.0">
    <ignored/>
  </testcase> <!-- A2050F_FTFP10_PS1_MP1_CP1_ES1_VPSH_VICAE_VIAC -->
  <testcase classname="AutomationCode.Android_TestCases_Flutter" name="A2028F_VM_FTFP0_PS1_MP1_PMT_LPRM_e_MTIV_ES1_VPSH_VICAE_VIAC" time="0.0">
    <ignored/>
  </testcase> <!-- A2028F_VM_FTFP0_PS1_MP1_PMT_LPRM_e_MTIV_ES1_VPSH_VICAE_VIAC -->
  <testcase classname="AutomationCode.Android_TestCases_Flutter" name="A2087_FTFP10_FDOFF_RTF_MTIV_gt_FTFP_gt_MBF_PS1_MP1_VMT_ES1_VPSH_VICAE_VIAC" time="0.0">
    <ignored/>
  </testcase> <!-- A2087_FTFP10_FDOFF_RTF_MTIV_gt_FTFP_gt_MBF_PS1_MP1_VMT_ES1_VPSH_VICAE_VIAC -->
  <testcase classname="AutomationCode.Android_TestCases_Flutter" name="A2019F_RegisterUser_WIFI_Disabled" time="0.0">
    <ignored/>
  </testcase> <!-- A2019F_RegisterUser_WIFI_Disabled -->
  <testcase classname="AutomationCode.Android_TestCases_Flutter" name="A4005F_PaymentTest_CreditOrDebitCard_MaxTime" time="0.0">
    <ignored/>
  </testcase> <!-- A4005F_PaymentTest_CreditOrDebitCard_MaxTime -->
  <testcase classname="AutomationCode.Android_TestCases_Flutter" name="A2035F_A_FTFP0_PS1_CCP1_RM_MP1_ES1_VPSH_VICAE_VIAC" time="0.0">
    <ignored/>
  </testcase> <!-- A2035F_A_FTFP0_PS1_CCP1_RM_MP1_ES1_VPSH_VICAE_VIAC -->
  <testcase classname="AutomationCode.Android_TestCases_Flutter" name="A2089F_FTFP10_FDOFF_RTF_FTFP_gt_MTIV_gt_MBF_PS1_MP1_VMT_ES1_VPSH_VICAE_VIAC" time="0.0">
    <ignored/>
  </testcase> <!-- A2089F_FTFP10_FDOFF_RTF_FTFP_gt_MTIV_gt_MBF_PS1_MP1_VMT_ES1_VPSH_VICAE_VIAC -->
  <testcase classname="AutomationCode.Android_TestCases_Flutter" name="A2095F_FTFP0_TUON_UON_PS1_GPV1_RV_wo_LP_MP1_ES1_VPSH_VICAE_VIAC" time="0.0">
    <ignored/>
  </testcase> <!-- A2095F_FTFP0_TUON_UON_PS1_GPV1_RV_wo_LP_MP1_ES1_VPSH_VICAE_VIAC -->
  <testcase classname="AutomationCode.Android_TestCases_Flutter" name="A2033F_FTFP0_PS1_MP1_CP1_ES1_VPSH_VICAE_VIAC" time="0.0">
    <ignored/>
  </testcase> <!-- A2033F_FTFP0_PS1_MP1_CP1_ES1_VPSH_VICAE_VIAC -->
  <testcase classname="AutomationCode.Android_TestCases_Flutter" name="A4004F_PaymentTest_CreditOrDebitCard" time="0.0">
    <ignored/>
  </testcase> <!-- A4004F_PaymentTest_CreditOrDebitCard -->
  <testcase classname="AutomationCode.Android_TestCases_Flutter" name="A2301F_CS_PSWL_VMT_VPSH" time="0.0">
    <ignored/>
  </testcase> <!-- A2301F_CS_PSWL_VMT_VPSH -->
  <testcase classname="AutomationCode.Android_TestCases_Flutter" name="A2046F_FTFP10_PS1_MP1_PMT_MTIV_gt_LPRM_ES1_VPSH_VICAE_VIAC" time="0.0">
    <ignored/>
  </testcase> <!-- A2046F_FTFP10_PS1_MP1_PMT_MTIV_gt_LPRM_ES1_VPSH_VICAE_VIAC -->
  <testcase classname="AutomationCode.Android_TestCases_Flutter" name="A2016F_CreateAndDeleteUser_AttemptMobileRegisterWithDeletedUser_Flutter" time="0.0">
    <ignored/>
  </testcase> <!-- A2016F_CreateAndDeleteUser_AttemptMobileRegisterWithDeletedUser_Flutter -->
  <testcase classname="AutomationCode.Android_TestCases_Flutter" name="A2147F_FTFP10_TUOFF_UON_PS1_GPV1_RV_RES_wm_LP_MP1_ES1_VPSH_VICAE_VIAC" time="0.0">
    <ignored/>
  </testcase> <!-- A2147F_FTFP10_TUOFF_UON_PS1_GPV1_RV_RES_wm_LP_MP1_ES1_VPSH_VICAE_VIAC -->
  <testcase classname="AutomationCode.Android_TestCases_Flutter" name="A2107F_FTFP10_TUON_UON_PS1_GPV1_RV_wm_LP_MP1_ES1_VPSH_VICAE_VIAC" time="0.0">
    <ignored/>
  </testcase> <!-- A2107F_FTFP10_TUON_UON_PS1_GPV1_RV_wm_LP_MP1_ES1_VPSH_VICAE_VIAC -->
  <testcase classname="AutomationCode.Android_TestCases_Flutter" name="A2106F_FTFP10_TUON_UON_PS1_GPV1_RV_wo_LP_MP1_ES1_VPSH_VICAE_VIAC" time="0.0">
    <ignored/>
  </testcase> <!-- A2106F_FTFP10_TUON_UON_PS1_GPV1_RV_wo_LP_MP1_ES1_VPSH_VICAE_VIAC -->
  <testcase classname="AutomationCode.Android_TestCases_Flutter" name="A2083F_FTFP10_FDON_RTF_FTFP_gt_MBF_gt_MTIV_PS1_MP1_VMT_ES1_VPSH_VICAE_VIAC" time="0.0">
    <ignored/>
  </testcase> <!-- A2083F_FTFP10_FDON_RTF_FTFP_gt_MBF_gt_MTIV_PS1_MP1_VMT_ES1_VPSH_VICAE_VIAC -->
  <testcase classname="AutomationCode.Android_TestCases_Flutter" name="A2053F_FTFP10_PS1_CCP1_PRT_MP1_ES1_VPSH_VICAE_VIAC" time="0.0">
    <ignored/>
  </testcase> <!-- A2053F_FTFP10_PS1_CCP1_PRT_MP1_ES1_VPSH_VICAE_VIAC -->
  <testcase classname="AutomationCode.Android_TestCases_Flutter" name="A2160F_SENTRYMOBILE_PS1_EC1_NSAU_NSTC" time="0.0">
    <ignored/>
  </testcase> <!-- A2160F_SENTRYMOBILE_PS1_EC1_NSAU_NSTC -->
  <testcase classname="AutomationCode.Android_TestCases_Flutter" name="A2066F_VM_FTFP0_FTR_RFT_gt_MTIV_PS1_MP1_VMT_BMT_VPSH_VICAE_VIAC" time="0.0">
    <ignored/>
  </testcase> <!-- A2066F_VM_FTFP0_FTR_RFT_gt_MTIV_PS1_MP1_VMT_BMT_VPSH_VICAE_VIAC -->
  <testcase classname="AutomationCode.Android_TestCases_Flutter" name="A2047F_VM_FTFP10_PS1_MP1_PMT_MTIV_gt_LPRM_ES1_VPSH_VICAE_VIAC" time="0.0">
    <ignored/>
  </testcase> <!-- A2047F_VM_FTFP10_PS1_MP1_PMT_MTIV_gt_LPRM_ES1_VPSH_VICAE_VIAC -->
  <testcase classname="AutomationCode.Android_TestCases_Flutter" name="A2199F_RSVN_MPRSISR" time="0.0">
    <ignored/>
  </testcase> <!-- A2199F_RSVN_MPRSISR -->
  <testcase classname="AutomationCode.Android_TestCases_Flutter" name="A3000_RO_FTFP5_PS1_PMT_ES1_VPSH_VICAE_VIAC" time="0.0">
    <ignored/>
  </testcase> <!-- A3000_RO_FTFP5_PS1_PMT_ES1_VPSH_VICAE_VIAC -->
  <testcase classname="AutomationCode.Android_TestCases_Flutter" name="A2074F_VM_FTFP10_FTR_RFT_gt_MTIV_PS1_MP1_BMT_VPSH_VICAE_VIAC" time="0.0">
    <ignored/>
  </testcase> <!-- A2074F_VM_FTFP10_FTR_RFT_gt_MTIV_PS1_MP1_BMT_VPSH_VICAE_VIAC -->
  <testcase classname="AutomationCode.Android_TestCases_Flutter" name="A2063F_FTFP0_FTR_MTIV_gt_RFT_PS1_MP1_VMT_VPSH_VICAE_VIAC" time="0.0">
    <ignored/>
  </testcase> <!-- A2063F_FTFP0_FTR_MTIV_gt_RFT_PS1_MP1_VMT_VPSH_VICAE_VIAC -->
  <testcase classname="AutomationCode.Android_TestCases_Flutter" name="A2203F_RSVN_FTRSVN_PSWL_WFTE_VMTAP_VPS_VPSH" time="0.0">
    <ignored/>
  </testcase> <!-- A2203F_RSVN_FTRSVN_PSWL_WFTE_VMTAP_VPS_VPSH -->
  <testcase classname="AutomationCode.Android_TestCases_Flutter" name="A2103F_FTFP10_TUON_UON_PS1_GPV1_AV_wo_LP_MP1_ES1_VPSH_VICAE_VIAC" time="0.0">
    <ignored/>
  </testcase> <!-- A2103F_FTFP10_TUON_UON_PS1_GPV1_AV_wo_LP_MP1_ES1_VPSH_VICAE_VIAC -->
  <testcase classname="AutomationCode.Android_TestCases_Flutter" name="A2027F_A_FTFP0_PS1_MP1_PMT_LPRM_e_MTIV_ES1_VPSH_VICAE_VIAC" time="0.0">
    <ignored/>
  </testcase> <!-- A2027F_A_FTFP0_PS1_MP1_PMT_LPRM_e_MTIV_ES1_VPSH_VICAE_VIAC -->
  <testcase classname="AutomationCode.Android_TestCases_Flutter" name="A2040F_VM_FTFP0_MP1_PS1_ES1_VPSH_VICAE_VIAC" time="0.0">
    <ignored/>
  </testcase> <!-- A2040F_VM_FTFP0_MP1_PS1_ES1_VPSH_VICAE_VIAC -->
  <testcase classname="AutomationCode.Android_TestCases_Flutter" name="A4003F_PaymentTest_GooglePay_MaxTime" time="0.0">
    <ignored/>
  </testcase> <!-- A4003F_PaymentTest_GooglePay_MaxTime -->
  <testcase classname="AutomationCode.Android_TestCases_Flutter" name="A2069F_FTFP10_FTR_RFT_gt_MTIV_PS1_MP1_VMT_VPSH_VICAE_VIAC" time="0.0">
    <ignored/>
  </testcase> <!-- A2069F_FTFP10_FTR_RFT_gt_MTIV_PS1_MP1_VMT_VPSH_VICAE_VIAC -->
  <testcase classname="AutomationCode.Android_TestCases_Flutter" name="A2076F_FTFP0_FDON_RTF_MTIV_gt_MBF_PS1_MP1_VMT_ES1_VPSH_VICAE_VIAC" time="0.0">
    <ignored/>
  </testcase> <!-- A2076F_FTFP0_FDON_RTF_MTIV_gt_MBF_PS1_MP1_VMT_ES1_VPSH_VICAE_VIAC -->
  <testcase classname="AutomationCode.Android_TestCases_Flutter" name="A2135F_FTFP0_TUOFF_UON_PS1_GPV1_RV_RES_wo_LP_MP1_ES1_VPSH_VICAE_VIAC" time="0.0">
    <ignored/>
  </testcase> <!-- A2135F_FTFP0_TUOFF_UON_PS1_GPV1_RV_RES_wo_LP_MP1_ES1_VPSH_VICAE_VIAC -->
  <testcase classname="AutomationCode.Android_TestCases_Flutter" name="A2126F_LoginAttemptsExceededYourAccountHasBeenLocked" time="0.0">
    <ignored/>
  </testcase> <!-- A2126F_LoginAttemptsExceededYourAccountHasBeenLocked -->
  <testcase classname="AutomationCode.Android_TestCases_Flutter" name="A2131F_FTFP0_TUOFF_UON_PS1_GPV1_AV_wom_LP_MP1_ES1_VPSH_VICAE_VIAC" time="0.0">
    <ignored/>
  </testcase> <!-- A2131F_FTFP0_TUOFF_UON_PS1_GPV1_AV_wom_LP_MP1_ES1_VPSH_VICAE_VIAC -->
  <testcase classname="AutomationCode.Android_TestCases_Flutter" name="A4000_PaymentTest_PayPal" time="0.0">
    <ignored/>
  </testcase> <!-- A4000_PaymentTest_PayPal -->
  <testcase classname="AutomationCode.Android_TestCases_Flutter" name="A2003F_RegisterUser_EmailHasAlreadyBeenTaken_Flutter" time="0.0">
    <ignored/>
  </testcase> <!-- A2003F_RegisterUser_EmailHasAlreadyBeenTaken_Flutter -->
  <testcase classname="AutomationCode.Android_TestCases_Flutter" name="A2049F_FTFP10_PS1_CP1_PRT_MP1_ES1_VPSH_VICAE_VIAC" time="0.0">
    <ignored/>
  </testcase> <!-- A2049F_FTFP10_PS1_CP1_PRT_MP1_ES1_VPSH_VICAE_VIAC -->
  <testcase classname="AutomationCode.Android_TestCases_Flutter" name="A2043F_FTFP10_PS1_MP1_BMT_ES1_VPSH_VICAE_VIAC" time="0.0">
    <ignored/>
  </testcase> <!-- A2043F_FTFP10_PS1_MP1_BMT_ES1_VPSH_VICAE_VIAC -->
  <testcase classname="AutomationCode.Android_TestCases_Flutter" name="A2078F_FTFP0_FDON_RTF_MBF_gt_MTIV_PS1_MP1_VMT_BMT_VMT_ES1_VPSH_VICAE_VIAC" time="0.0">
    <ignored/>
  </testcase> <!-- A2078F_FTFP0_FDON_RTF_MBF_gt_MTIV_PS1_MP1_VMT_BMT_VMT_ES1_VPSH_VICAE_VIAC -->
  <testcase classname="AutomationCode.Android_TestCases_Flutter" name="A2202F_RSVN_FTRSVN_PSWL_MPRSIIFPGIRP" time="0.0">
    <ignored/>
  </testcase> <!-- A2202F_RSVN_FTRSVN_PSWL_MPRSIIFPGIRP -->
  <testcase classname="AutomationCode.Android_TestCases_Flutter" name="A2099F_FTFP0_TUON_UON_PS1_GPV1_RV_RES_wm_LP_MP1_ES1_VPSH_VICAE_VIAC" time="0.0">
    <ignored/>
  </testcase> <!-- A2099F_FTFP0_TUON_UON_PS1_GPV1_RV_RES_wm_LP_MP1_ES1_VPSH_VICAE_VIAC -->
  <testcase classname="AutomationCode.Android_TestCases_Flutter" name="A2022F_VM_FTFP0_PS1_MP1_ES1_VPSH_VICAE_VIAC" time="0.0">
    <ignored/>
  </testcase> <!-- A2022F_VM_FTFP0_PS1_MP1_ES1_VPSH_VICAE_VIAC -->
  <testcase classname="AutomationCode.Android_TestCases_Flutter" name="A2124F_ForgotPasswordRememberMeOn" time="0.0">
    <ignored/>
  </testcase> <!-- A2124F_ForgotPasswordRememberMeOn -->
  <testcase classname="AutomationCode.Android_TestCases_Flutter" name="A2062F_FTFP0_FTR_RFT_gt_MTIV_PS1_MP1_VMT_VPSH_VICAE_VIAC" time="0.0">
    <ignored/>
  </testcase> <!-- A2062F_FTFP0_FTR_RFT_gt_MTIV_PS1_MP1_VMT_VPSH_VICAE_VIAC -->
  <testcase classname="AutomationCode.Android_TestCases_Flutter" name="A2035F_FTFP0_PS1_CCP1_MP1_ES1_VPSH_VICAE_VIAC" time="0.0">
    <ignored/>
  </testcase> <!-- A2035F_FTFP0_PS1_CCP1_MP1_ES1_VPSH_VICAE_VIAC -->
  <testcase classname="AutomationCode.Android_TestCases_Flutter" name="A2074F_A_FTFP10_FTR_MTIV_gt_RFT_PS1_MP1_MTR_PRT_VPSH_VICAE_VIAC" time="0.0">
    <ignored/>
  </testcase> <!-- A2074F_A_FTFP10_FTR_MTIV_gt_RFT_PS1_MP1_MTR_PRT_VPSH_VICAE_VIAC -->
  <testcase classname="AutomationCode.Android_TestCases_Flutter" name="A2307F_CS_FADCT_PSWL_WGE_EAV" time="0.0">
    <ignored/>
  </testcase> <!-- A2307F_CS_FADCT_PSWL_WGE_EAV -->
  <testcase classname="AutomationCode.Android_TestCases_Flutter" name="A2110F_FTFP10_TUON_UON_PS1_GPV1_RV_RES_wm_LP_MP1_ES1_VPSH_VICAE_VIAC" time="0.0">
    <ignored/>
  </testcase> <!-- A2110F_FTFP10_TUON_UON_PS1_GPV1_RV_RES_wm_LP_MP1_ES1_VPSH_VICAE_VIAC -->
  <testcase classname="AutomationCode.Android_TestCases_Flutter" name="A2302F_CS_PS1_GPV1_ALPTPS_VMT_VPSH" time="0.0">
    <ignored/>
  </testcase> <!-- A2302F_CS_PS1_GPV1_ALPTPS_VMT_VPSH -->
  <testcase classname="AutomationCode.Android_TestCases_Flutter" name="A2018F_RegisterUser_WIFI_Enabled" time="0.0">
    <ignored/>
  </testcase> <!-- A2018F_RegisterUser_WIFI_Enabled -->
  <testcase classname="AutomationCode.Android_TestCases_Flutter" name="A2201F_RSVN_PSWILP_MPRSISR_ES1_VPSH" time="0.0">
    <ignored/>
  </testcase> <!-- A2201F_RSVN_PSWILP_MPRSISR_ES1_VPSH -->
  <testcase classname="AutomationCode.Android_TestCases_Flutter" name="A2039F_FTFP0_MP1_PS1_ES1_VPSH_VICAE_VIAC" time="0.0">
    <ignored/>
  </testcase> <!-- A2039F_FTFP0_MP1_PS1_ES1_VPSH_VICAE_VIAC -->
  <testcase classname="AutomationCode.Android_TestCases_Flutter" name="A2060F_GPSOFF_RegisterUser_EnableGPSDialogYes" time="0.0">
    <ignored/>
  </testcase> <!-- A2060F_GPSOFF_RegisterUser_EnableGPSDialogYes -->
  <testcase classname="AutomationCode.Android_TestCases_Flutter" name="A2080F_FTFP10_FDON_RTF_MTIV_gt_MBF_gt_FTFP_PS1_MP1_VMT_ES1_VPSH_VICAE_VIAC" time="0.0">
    <ignored/>
  </testcase> <!-- A2080F_FTFP10_FDON_RTF_MTIV_gt_MBF_gt_FTFP_PS1_MP1_VMT_ES1_VPSH_VICAE_VIAC -->
  <testcase classname="AutomationCode.Android_TestCases_Flutter" name="A2112F_FTFP10_TUON_UON_PS1_GPV1_RV_RES_IP_wo_LP_MP1_ES1_VPSH_VICAE_VIAC" time="0.0">
    <ignored/>
  </testcase> <!-- A2112F_FTFP10_TUON_UON_PS1_GPV1_RV_RES_IP_wo_LP_MP1_ES1_VPSH_VICAE_VIAC -->
  <testcase classname="AutomationCode.Android_TestCases_Flutter" name="A2308F_CS_FADCT_PSWL_WGE_EAV_mobilePaymentBlocked" time="0.0">
    <ignored/>
  </testcase> <!-- A2308F_CS_FADCT_PSWL_WGE_EAV_mobilePaymentBlocked -->
  <testcase classname="AutomationCode.Android_TestCases_Flutter" name="A2128F_FTFP0_TUOFF_UON_PS1_GPV1_AV_wo_LP_MP1_ES1_VPSH_VICAE_VIAC" time="0.0">
    <ignored/>
  </testcase> <!-- A2128F_FTFP0_TUOFF_UON_PS1_GPV1_AV_wo_LP_MP1_ES1_VPSH_VICAE_VIAC -->
  <testcase classname="AutomationCode.Android_TestCases_Flutter" name="A2097F_FTFP0_TUON_UON_PS1_GPV1_RV_wom_LP_MP1_ES1_VPSH_VICAE_VIAC" time="0.0">
    <ignored/>
  </testcase> <!-- A2097F_FTFP0_TUON_UON_PS1_GPV1_RV_wom_LP_MP1_ES1_VPSH_VICAE_VIAC -->
  <testcase classname="AutomationCode.Android_TestCases_Flutter" name="A2136F_FTFP0_TUOFF_UON_PS1_GPV1_RV_RES_wm_LP_MP1_ES1_VPSH_VICAE_VIAC" time="0.0">
    <ignored/>
  </testcase> <!-- A2136F_FTFP0_TUOFF_UON_PS1_GPV1_RV_RES_wm_LP_MP1_ES1_VPSH_VICAE_VIAC -->
  <testcase classname="AutomationCode.Android_TestCases_Flutter" name="A2141F_FTFP10_TUOFF_UON_PS1_GPV1_AV_wo_LP_MP1_ES1_VPSH_VICAE_VIAC" time="0.0">
    <ignored/>
  </testcase> <!-- A2141F_FTFP10_TUOFF_UON_PS1_GPV1_AV_wo_LP_MP1_ES1_VPSH_VICAE_VIAC -->
  <testcase classname="AutomationCode.Android_TestCases_Flutter" name="A2129F_FTFP0_TUOFF_UON_PS1_GPV1_AV_wm_LP_MP1_ES1_VPSH_VICAE_VIAC" time="0.0">
    <ignored/>
  </testcase> <!-- A2129F_FTFP0_TUOFF_UON_PS1_GPV1_AV_wm_LP_MP1_ES1_VPSH_VICAE_VIAC -->
  <testcase classname="AutomationCode.Android_TestCases_Flutter" name="A2073F_FTFP10_FTR_RFT_gt_MTIV_PS1_MP1_BMT_VPSH_VICAE_VIAC" time="0.0">
    <ignored/>
  </testcase> <!-- A2073F_FTFP10_FTR_RFT_gt_MTIV_PS1_MP1_BMT_VPSH_VICAE_VIAC -->
  <testcase classname="AutomationCode.Android_TestCases_Flutter" name="A2008F_RegisterUser_FirstNameCannotBeBlank_Flutter" time="0.0">
    <ignored/>
  </testcase> <!-- A2008F_RegisterUser_FirstNameCannotBeBlank_Flutter -->
  <testcase classname="AutomationCode.Android_TestCases_Flutter" name="A2000F_OpenApp_AirplaneModeEnabled" time="0.0">
    <ignored/>
  </testcase> <!-- A2000F_OpenApp_AirplaneModeEnabled -->
  <testcase classname="AutomationCode.Android_TestCases_Flutter" name="A2306F_CS_PSWL_MP1_PMT_LMV_AV_VPSH" time="0.0">
    <ignored/>
  </testcase> <!-- A2306F_CS_PSWL_MP1_PMT_LMV_AV_VPSH -->
  <testcase classname="AutomationCode.Android_TestCases_Flutter" name="A2065F_FTFP0_FTR_RFT_gt_MTIV_PS1_MP1_VMT_BMT_VPSH_VICAE_VIAC" time="0.0">
    <ignored/>
  </testcase> <!-- A2065F_FTFP0_FTR_RFT_gt_MTIV_PS1_MP1_VMT_BMT_VPSH_VICAE_VIAC -->
  <testcase classname="AutomationCode.Android_TestCases_Flutter" name="A2118F_ForgotPassword_InvalidEmail" time="0.0">
    <ignored/>
  </testcase> <!-- A2118F_ForgotPassword_InvalidEmail -->
  <testcase classname="AutomationCode.Android_TestCases_Flutter" name="A2012F_RegisterExisting_LockedUser_Login_Flutter" time="0.0">
    <ignored/>
  </testcase> <!-- A2012F_RegisterExisting_LockedUser_Login_Flutter -->
  <testcase classname="AutomationCode.Android_TestCases_Flutter" name="A2067F_FTFP0_FTR_RFT_gt_MTIV_PS1_MP1_VMT_PRT_VMT_VPSH_VICAE_VIAC" time="0.0">
    <ignored/>
  </testcase> <!-- A2067F_FTFP0_FTR_RFT_gt_MTIV_PS1_MP1_VMT_PRT_VMT_VPSH_VICAE_VIAC -->
  <testcase classname="AutomationCode.Android_TestCases_Flutter" name="A2045F_FTFP10_PS1_PMT_ES1_VPSH_VICAE_VIAC" time="0.0">
    <ignored/>
  </testcase> <!-- A2045F_FTFP10_PS1_PMT_ES1_VPSH_VICAE_VIAC -->
  <testcase classname="AutomationCode.Android_TestCases_Flutter" name="A2143F_FTFP10_TUOFF_UON_PS1_GPV1_RV_wo_LP_MP1_ES1_VPSH_VICAE_VIAC" time="0.0">
    <ignored/>
  </testcase> <!-- A2143F_FTFP10_TUOFF_UON_PS1_GPV1_RV_wo_LP_MP1_ES1_VPSH_VICAE_VIAC -->
  <testcase classname="AutomationCode.Android_TestCases_Flutter" name="A2305F_HDCP_FTFP0_MP1_VMT_ES1_VPSH_VIAC" time="0.0">
    <ignored/>
  </testcase> <!-- A2305F_HDCP_FTFP0_MP1_VMT_ES1_VPSH_VIAC -->
  <testcase classname="AutomationCode.Android_TestCases_Flutter" name="A2031F_FTFP0_PS1_CP1_MP1_ES1_VPSH_VICAE_VIAC" time="0.0">
    <ignored/>
  </testcase> <!-- A2031F_FTFP0_PS1_CP1_MP1_ES1_VPSH_VICAE_VIAC -->
  <testcase classname="AutomationCode.Android_TestCases_Flutter" name="A2006F_RegisterUser_PasswordsDoNotMatchPleaseReEnter_Flutter" time="0.0">
    <ignored/>
  </testcase> <!-- A2006F_RegisterUser_PasswordsDoNotMatchPleaseReEnter_Flutter -->
  <testcase classname="AutomationCode.Android_TestCases_Flutter" name="A2027F_FTFP0_PS1_PMT_ES1_VPSH_VICAE_VIAC" time="0.0">
    <ignored/>
  </testcase> <!-- A2027F_FTFP0_PS1_PMT_ES1_VPSH_VICAE_VIAC -->
  <testcase classname="AutomationCode.Android_TestCases_Flutter" name="A2132F_FTFP0_TUOFF_UON_PS1_GPV1_RV_wo_LP_MP1_ES1_VPSH_VICAE_VIAC" time="0.0">
    <ignored/>
  </testcase> <!-- A2132F_FTFP0_TUOFF_UON_PS1_GPV1_RV_wo_LP_MP1_ES1_VPSH_VICAE_VIAC -->
  <testcase classname="AutomationCode.Android_TestCases_Flutter" name="A2044F_VM_FTFP10_PS1_MP1_BMT_ES1_VPSH_VICAE_VIAC" time="0.0">
    <ignored/>
  </testcase> <!-- A2044F_VM_FTFP10_PS1_MP1_BMT_ES1_VPSH_VICAE_VIAC -->
  <testcase classname="AutomationCode.Android_TestCases_Flutter" name="A2081F_FTFP10_FDON_RTF_MTIV_gt_FTFP_gt_MBF_PS1_MP1_VMT_ES1_VPSH_VICAE_VIAC" time="0.0">
    <ignored/>
  </testcase> <!-- A2081F_FTFP10_FDON_RTF_MTIV_gt_FTFP_gt_MBF_PS1_MP1_VMT_ES1_VPSH_VICAE_VIAC -->
  <testcase classname="AutomationCode.Android_TestCases_Flutter" name="A2055F_FTFP10_PS1_MP1_PRT_CCP1_ES1_VPSH_VICAE_VIAC" time="0.0">
    <ignored/>
  </testcase> <!-- A2055F_FTFP10_PS1_MP1_PRT_CCP1_ES1_VPSH_VICAE_VIAC -->
  <testcase classname="AutomationCode.Android_TestCases_Flutter" name="A2032F_FTFP0_PS1_CP1_PRT_MP1_ES1_VPSH_VICAE_VIAC" time="0.0">
    <ignored/>
  </testcase> <!-- A2032F_FTFP0_PS1_CP1_PRT_MP1_ES1_VPSH_VICAE_VIAC -->
  <testcase classname="AutomationCode.Android_TestCases_Flutter" name="A2057F_VM_FTFP10_MP1_PS1_ES1_VPSH_VICAE_VIAC" time="0.0">
    <ignored/>
  </testcase> <!-- A2057F_VM_FTFP10_MP1_PS1_ES1_VPSH_VICAE_VIAC -->
  <testcase classname="AutomationCode.Android_TestCases_Flutter" name="A2026F_VM_FTFP0_PS1_MP1_BMT_ES1_VPSH_VICAE_VIAC" time="0.0">
    <ignored/>
  </testcase> <!-- A2026F_VM_FTFP0_PS1_MP1_BMT_ES1_VPSH_VICAE_VIAC -->
  <testcase classname="AutomationCode.Android_TestCases_Flutter" name="A2109F_FTFP10_TUON_UON_PS1_GPV1_RV_RES_wo_LP_MP1_ES1_VPSH_VICAE_VIAC" time="0.0">
    <ignored/>
  </testcase> <!-- A2109F_FTFP10_TUON_UON_PS1_GPV1_RV_RES_wo_LP_MP1_ES1_VPSH_VICAE_VIAC -->
  <testcase classname="AutomationCode.Android_TestCases_Flutter" name="A2102F_FTFP0_TUON_UON_PS1_GPV1_MP1_ES1_VPSH_VICAE_VIAC" time="0.0">
    <ignored/>
  </testcase> <!-- A2102F_FTFP0_TUON_UON_PS1_GPV1_MP1_ES1_VPSH_VICAE_VIAC -->
  <testcase classname="AutomationCode.Android_TestCases_Flutter" name="A2001F_ValidateInvalidCredentialMessage_Flutter" time="0.0">
    <ignored/>
  </testcase> <!-- A2001F_ValidateInvalidCredentialMessage_Flutter -->
  <testcase classname="AutomationCode.Android_TestCases_Flutter" name="A2075F_FTFP10_FTR_RFT_gt_MTIV_PS1_MP1_VMT_CP1_VPSH_VICAE_VIAC" time="0.0">
    <ignored/>
  </testcase> <!-- A2075F_FTFP10_FTR_RFT_gt_MTIV_PS1_MP1_VMT_CP1_VPSH_VICAE_VIAC -->
  <testcase classname="AutomationCode.Android_TestCases_Flutter" name="A2104F_FTFP10_TUON_UON_PS1_GPV1_AV_wm_LP_MP1_ES1_VPSH_VICAE_VIAC" time="0.0">
    <ignored/>
  </testcase> <!-- A2104F_FTFP10_TUON_UON_PS1_GPV1_AV_wm_LP_MP1_ES1_VPSH_VICAE_VIAC -->
  <testcase classname="AutomationCode.Android_TestCases_Flutter" name="A2100F_FTFP0_TUON_UON_PS1_GPV1_RV_RES_wom_LP_MP1_ES1_VPSH_VICAE_VIAC" time="0.0">
    <ignored/>
  </testcase> <!-- A2100F_FTFP0_TUON_UON_PS1_GPV1_RV_RES_wom_LP_MP1_ES1_VPSH_VICAE_VIAC -->
  <testcase classname="AutomationCode.Android_TestCases_Flutter" name="A2048F_FTFP10_PS1_CP1_MP1_ES1_VPSH_VICAE_VIAC" time="0.0">
    <ignored/>
  </testcase> <!-- A2048F_FTFP10_PS1_CP1_MP1_ES1_VPSH_VICAE_VIAC -->
  <testcase classname="AutomationCode.Android_TestCases_Flutter" name="A2054F_FTFP10_PS1_MP1_CCP1_ES1_VPSH_VICAE_VIAC" time="0.0">
    <ignored/>
  </testcase> <!-- A2054F_FTFP10_PS1_MP1_CCP1_ES1_VPSH_VICAE_VIAC -->
  <testcase classname="AutomationCode.Android_TestCases_Flutter" name="A2077F_VM_FTFP0_FDON_RTF_MTIV_gt_MBF_PS1_MP1_VMT_ES1_VPSH_VICAE_VIAC" time="0.0">
    <ignored/>
  </testcase> <!-- A2077F_VM_FTFP0_FDON_RTF_MTIV_gt_MBF_PS1_MP1_VMT_ES1_VPSH_VICAE_VIAC -->
  <testcase classname="AutomationCode.Android_TestCases_Flutter" name="A2037F_FTFP0_PS1_MP1_CCP1_ES1_VPSH_VICAE_VIAC" time="0.0">
    <ignored/>
  </testcase> <!-- A2037F_FTFP0_PS1_MP1_CCP1_ES1_VPSH_VICAE_VIAC -->
  <testcase classname="AutomationCode.Android_TestCases_Flutter" name="A2041F_FTFP10_PS1_MP1_ES1_VPSH_VICAE_VIAC" time="0.0">
    <ignored/>
  </testcase> <!-- A2041F_FTFP10_PS1_MP1_ES1_VPSH_VICAE_VIAC -->
  <testcase classname="AutomationCode.Android_TestCases_Flutter" name="A2009F_RegisterUser_LastNameCannotBeBlank_Flutter" time="0.0">
    <ignored/>
  </testcase> <!-- A2009F_RegisterUser_LastNameCannotBeBlank_Flutter -->
  <testcase classname="AutomationCode.Android_TestCases_Flutter" name="A2113F_FTFP0_TUON_UON_GPV1_MP1_LMV1_MP1_VMPSIV_ES1_VPSH_VICAE_VIAC" time="0.0">
    <ignored/>
  </testcase> <!-- A2113F_FTFP0_TUON_UON_GPV1_MP1_LMV1_MP1_VMPSIV_ES1_VPSH_VICAE_VIAC -->
  <testcase classname="AutomationCode.Android_TestCases_Flutter" name="A2045F_A_FTFP10_PS1_MP1_PMT_LPRM_e_MTIV_ES1_VPSH_VICAE_VIAC" time="0.0">
    <ignored/>
  </testcase> <!-- A2045F_A_FTFP10_PS1_MP1_PMT_LPRM_e_MTIV_ES1_VPSH_VICAE_VIAC -->
  <testcase classname="AutomationCode.Android_TestCases_Flutter" name="A2004F_RegisterUser_EmailIsInvalid_Flutter" time="0.0">
    <ignored/>
  </testcase> <!-- A2004F_RegisterUser_EmailIsInvalid_Flutter -->
  <testcase classname="AutomationCode.Android_TestCases_Flutter" name="A2116F_ForgotPassword_EnterTheUserEmailIdToResetPassword" time="0.0">
    <ignored/>
  </testcase> <!-- A2116F_ForgotPassword_EnterTheUserEmailIdToResetPassword -->
  <testcase classname="AutomationCode.Android_TestCases_Flutter" name="A2139F_FTFP10_TUOFF_UON_PS1_GPV1_MP1_ES1_VPSH_VICAE_VIAC" time="0.0">
    <ignored/>
  </testcase> <!-- A2139F_FTFP10_TUOFF_UON_PS1_GPV1_MP1_ES1_VPSH_VICAE_VIAC -->
  <testcase classname="AutomationCode.Android_TestCases_Flutter" name="A2111F_FTFP10_TUON_UON_PS1_GPV1_RV_RES_wom_LP_MP1_ES1_VPSH_VICAE_VIAC" time="0.0">
    <ignored/>
  </testcase> <!-- A2111F_FTFP10_TUON_UON_PS1_GPV1_RV_RES_wom_LP_MP1_ES1_VPSH_VICAE_VIAC -->
  <testcase classname="AutomationCode.Android_TestCases_Flutter" name="A2067F_B_FTFP0_FTR_RFT_gt_MTIV_PS1_PRT_VMT_VPSH_VICAE_VIAC" time="0.0">
    <ignored/>
  </testcase> <!-- A2067F_B_FTFP0_FTR_RFT_gt_MTIV_PS1_PRT_VMT_VPSH_VICAE_VIAC -->
  <testcase classname="AutomationCode.Android_TestCases_Flutter" name="A4002F_PaymentTest_GooglePay" time="0.0">
    <ignored/>
  </testcase> <!-- A4002F_PaymentTest_GooglePay -->
  <testcase classname="AutomationCode.Android_TestCases_Flutter" name="A2052F_FTFP10_PS1_CCP1_MP1_ES1_VPSH_VICAE_VIAC" time="0.0">
    <ignored/>
  </testcase> <!-- A2052F_FTFP10_PS1_CCP1_MP1_ES1_VPSH_VICAE_VIAC -->
  <testcase classname="AutomationCode.Android_TestCases_Flutter" name="A2025F_FTFP0_PS1_MP1_BMT_ES1_VPSH_VICAE_VIAC" time="0.0">
    <ignored/>
  </testcase> <!-- A2025F_FTFP0_PS1_MP1_BMT_ES1_VPSH_VICAE_VIAC -->
  <testcase classname="AutomationCode.Android_TestCases_Flutter" name="A2200F_RSVN_PSWVLP_VMT_ES1_VPSH" time="0.0">
    <ignored/>
  </testcase> <!-- A2200F_RSVN_PSWVLP_VMT_ES1_VPSH -->
  <testcase classname="AutomationCode.Android_TestCases_Flutter" name="A2086F_FTFP10_FDOFF_RTF_MTIV_gt_MBF_gt_FTFP_PS1_MP1_VMT_ES1_VPSH_VICAE_VIAC" time="0.0">
    <ignored/>
  </testcase> <!-- A2086F_FTFP10_FDOFF_RTF_MTIV_gt_MBF_gt_FTFP_PS1_MP1_VMT_ES1_VPSH_VICAE_VIAC -->
  <testcase classname="AutomationCode.Android_TestCases_Flutter" name="A2002F_RegisterUser_PasswordShouldHaveAtleastOneDigitOrSpecialCharacter_Flutter" time="0.0">
    <ignored/>
  </testcase> <!-- A2002F_RegisterUser_PasswordShouldHaveAtleastOneDigitOrSpecialCharacter_Flutter -->
  <testcase classname="AutomationCode.Android_TestCases_Flutter" name="A2148F_FTFP10_TUOFF_UON_PS1_GPV1_RV_RES_wom_LP_MP1_ES1_VPSH_VICAE_VIAC" time="0.0">
    <ignored/>
  </testcase> <!-- A2148F_FTFP10_TUOFF_UON_PS1_GPV1_RV_RES_wom_LP_MP1_ES1_VPSH_VICAE_VIAC -->
  <testcase classname="AutomationCode.Android_TestCases_Flutter" name="A4006_PaymentTest_Venmo" time="0.0">
    <ignored/>
  </testcase> <!-- A4006_PaymentTest_Venmo -->
  <testcase classname="AutomationCode.Android_TestCases_Flutter" name="A2056F_FTFP10_MP1_PS1_ES1_VPSH_VICAE_VIAC" time="0.0">
    <ignored/>
  </testcase> <!-- A2056F_FTFP10_MP1_PS1_ES1_VPSH_VICAE_VIAC -->
  <testcase classname="AutomationCode.Android_TestCases_Flutter" name="A2071F_FTFP10_FTR_MTIV_gt_RFT_PS1_MP1_VMT_ES1_VPSH_VICAE_VIAC" time="0.0">
    <ignored/>
  </testcase> <!-- A2071F_FTFP10_FTR_MTIV_gt_RFT_PS1_MP1_VMT_ES1_VPSH_VICAE_VIAC -->
  <testcase classname="AutomationCode.Android_TestCases_Flutter" name="A2137F_FTFP0_TUOFF_UON_PS1_GPV1_RV_RES_wom_LP_MP1_ES1_VPSH_VICAE_VIAC" time="0.0">
    <ignored/>
  </testcase> <!-- A2137F_FTFP0_TUOFF_UON_PS1_GPV1_RV_RES_wom_LP_MP1_ES1_VPSH_VICAE_VIAC -->
  <testcase classname="AutomationCode.Android_TestCases_Flutter" name="A2140F_FTFP10_TUOFF_UON_PS1_GPV1_AV_wm_LP_MP1_ES1_VPSH_VICAE_VIAC" time="0.0">
    <ignored/>
  </testcase> <!-- A2140F_FTFP10_TUOFF_UON_PS1_GPV1_AV_wm_LP_MP1_ES1_VPSH_VICAE_VIAC -->
  <testcase classname="AutomationCode.Android_TestCases_Flutter" name="A2096F_FTFP0_TUON_UON_PS1_GPV1_RV_wm_LP_MP1_ES1_VPSH_VICAE_VIAC" time="0.0">
    <ignored/>
  </testcase> <!-- A2096F_FTFP0_TUON_UON_PS1_GPV1_RV_wm_LP_MP1_ES1_VPSH_VICAE_VIAC -->
  <testcase classname="AutomationCode.Android_TestCases_Flutter" name="A5001_ValidateUserAgreement" time="0.0">
    <ignored/>
  </testcase> <!-- A5001_ValidateUserAgreement -->
  <testcase classname="AutomationCode.Android_TestCases_Flutter" name="A2133F_FTFP0_TUOFF_UON_PS1_GPV1_RV_wm_LP_MP1_ES1_VPSH_VICAE_VIAC" time="0.0">
    <ignored/>
  </testcase> <!-- A2133F_FTFP0_TUOFF_UON_PS1_GPV1_RV_wm_LP_MP1_ES1_VPSH_VICAE_VIAC -->
  <testcase classname="AutomationCode.Android_TestCases_Flutter" name="A2024F_VM_FTFP0_PS1_MP1_VPSVD_ES1_VPSH_VICAE_VIAC" time="0.0">
    <ignored/>
  </testcase> <!-- A2024F_VM_FTFP0_PS1_MP1_VPSVD_ES1_VPSH_VICAE_VIAC -->
  <testcase classname="AutomationCode.Android_TestCases_Flutter" name="A2072F_VM_FTFP10_FTR_MTIV_gt_RFT_PS1_MP1_VMT_ES1_VPSH_VICAE_VIAC" time="0.0">
    <ignored/>
  </testcase> <!-- A2072F_VM_FTFP10_FTR_MTIV_gt_RFT_PS1_MP1_VMT_ES1_VPSH_VICAE_VIAC -->
  <testcase classname="AutomationCode.Android_TestCases_Flutter" name="A2130F_FTFP0_TUOFF_UON_PS1_GPV1_AV_wm_LP_CSMLP_MP1_ES1_VPSH_VICAE_VIAC" time="0.0">
    <ignored/>
  </testcase> <!-- A2130F_FTFP0_TUOFF_UON_PS1_GPV1_AV_wm_LP_CSMLP_MP1_ES1_VPSH_VICAE_VIAC -->
  <testcase classname="AutomationCode.Android_TestCases_Flutter" name="A2023F_FTFP0_PS1_MP1_VPSVD_ES1_VPSH_VICAE_VIAC" time="0.0">
    <ignored/>
  </testcase> <!-- A2023F_FTFP0_PS1_MP1_VPSVD_ES1_VPSH_VICAE_VIAC -->
  <testcase classname="AutomationCode.Android_TestCases_Flutter" name="A2064F_VM_FTFP0_FTR_MTIV_gt_RFT_PS1_MP1_VMT_VPSH_VICAE_VIAC" time="0.0">
    <ignored/>
  </testcase> <!-- A2064F_VM_FTFP0_FTR_MTIV_gt_RFT_PS1_MP1_VMT_VPSH_VICAE_VIAC -->
  <testcase classname="AutomationCode.Android_TestCases_Flutter" name="A2159F_SENTRYMOBILE_PS1_EC1_NSAC_NSTU" time="0.0">
    <ignored/>
  </testcase> <!-- A2159F_SENTRYMOBILE_PS1_EC1_NSAC_NSTU -->
  <testcase classname="AutomationCode.Android_TestCases_Flutter" name="A2134F_FTFP0_TUOFF_UON_PS1_GPV1_RV_wom_LP_MP1_ES1_VPSH_VICAE_VIAC" time="0.0">
    <ignored/>
  </testcase> <!-- A2134F_FTFP0_TUOFF_UON_PS1_GPV1_RV_wom_LP_MP1_ES1_VPSH_VICAE_VIAC -->
  <testcase classname="AutomationCode.Android_TestCases_Flutter" name="A2093F_FTFP0_TUON_UON_PS1_GPV1_AV_wm_LP_CSMLP_MP1_ES1_VPSH_VICAE_VIAC" time="0.0">
    <ignored/>
  </testcase> <!-- A2093F_FTFP0_TUON_UON_PS1_GPV1_AV_wm_LP_CSMLP_MP1_ES1_VPSH_VICAE_VIAC -->
  <testcase classname="AutomationCode.Android_TestCases_Flutter" name="A2101F_FTFP0_TUON_UON_PS1_GPV1_RV_RES_IP_wo_LP_MP1_ES1_VPSH_VICAE_VIAC" time="0.0">
    <ignored/>
  </testcase> <!-- A2101F_FTFP0_TUON_UON_PS1_GPV1_RV_RES_IP_wo_LP_MP1_ES1_VPSH_VICAE_VIAC -->
  <testcase classname="AutomationCode.Android_TestCases_Flutter" name="A2302F_A_CS_TU_PS1_GPV1_ALPTPS_VMT_VPSH" time="0.0">
    <ignored/>
  </testcase> <!-- A2302F_A_CS_TU_PS1_GPV1_ALPTPS_VMT_VPSH -->
  <testcase classname="AutomationCode.Android_TestCases_Flutter" name="A2149F_FTFP10_TUOFF_UON_PS1_GPV1_RV_RES_IP_wo_LP_MP1_ES1_VPSH_VICAE_VIAC" time="0.0">
    <ignored/>
  </testcase> <!-- A2149F_FTFP10_TUOFF_UON_PS1_GPV1_RV_RES_IP_wo_LP_MP1_ES1_VPSH_VICAE_VIAC -->
  <testcase classname="AutomationCode.Android_TestCases_Flutter" name="A2115F_FTFP0_TUON_UOff_PS1_GPV1_UTE_MP1_VMPSIV_VML_EBS_VPSH_VICAE_VIAC" time="0.0">
    <ignored/>
  </testcase> <!-- A2115F_FTFP0_TUON_UOff_PS1_GPV1_UTE_MP1_VMPSIV_VML_EBS_VPSH_VICAE_VIAC -->
  <testcase classname="AutomationCode.Android_TestCases_Flutter" name="A2303F_CS_PS1_GPV1_WFFACTNVT_ALPTPS_VMT_VPSH" time="0.0">
    <ignored/>
  </testcase> <!-- A2303F_CS_PS1_GPV1_WFFACTNVT_ALPTPS_VMT_VPSH -->
  <testcase classname="AutomationCode.Android_TestCases_Flutter" name="A2161_MMUPAS_VMMUP" time="0.0">
    <ignored/>
  </testcase> <!-- A2161_MMUPAS_VMMUP -->
  <testcase classname="AutomationCode.Android_TestCases_Flutter" name="A2034F_FTFP0_PS1_MP1_PRT_CP1_ES1_VPSH_VICAE_VIAC" time="0.0">
    <ignored/>
  </testcase> <!-- A2034F_FTFP0_PS1_MP1_PRT_CP1_ES1_VPSH_VICAE_VIAC -->
  <testcase classname="AutomationCode.Android_TestCases_Flutter" name="A2068F_FTFP0_FTR_RFT_gt_MTIV_PS1_MP1_VMT_CP1_VPSH_VICAE_VIAC" time="0.0">
    <ignored/>
  </testcase> <!-- A2068F_FTFP0_FTR_RFT_gt_MTIV_PS1_MP1_VMT_CP1_VPSH_VICAE_VIAC -->
  <testcase classname="AutomationCode.Android_TestCases_Flutter" name="A2088F_FTFP0_FDOFF_RTF_PS1_MP1_PMT_VMT_ES1_VPSH_VICAE_VIAC" time="0.0">
    <ignored/>
  </testcase> <!-- A2088F_FTFP0_FDOFF_RTF_PS1_MP1_PMT_VMT_ES1_VPSH_VICAE_VIAC -->
  <testcase classname="AutomationCode.Android_TestCases_Flutter" name="A2151F_FTEP0_TUOFF_UOFF_PS1_GPV1_MP1_VMPSIV_VML_EBS_VPSH_VICAE_VIAC" time="0.0">
    <ignored/>
  </testcase> <!-- A2151F_FTEP0_TUOFF_UOFF_PS1_GPV1_MP1_VMPSIV_VML_EBS_VPSH_VICAE_VIAC -->
  <testcase classname="AutomationCode.Android_TestCases_Flutter" name="A2161F_SENTRYMOBILE_PS1_EC1_NSAU_NSTC" time="0.0">
    <ignored/>
  </testcase> <!-- A2161F_SENTRYMOBILE_PS1_EC1_NSAU_NSTC -->
  <testcase classname="AutomationCode.Android_TestCases_Flutter" name="A2059F_GPSOFF_RegisterUser_EnableGPSDialogNo" time="0.0">
    <ignored/>
  </testcase> <!-- A2059F_GPSOFF_RegisterUser_EnableGPSDialogNo -->
  <testcase classname="AutomationCode.Android_TestCases_Flutter" name="A2145F_FTFP10_TUOFF_UON_PS1_GPV1_RV_wom_LP_MP1_ES1_VPSH_VICAE_VIAC" time="0.0">
    <ignored/>
  </testcase> <!-- A2145F_FTFP10_TUOFF_UON_PS1_GPV1_RV_wom_LP_MP1_ES1_VPSH_VICAE_VIAC -->
  <testcase classname="AutomationCode.Android_TestCases_Flutter" name="A2121F_ForgotPassword_SentResetInstructions_LoginWithCurrentPassword" time="0.0">
    <ignored/>
  </testcase> <!-- A2121F_ForgotPassword_SentResetInstructions_LoginWithCurrentPassword -->
  <testcase classname="AutomationCode.Android_TestCases_Flutter" name="A2144F_FTFP10_TUOFF_UON_PS1_GPV1_RV_wm_LP_MP1_ES1_VPSH_VICAE_VIAC" time="0.0">
    <ignored/>
  </testcase> <!-- A2144F_FTFP10_TUOFF_UON_PS1_GPV1_RV_wm_LP_MP1_ES1_VPSH_VICAE_VIAC -->
  <testcase classname="AutomationCode.Android_TestCases_Flutter" name="A2085F_FTFP10_FDON_RTF_MBF_gt_FTFP_gt_MTIV_PS1_MP1_VMT_ES1_VPSH_VICAE_VIAC" time="0.0">
    <ignored/>
  </testcase> <!-- A2085F_FTFP10_FDON_RTF_MBF_gt_FTFP_gt_MTIV_PS1_MP1_VMT_ES1_VPSH_VICAE_VIAC -->
  <testcase classname="AutomationCode.Android_TestCases_Flutter" name="A2007F_RegisterUser_PasswordShouldBeAtleast7Characters_Flutter" time="0.0">
    <ignored/>
  </testcase> <!-- A2007F_RegisterUser_PasswordShouldBeAtleast7Characters_Flutter -->
  <testcase classname="AutomationCode.Android_TestCases_Flutter" name="A2061F_MUON_CGPV1_MP1_VMT_ES1_VPSH_VICAE_VIAC" time="0.0">
    <ignored/>
  </testcase> <!-- A2061F_MUON_CGPV1_MP1_VMT_ES1_VPSH_VICAE_VIAC -->
  <testcase classname="AutomationCode.Android_TestCases_Flutter" name="A2058F_GPSOFF_PS1_MP1_ES1_VPSH_VICAE_VIAC" time="0.0">
    <ignored/>
  </testcase> <!-- A2058F_GPSOFF_PS1_MP1_ES1_VPSH_VICAE_VIAC -->
  <testcase classname="AutomationCode.Android_TestCases_Flutter" name="A2127F_FTFP0_TUOFF_UON_PS1_GPV1_MP1_ES1_VPSH_VICAE_VIAC" time="0.0">
    <ignored/>
  </testcase> <!-- A2127F_FTFP0_TUOFF_UON_PS1_GPV1_MP1_ES1_VPSH_VICAE_VIAC -->
  <testcase classname="AutomationCode.Android_TestCases_Flutter" name="A2138F_FTFP0_TUOFF_UON_PS1_GPV1_RV_RES_IP_wo_LP_MP1_ES1_VPSH_VICAE_VIAC" time="0.0">
    <ignored/>
  </testcase> <!-- A2138F_FTFP0_TUOFF_UON_PS1_GPV1_RV_RES_IP_wo_LP_MP1_ES1_VPSH_VICAE_VIAC -->
  <testcase classname="AutomationCode.Android_TestCases_Flutter" name="A2142F_FTFP10_TUOFF_UON_PS1_GPV1_AV_wom_LP_MP1_ES1_VPSH_VICAE_VIAC" time="0.0">
    <ignored/>
  </testcase> <!-- A2142F_FTFP10_TUOFF_UON_PS1_GPV1_AV_wom_LP_MP1_ES1_VPSH_VICAE_VIAC -->
  <testcase classname="AutomationCode.Android_TestCases_Flutter" name="A2030F_VM_FTFP0_PS1_MP1_PMT_MTIV_gt_LPRM_ES1_VPSH_VICAE_VIAC" time="0.0">
    <ignored/>
  </testcase> <!-- A2030F_VM_FTFP0_PS1_MP1_PMT_MTIV_gt_LPRM_ES1_VPSH_VICAE_VIAC -->
  <testcase classname="AutomationCode.Android_TestCases_Flutter" name="A4007_PaymentTest_Venmo_MaxTime" time="0.0">
    <ignored/>
  </testcase> <!-- A4007_PaymentTest_Venmo_MaxTime -->
  <testcase classname="AutomationCode.Android_TestCases_Flutter" name="A2105F_FTFP10_TUON_UON_PS1_GPV1_AV_wom_LP_MP1_ES1_VPSH_VICAE_VIAC" time="0.0">
    <ignored/>
  </testcase> <!-- A2105F_FTFP10_TUON_UON_PS1_GPV1_AV_wom_LP_MP1_ES1_VPSH_VICAE_VIAC -->
  <testcase classname="AutomationCode.Android_TestCases_Flutter" name="A2157F_PBP_FTFP0_PS1_MP1_ES1_VPSH_VICAE_VIAC" time="0.0">
    <ignored/>
  </testcase> <!-- A2157F_PBP_FTFP0_PS1_MP1_ES1_VPSH_VICAE_VIAC -->
  <testcase classname="AutomationCode.Android_TestCases_Flutter" name="A2123F_ForgotPassword_ResendResetInstructionsTwice_UseSecondToken" time="0.0">
    <ignored/>
  </testcase> <!-- A2123F_ForgotPassword_ResendResetInstructionsTwice_UseSecondToken -->
</testsuite> <!-- ANDROID_TestCases -->
