<?xml version="1.0" encoding="UTF-8"?>
<!-- Generated by org.testng.reporters.JUnitXMLReporter -->
<testsuite hostname="MacBook-Pro-2.local" ignored="171" name="Android_Lot_TestCases" tests="1" failures="0" timestamp="15 Feb 2023 17:15:02 GMT" time="73.715" errors="0">
  <testcase name="A2001_ValidateInvalidCredentialMessage" time="67.965" classname="AutomationCode.Android_TestCases"/>
  <testcase name="A2143_FTFP10_TUOFF_UON_PS1_GPV1_RV_wo_LP_MP1_ES1_VPSH_VICAE_VIAC" time="0.0" classname="AutomationCode.Android_TestCases">
    <ignored/>
  </testcase> <!-- A2143_FTFP10_TUOFF_UON_PS1_GPV1_RV_wo_LP_MP1_ES1_VPSH_VICAE_VIAC -->
  <testcase name="A2019_FTFP0_PS1_CMM_MP1_ES1_VPSH_VICAE_VIAC" time="0.0" classname="AutomationCode.Android_TestCases">
    <ignored/>
  </testcase> <!-- A2019_FTFP0_PS1_CMM_MP1_ES1_VPSH_VICAE_VIAC -->
  <testcase name="A2106_FTFP10_TUON_UON_PS1_GPV1_RV_wo_LP_MP1_ES1_VPSH_VICAE_VIAC" time="0.0" classname="AutomationCode.Android_TestCases">
    <ignored/>
  </testcase> <!-- A2106_FTFP10_TUON_UON_PS1_GPV1_RV_wo_LP_MP1_ES1_VPSH_VICAE_VIAC -->
  <testcase name="A2028_VM_FTFP0_PS1_MP1_PMT_LPRM_e_MTIV_ES1_VPSH_VICAE_VIAC" time="0.0" classname="AutomationCode.Android_TestCases">
    <ignored/>
  </testcase> <!-- A2028_VM_FTFP0_PS1_MP1_PMT_LPRM_e_MTIV_ES1_VPSH_VICAE_VIAC -->
  <testcase name="A2080_FTFP10_FDON_RTF_MTIV_gt_MBF_gt_FTFP_PS1_MP1_VMT_ES1_VPSH_VICAE_VIAC" time="0.0" classname="AutomationCode.Android_TestCases">
    <ignored/>
  </testcase> <!-- A2080_FTFP10_FDON_RTF_MTIV_gt_MBF_gt_FTFP_PS1_MP1_VMT_ES1_VPSH_VICAE_VIAC -->
  <testcase name="A2051_FTFP10_PS1_MP1_PRT_CP1_ES1_VPSH_VICAE_VIAC" time="0.0" classname="AutomationCode.Android_TestCases">
    <ignored/>
  </testcase> <!-- A2051_FTFP10_PS1_MP1_PRT_CP1_ES1_VPSH_VICAE_VIAC -->
  <testcase name="A2035_A_FTFP0_PS1_CCP1_RM_MP1_ES1_VPSH_VICAE_VIAC" time="0.0" classname="AutomationCode.Android_TestCases">
    <ignored/>
  </testcase> <!-- A2035_A_FTFP0_PS1_CCP1_RM_MP1_ES1_VPSH_VICAE_VIAC -->
  <testcase name="A2045_A_FTFP10_PS1_MP1_PMT_LPRM_e_MTIV_ES1_VPSH_VICAE_VIAC" time="0.0" classname="AutomationCode.Android_TestCases">
    <ignored/>
  </testcase> <!-- A2045_A_FTFP10_PS1_MP1_PMT_LPRM_e_MTIV_ES1_VPSH_VICAE_VIAC -->
  <testcase name="A2083_FTFP10_FDON_RTF_FTFP_gt_MBF_gt_MTIV_PS1_MP1_VMT_ES1_VPSH_VICAE_VIAC" time="0.0" classname="AutomationCode.Android_TestCases">
    <ignored/>
  </testcase> <!-- A2083_FTFP10_FDON_RTF_FTFP_gt_MBF_gt_MTIV_PS1_MP1_VMT_ES1_VPSH_VICAE_VIAC -->
  <testcase name="A2046_FTFP10_PS1_MP1_PMT_MTIV_gt_LPRM_ES1_VPSH_VICAE_VIAC" time="0.0" classname="AutomationCode.Android_TestCases">
    <ignored/>
  </testcase> <!-- A2046_FTFP10_PS1_MP1_PMT_MTIV_gt_LPRM_ES1_VPSH_VICAE_VIAC -->
  <testcase name="A2089_FTFP10_FDOFF_RTF_FTFP_gt_MTIV_gt_MBF_PS1_MP1_VMT_ES1_VPSH_VICAE_VIAC" time="0.0" classname="AutomationCode.Android_TestCases">
    <ignored/>
  </testcase> <!-- A2089_FTFP10_FDOFF_RTF_FTFP_gt_MTIV_gt_MBF_PS1_MP1_VMT_ES1_VPSH_VICAE_VIAC -->
  <testcase name="A2303_CS_PS1_GPV1_WFFACTNVT_ALPTPS_VMT_VPSH" time="0.0" classname="AutomationCode.Android_TestCases">
    <ignored/>
  </testcase> <!-- A2303_CS_PS1_GPV1_WFFACTNVT_ALPTPS_VMT_VPSH -->
  <testcase name="A2099_FTFP0_TUON_UON_PS1_GPV1_RV_RES_wm_LP_MP1_ES1_VPSH_VICAE_VIAC" time="0.0" classname="AutomationCode.Android_TestCases">
    <ignored/>
  </testcase> <!-- A2099_FTFP0_TUON_UON_PS1_GPV1_RV_RES_wm_LP_MP1_ES1_VPSH_VICAE_VIAC -->
  <testcase name="A2152_ValidateInvalidCreditCardDate" time="0.0" classname="AutomationCode.Android_TestCases">
    <ignored/>
  </testcase> <!-- A2152_ValidateInvalidCreditCardDate -->
  <testcase name="A2034_FTFP0_PS1_MP1_PRT_CP1_ES1_VPSH_VICAE_VIAC" time="0.0" classname="AutomationCode.Android_TestCases">
    <ignored/>
  </testcase> <!-- A2034_FTFP0_PS1_MP1_PRT_CP1_ES1_VPSH_VICAE_VIAC -->
  <testcase name="A2024_VM_FTFP0_PS1_MP1_VPSVD_ES1_VPSH_VICAE_VIAC" time="0.0" classname="AutomationCode.Android_TestCases">
    <ignored/>
  </testcase> <!-- A2024_VM_FTFP0_PS1_MP1_VPSVD_ES1_VPSH_VICAE_VIAC -->
  <testcase name="A2005_RegisterUser_EmailIdsDoNotMatch" time="0.0" classname="AutomationCode.Android_TestCases">
    <ignored/>
  </testcase> <!-- A2005_RegisterUser_EmailIdsDoNotMatch -->
  <testcase name="A2030_VM_FTFP0_PS1_MP1_PMT_MTIV_gt_LPRM_ES1_VPSH_VICAE_VIAC" time="0.0" classname="AutomationCode.Android_TestCases">
    <ignored/>
  </testcase> <!-- A2030_VM_FTFP0_PS1_MP1_PMT_MTIV_gt_LPRM_ES1_VPSH_VICAE_VIAC -->
  <testcase name="A2074_VM_FTFP10_FTR_RFT_gt_MTIV_PS1_MP1_BMT_VPSH_VICAE_VIAC" time="0.0" classname="AutomationCode.Android_TestCases">
    <ignored/>
  </testcase> <!-- A2074_VM_FTFP10_FTR_RFT_gt_MTIV_PS1_MP1_BMT_VPSH_VICAE_VIAC -->
  <testcase name="A2092_FTFP0_TUON_UON_PS1_GPV1_AV_wm_LP_MP1_ES1_VPSH_VICAE_VIAC" time="0.0" classname="AutomationCode.Android_TestCases">
    <ignored/>
  </testcase> <!-- A2092_FTFP0_TUON_UON_PS1_GPV1_AV_wm_LP_MP1_ES1_VPSH_VICAE_VIAC -->
  <testcase name="A2110_FTFP10_TUON_UON_PS1_GPV1_RV_RES_wm_LP_MP1_ES1_VPSH_VICAE_VIAC" time="0.0" classname="AutomationCode.Android_TestCases">
    <ignored/>
  </testcase> <!-- A2110_FTFP10_TUON_UON_PS1_GPV1_RV_RES_wm_LP_MP1_ES1_VPSH_VICAE_VIAC -->
  <testcase name="A2035_FTFP0_PS1_CCP1_MP1_ES1_VPSH_VICAE_VIAC" time="0.0" classname="AutomationCode.Android_TestCases">
    <ignored/>
  </testcase> <!-- A2035_FTFP0_PS1_CCP1_MP1_ES1_VPSH_VICAE_VIAC -->
  <testcase name="A2087_FTFP10_FDOFF_RTF_MTIV_gt_FTFP_gt_MBF_PS1_MP1_VMT_ES1_VPSH_VICAE_VIAC" time="0.0" classname="AutomationCode.Android_TestCases">
    <ignored/>
  </testcase> <!-- A2087_FTFP10_FDOFF_RTF_MTIV_gt_FTFP_gt_MBF_PS1_MP1_VMT_ES1_VPSH_VICAE_VIAC -->
  <testcase name="A2121_ForgotPassword_SentResetInstructions_LoginWithCurrentPassword" time="0.0" classname="AutomationCode.Android_TestCases">
    <ignored/>
  </testcase> <!-- A2121_ForgotPassword_SentResetInstructions_LoginWithCurrentPassword -->
  <testcase name="A2003_RegisterUser_EmailHasAlreadyBeenTaken" time="0.0" classname="AutomationCode.Android_TestCases">
    <ignored/>
  </testcase> <!-- A2003_RegisterUser_EmailHasAlreadyBeenTaken -->
  <testcase name="A2069_FTFP10_FTR_RFT_gt_MTIV_PS1_MP1_VMT_VPSH_VICAE_VIAC" time="0.0" classname="AutomationCode.Android_TestCases">
    <ignored/>
  </testcase> <!-- A2069_FTFP10_FTR_RFT_gt_MTIV_PS1_MP1_VMT_VPSH_VICAE_VIAC -->
  <testcase name="A2057_VM_FTFP10_MP1_PS1_ES1_VPSH_VICAE_VIAC" time="0.0" classname="AutomationCode.Android_TestCases">
    <ignored/>
  </testcase> <!-- A2057_VM_FTFP10_MP1_PS1_ES1_VPSH_VICAE_VIAC -->
  <testcase name="A2060_GPSOFF_RegisterUser_EnableGPSDialogYes" time="0.0" classname="AutomationCode.Android_TestCases">
    <ignored/>
  </testcase> <!-- A2060_GPSOFF_RegisterUser_EnableGPSDialogYes -->
  <testcase name="A2095_FTFP0_TUON_UON_PS1_GPV1_RV_wo_LP_MP1_ES1_VPSH_VICAE_VIAC" time="0.0" classname="AutomationCode.Android_TestCases">
    <ignored/>
  </testcase> <!-- A2095_FTFP0_TUON_UON_PS1_GPV1_RV_wo_LP_MP1_ES1_VPSH_VICAE_VIAC -->
  <testcase name="A2109_FTFP10_TUON_UON_PS1_GPV1_RV_RES_wo_LP_MP1_ES1_VPSH_VICAE_VIAC" time="0.0" classname="AutomationCode.Android_TestCases">
    <ignored/>
  </testcase> <!-- A2109_FTFP10_TUON_UON_PS1_GPV1_RV_RES_wo_LP_MP1_ES1_VPSH_VICAE_VIAC -->
  <testcase name="A2070_VM_FTFP10_FTR_RFT_gt_MTIV_PS1_MP1_VMT_VPSH_VICAE_VIAC" time="0.0" classname="AutomationCode.Android_TestCases">
    <ignored/>
  </testcase> <!-- A2070_VM_FTFP10_FTR_RFT_gt_MTIV_PS1_MP1_VMT_VPSH_VICAE_VIAC -->
  <testcase name="A2037_FTFP0_PS1_MP1_CCP1_ES1_VPSH_VICAE_VIAC" time="0.0" classname="AutomationCode.Android_TestCases">
    <ignored/>
  </testcase> <!-- A2037_FTFP0_PS1_MP1_CCP1_ES1_VPSH_VICAE_VIAC -->
  <testcase name="A2010_RegisterUser_RememberMeOff_EmailIdWithCaps_LoginWithCaps" time="0.0" classname="AutomationCode.Android_TestCases">
    <ignored/>
  </testcase> <!-- A2010_RegisterUser_RememberMeOff_EmailIdWithCaps_LoginWithCaps -->
  <testcase name="A2011_RegisterUser_RememberMeOff_EmailIdWithCaps_LoginWithoutCaps" time="0.0" classname="AutomationCode.Android_TestCases">
    <ignored/>
  </testcase> <!-- A2011_RegisterUser_RememberMeOff_EmailIdWithCaps_LoginWithoutCaps -->
  <testcase name="A2025_FTFP0_PS1_MP1_BMT_ES1_VPSH_VICAE_VIAC" time="0.0" classname="AutomationCode.Android_TestCases">
    <ignored/>
  </testcase> <!-- A2025_FTFP0_PS1_MP1_BMT_ES1_VPSH_VICAE_VIAC -->
  <testcase name="A2119_ForgotPassword_InvalidToken" time="0.0" classname="AutomationCode.Android_TestCases">
    <ignored/>
  </testcase> <!-- A2119_ForgotPassword_InvalidToken -->
  <testcase name="A2122_ForgotPassword_ResendResetInstructionsTwice_UseFirstToken" time="0.0" classname="AutomationCode.Android_TestCases">
    <ignored/>
  </testcase> <!-- A2122_ForgotPassword_ResendResetInstructionsTwice_UseFirstToken -->
  <testcase name="A2042_VM_FTFP10_PS1_MP1_ES1_VPSH_VICAE_VIAC" time="0.0" classname="AutomationCode.Android_TestCases">
    <ignored/>
  </testcase> <!-- A2042_VM_FTFP10_PS1_MP1_ES1_VPSH_VICAE_VIAC -->
  <testcase name="A2008_RegisterUser_FirstNameCannotBeBlank" time="0.0" classname="AutomationCode.Android_TestCases">
    <ignored/>
  </testcase> <!-- A2008_RegisterUser_FirstNameCannotBeBlank -->
  <testcase name="A2029_FTFP0_PS1_MP1_PMT_MTIV_gt_LPRM_ES1_VPSH_VICAE_VIAC" time="0.0" classname="AutomationCode.Android_TestCases">
    <ignored/>
  </testcase> <!-- A2029_FTFP0_PS1_MP1_PMT_MTIV_gt_LPRM_ES1_VPSH_VICAE_VIAC -->
  <testcase name="A2098_AMMOEE_FTFP0_TUON_UON_PS1_GPV1_RV_RES_wo_LP_MP1_ES1_VPSH_VICAE_VIAC" time="0.0" classname="AutomationCode.Android_TestCases">
    <ignored/>
  </testcase> <!-- A2098_AMMOEE_FTFP0_TUON_UON_PS1_GPV1_RV_RES_wo_LP_MP1_ES1_VPSH_VICAE_VIAC -->
  <testcase name="A2068_FTFP0_FTR_RFT_gt_MTIV_PS1_MP1_VMT_CP1_VPSH_VICAE_VIAC" time="0.0" classname="AutomationCode.Android_TestCases">
    <ignored/>
  </testcase> <!-- A2068_FTFP0_FTR_RFT_gt_MTIV_PS1_MP1_VMT_CP1_VPSH_VICAE_VIAC -->
  <testcase name="A2016_CreateAndDeleteUser_AttemptMobileRegisterWithDeletedUser" time="0.0" classname="AutomationCode.Android_TestCases">
    <ignored/>
  </testcase> <!-- A2016_CreateAndDeleteUser_AttemptMobileRegisterWithDeletedUser -->
  <testcase name="A2094_FTFP0_TUON_UON_PS1_GPV1_AV_wom_LP_MP1_ES1_VPSH_VICAE_VIAC" time="0.0" classname="AutomationCode.Android_TestCases">
    <ignored/>
  </testcase> <!-- A2094_FTFP0_TUON_UON_PS1_GPV1_AV_wom_LP_MP1_ES1_VPSH_VICAE_VIAC -->
  <testcase name="A2090_FTFP10_TUON_UON_PS1_GPV1_MP1_ES1_VPSH_VICAE_VIAC" time="0.0" classname="AutomationCode.Android_TestCases">
    <ignored/>
  </testcase> <!-- A2090_FTFP10_TUON_UON_PS1_GPV1_MP1_ES1_VPSH_VICAE_VIAC -->
  <testcase name="A2018_ReimburseParker_ValidateMobileAccountBalance" time="0.0" classname="AutomationCode.Android_TestCases">
    <ignored/>
  </testcase> <!-- A2018_ReimburseParker_ValidateMobileAccountBalance -->
  <testcase name="A2120_ForgotPassword_DifferentPassword" time="0.0" classname="AutomationCode.Android_TestCases">
    <ignored/>
  </testcase> <!-- A2120_ForgotPassword_DifferentPassword -->
  <testcase name="A2160_SENTRYMOBILE_PS1_EC1_NSAU_NSTC" time="0.0" classname="AutomationCode.Android_TestCases">
    <ignored/>
  </testcase> <!-- A2160_SENTRYMOBILE_PS1_EC1_NSAU_NSTC -->
  <testcase name="A2141_FTFP10_TUOFF_UON_PS1_GPV1_AV_wo_LP_MP1_ES1_VPSH_VICAE_VIAC" time="0.0" classname="AutomationCode.Android_TestCases">
    <ignored/>
  </testcase> <!-- A2141_FTFP10_TUOFF_UON_PS1_GPV1_AV_wo_LP_MP1_ES1_VPSH_VICAE_VIAC -->
  <testcase name="A2142_FTFP10_TUOFF_UON_PS1_GPV1_AV_wom_LP_MP1_ES1_VPSH_VICAE_VIAC" time="0.0" classname="AutomationCode.Android_TestCases">
    <ignored/>
  </testcase> <!-- A2142_FTFP10_TUOFF_UON_PS1_GPV1_AV_wom_LP_MP1_ES1_VPSH_VICAE_VIAC -->
  <testcase name="A2056_FTFP10_MP1_PS1_ES1_VPSH_VICAE_VIAC" time="0.0" classname="AutomationCode.Android_TestCases">
    <ignored/>
  </testcase> <!-- A2056_FTFP10_MP1_PS1_ES1_VPSH_VICAE_VIAC -->
  <testcase name="A2147_FTFP10_TUOFF_UON_PS1_GPV1_RV_RES_wm_LP_MP1_ES1_VPSH_VICAE_VIAC" time="0.0" classname="AutomationCode.Android_TestCases">
    <ignored/>
  </testcase> <!-- A2147_FTFP10_TUOFF_UON_PS1_GPV1_RV_RES_wm_LP_MP1_ES1_VPSH_VICAE_VIAC -->
  <testcase name="A2101_FTFP0_TUON_UON_PS1_GPV1_RV_RES_IP_wo_LP_MP1_ES1_VPSH_VICAE_VIAC" time="0.0" classname="AutomationCode.Android_TestCases">
    <ignored/>
  </testcase> <!-- A2101_FTFP0_TUON_UON_PS1_GPV1_RV_RES_IP_wo_LP_MP1_ES1_VPSH_VICAE_VIAC -->
  <testcase name="A2074_A_FTFP10_FTR_MTIV_gt_RFT_PS1_MP1_MTR_PRT_VPSH_VICAE_VIAC" time="0.0" classname="AutomationCode.Android_TestCases">
    <ignored/>
  </testcase> <!-- A2074_A_FTFP10_FTR_MTIV_gt_RFT_PS1_MP1_MTR_PRT_VPSH_VICAE_VIAC -->
  <testcase name="A2027_A_FTFP0_PS1_MP1_PMT_LPRM_e_MTIV_ES1_VPSH_VICAE_VIAC" time="0.0" classname="AutomationCode.Android_TestCases">
    <ignored/>
  </testcase> <!-- A2027_A_FTFP0_PS1_MP1_PMT_LPRM_e_MTIV_ES1_VPSH_VICAE_VIAC -->
  <testcase name="A2017_CreateAndDeleteUser_AttemptLoginWithDeletedUser" time="0.0" classname="AutomationCode.Android_TestCases">
    <ignored/>
  </testcase> <!-- A2017_CreateAndDeleteUser_AttemptLoginWithDeletedUser -->
  <testcase name="A2012_RegisterUser_RememberMeOff_EmailIdWithoutCaps_LoginWithCaps" time="0.0" classname="AutomationCode.Android_TestCases">
    <ignored/>
  </testcase> <!-- A2012_RegisterUser_RememberMeOff_EmailIdWithoutCaps_LoginWithCaps -->
  <testcase name="A2047_VM_FTFP10_PS1_MP1_PMT_MTIV_gt_LPRM_ES1_VPSH_VICAE_VIAC" time="0.0" classname="AutomationCode.Android_TestCases">
    <ignored/>
  </testcase> <!-- A2047_VM_FTFP10_PS1_MP1_PMT_MTIV_gt_LPRM_ES1_VPSH_VICAE_VIAC -->
  <testcase name="A3000_RO_FTFP5_PS1_PMT_ES1_VPSH_VICAE_VIAC" time="0.0" classname="AutomationCode.Android_TestCases">
    <ignored/>
  </testcase> <!-- A3000_RO_FTFP5_PS1_PMT_ES1_VPSH_VICAE_VIAC -->
  <testcase name="A2128_FTFP0_TUOFF_UON_PS1_GPV1_AV_wo_LP_MP1_ES1_VPSH_VICAE_VIAC" time="0.0" classname="AutomationCode.Android_TestCases">
    <ignored/>
  </testcase> <!-- A2128_FTFP0_TUOFF_UON_PS1_GPV1_AV_wo_LP_MP1_ES1_VPSH_VICAE_VIAC -->
  <testcase name="A2123_ForgotPassword_ResendResetInstructionsTwice_UseSecondToken" time="0.0" classname="AutomationCode.Android_TestCases">
    <ignored/>
  </testcase> <!-- A2123_ForgotPassword_ResendResetInstructionsTwice_UseSecondToken -->
  <testcase name="A2058_GPSOFF_PS1_MP1_ES1_VPSH_VICAE_VIAC" time="0.0" classname="AutomationCode.Android_TestCases">
    <ignored/>
  </testcase> <!-- A2058_GPSOFF_PS1_MP1_ES1_VPSH_VICAE_VIAC -->
  <testcase name="A2116_ForgotPassword_EnterTheUserEmailIdToResetPassword" time="0.0" classname="AutomationCode.Android_TestCases">
    <ignored/>
  </testcase> <!-- A2116_ForgotPassword_EnterTheUserEmailIdToResetPassword -->
  <testcase name="A2065_FTFP0_FTR_RFT_gt_MTIV_PS1_MP1_VMT_BMT_VPSH_VICAE_VIAC" time="0.0" classname="AutomationCode.Android_TestCases">
    <ignored/>
  </testcase> <!-- A2065_FTFP0_FTR_RFT_gt_MTIV_PS1_MP1_VMT_BMT_VPSH_VICAE_VIAC -->
  <testcase name="A2146_FTFP10_TUOFF_UON_PS1_GPV1_RV_RES_wo_LP_MP1_ES1_VPSH_VICAE_VIAC" time="0.0" classname="AutomationCode.Android_TestCases">
    <ignored/>
  </testcase> <!-- A2146_FTFP10_TUOFF_UON_PS1_GPV1_RV_RES_wo_LP_MP1_ES1_VPSH_VICAE_VIAC -->
  <testcase name="A2023_FTFP0_PS1_MP1_VPSVD_ES1_VPSH_VICAE_VIAC" time="0.0" classname="AutomationCode.Android_TestCases">
    <ignored/>
  </testcase> <!-- A2023_FTFP0_PS1_MP1_VPSVD_ES1_VPSH_VICAE_VIAC -->
  <testcase name="A2199_RSVN_MPRSISR" time="0.0" classname="AutomationCode.Android_TestCases">
    <ignored/>
  </testcase> <!-- A2199_RSVN_MPRSISR -->
  <testcase name="A2103_FTFP10_TUON_UON_PS1_GPV1_AV_wo_LP_MP1_ES1_VPSH_VICAE_VIAC" time="0.0" classname="AutomationCode.Android_TestCases">
    <ignored/>
  </testcase> <!-- A2103_FTFP10_TUON_UON_PS1_GPV1_AV_wo_LP_MP1_ES1_VPSH_VICAE_VIAC -->
  <testcase name="A2104_FTFP10_TUON_UON_PS1_GPV1_AV_wm_LP_MP1_ES1_VPSH_VICAE_VIAC" time="0.0" classname="AutomationCode.Android_TestCases">
    <ignored/>
  </testcase> <!-- A2104_FTFP10_TUON_UON_PS1_GPV1_AV_wm_LP_MP1_ES1_VPSH_VICAE_VIAC -->
  <testcase name="A2077_VM_FTFP0_FDON_RTF_MTIV_gt_MBF_PS1_MP1_VMT_ES1_VPSH_VICAE_VIAC" time="0.0" classname="AutomationCode.Android_TestCases">
    <ignored/>
  </testcase> <!-- A2077_VM_FTFP0_FDON_RTF_MTIV_gt_MBF_PS1_MP1_VMT_ES1_VPSH_VICAE_VIAC -->
  <testcase name="A2129_FTFP0_TUOFF_UON_PS1_GPV1_AV_wm_LP_MP1_ES1_VPSH_VICAE_VIAC" time="0.0" classname="AutomationCode.Android_TestCases">
    <ignored/>
  </testcase> <!-- A2129_FTFP0_TUOFF_UON_PS1_GPV1_AV_wm_LP_MP1_ES1_VPSH_VICAE_VIAC -->
  <testcase name="A2159_DC1_DLP_WOCW_ALPAD_PD_ANU_PS1_ALPAD_EC1_VNN" time="0.0" classname="AutomationCode.Android_TestCases">
    <ignored/>
  </testcase> <!-- A2159_DC1_DLP_WOCW_ALPAD_PD_ANU_PS1_ALPAD_EC1_VNN -->
  <testcase name="A2112_FTFP10_TUON_UON_PS1_GPV1_RV_RES_IP_wo_LP_MP1_ES1_VPSH_VICAE_VIAC" time="0.0" classname="AutomationCode.Android_TestCases">
    <ignored/>
  </testcase> <!-- A2112_FTFP10_TUON_UON_PS1_GPV1_RV_RES_IP_wo_LP_MP1_ES1_VPSH_VICAE_VIAC -->
  <testcase name="A2066_VM_FTFP0_FTR_RFT_gt_MTIV_PS1_MP1_VMT_BMT_VPSH_VICAE_VIAC" time="0.0" classname="AutomationCode.Android_TestCases">
    <ignored/>
  </testcase> <!-- A2066_VM_FTFP0_FTR_RFT_gt_MTIV_PS1_MP1_VMT_BMT_VPSH_VICAE_VIAC -->
  <testcase name="A2135_FTFP0_TUOFF_UON_PS1_GPV1_RV_RES_wo_LP_MP1_ES1_VPSH_VICAE_VIAC" time="0.0" classname="AutomationCode.Android_TestCases">
    <ignored/>
  </testcase> <!-- A2135_FTFP0_TUOFF_UON_PS1_GPV1_RV_RES_wo_LP_MP1_ES1_VPSH_VICAE_VIAC -->
  <testcase name="A2140_FTFP10_TUOFF_UON_PS1_GPV1_AV_wm_LP_MP1_ES1_VPSH_VICAE_VIAC" time="0.0" classname="AutomationCode.Android_TestCases">
    <ignored/>
  </testcase> <!-- A2140_FTFP10_TUOFF_UON_PS1_GPV1_AV_wm_LP_MP1_ES1_VPSH_VICAE_VIAC -->
  <testcase name="A2097_FTFP0_TUON_UON_PS1_GPV1_RV_wom_LP_MP1_ES1_VPSH_VICAE_VIAC" time="0.0" classname="AutomationCode.Android_TestCases">
    <ignored/>
  </testcase> <!-- A2097_FTFP0_TUON_UON_PS1_GPV1_RV_wom_LP_MP1_ES1_VPSH_VICAE_VIAC -->
  <testcase name="A2161_SENTRYMOBILE_PS1_EC1_NSAU_NSTC" time="0.0" classname="AutomationCode.Android_TestCases">
    <ignored/>
  </testcase> <!-- A2161_SENTRYMOBILE_PS1_EC1_NSAU_NSTC -->
  <testcase name="A2020_VM_FTFP0_PS1_CMM_MP1_ES1_VPSH_VICAE_VIAC" time="0.0" classname="AutomationCode.Android_TestCases">
    <ignored/>
  </testcase> <!-- A2020_VM_FTFP0_PS1_CMM_MP1_ES1_VPSH_VICAE_VIAC -->
  <testcase name="A2072_VM_FTFP10_FTR_MTIV_gt_RFT_PS1_MP1_VMT_ES1_VPSH_VICAE_VIAC" time="0.0" classname="AutomationCode.Android_TestCases">
    <ignored/>
  </testcase> <!-- A2072_VM_FTFP10_FTR_MTIV_gt_RFT_PS1_MP1_VMT_ES1_VPSH_VICAE_VIAC -->
  <testcase name="A2126_LoginAttemptsExceededYourAccountHasBeenLocked" time="0.0" classname="AutomationCode.Android_TestCases">
    <ignored/>
  </testcase> <!-- A2126_LoginAttemptsExceededYourAccountHasBeenLocked -->
  <testcase name="A2201_RSVN_PSWILP_MPRSISR_ES1_VPSH" time="0.0" classname="AutomationCode.Android_TestCases">
    <ignored/>
  </testcase> <!-- A2201_RSVN_PSWILP_MPRSISR_ES1_VPSH -->
  <testcase name="A2202_RSVN_FTRSVN_PSWL_MPRSIIFPGIRP" time="0.0" classname="AutomationCode.Android_TestCases">
    <ignored/>
  </testcase> <!-- A2202_RSVN_FTRSVN_PSWL_MPRSIIFPGIRP -->
  <testcase name="A2132_FTFP0_TUOFF_UON_PS1_GPV1_RV_wo_LP_MP1_ES1_VPSH_VICAE_VIAC" time="0.0" classname="AutomationCode.Android_TestCases">
    <ignored/>
  </testcase> <!-- A2132_FTFP0_TUOFF_UON_PS1_GPV1_RV_wo_LP_MP1_ES1_VPSH_VICAE_VIAC -->
  <testcase name="A2114_FTFP0_TUON_UOff_PS1_GPV1_MP1_VMPSIV_VML_EBS_VPSH_VICAE_VIAC" time="0.0" classname="AutomationCode.Android_TestCases">
    <ignored/>
  </testcase> <!-- A2114_FTFP0_TUON_UOff_PS1_GPV1_MP1_VMPSIV_VML_EBS_VPSH_VICAE_VIAC -->
  <testcase name="A2015_RegisterUser_RememberMeOn_EmailIdWithoutCaps" time="0.0" classname="AutomationCode.Android_TestCases">
    <ignored/>
  </testcase> <!-- A2015_RegisterUser_RememberMeOn_EmailIdWithoutCaps -->
  <testcase name="A2117_ForgotPassword_AllFieldsWithAreMandatory" time="0.0" classname="AutomationCode.Android_TestCases">
    <ignored/>
  </testcase> <!-- A2117_ForgotPassword_AllFieldsWithAreMandatory -->
  <testcase name="A2040_VM_FTFP0_MP1_PS1_ES1_VPSH_VICAE_VIAC" time="0.0" classname="AutomationCode.Android_TestCases">
    <ignored/>
  </testcase> <!-- A2040_VM_FTFP0_MP1_PS1_ES1_VPSH_VICAE_VIAC -->
  <testcase name="A2073_FTFP10_FTR_RFT_gt_MTIV_PS1_MP1_BMT_VPSH_VICAE_VIAC" time="0.0" classname="AutomationCode.Android_TestCases">
    <ignored/>
  </testcase> <!-- A2073_FTFP10_FTR_RFT_gt_MTIV_PS1_MP1_BMT_VPSH_VICAE_VIAC -->
  <testcase name="A2131_FTFP0_TUOFF_UON_PS1_GPV1_AV_wom_LP_MP1_ES1_VPSH_VICAE_VIAC" time="0.0" classname="AutomationCode.Android_TestCases">
    <ignored/>
  </testcase> <!-- A2131_FTFP0_TUOFF_UON_PS1_GPV1_AV_wom_LP_MP1_ES1_VPSH_VICAE_VIAC -->
  <testcase name="A2036_FTFP0_PS1_CCP1_PRT_MP1_ES1_VPSH_VICAE_VIAC" time="0.0" classname="AutomationCode.Android_TestCases">
    <ignored/>
  </testcase> <!-- A2036_FTFP0_PS1_CCP1_PRT_MP1_ES1_VPSH_VICAE_VIAC -->
  <testcase name="A2085_FTFP10_FDON_RTF_MBF_gt_FTFP_gt_MTIV_PS1_MP1_VMT_ES1_VPSH_VICAE_VIAC" time="0.0" classname="AutomationCode.Android_TestCases">
    <ignored/>
  </testcase> <!-- A2085_FTFP10_FDON_RTF_MBF_gt_FTFP_gt_MTIV_PS1_MP1_VMT_ES1_VPSH_VICAE_VIAC -->
  <testcase name="A2045_FTFP10_PS1_PMT_ES1_VPSH_VICAE_VIAC" time="0.0" classname="AutomationCode.Android_TestCases">
    <ignored/>
  </testcase> <!-- A2045_FTFP10_PS1_PMT_ES1_VPSH_VICAE_VIAC -->
  <testcase name="A2137_FTFP0_TUOFF_UON_PS1_GPV1_RV_RES_wom_LP_MP1_ES1_VPSH_VICAE_VIAC" time="0.0" classname="AutomationCode.Android_TestCases">
    <ignored/>
  </testcase> <!-- A2137_FTFP0_TUOFF_UON_PS1_GPV1_RV_RES_wom_LP_MP1_ES1_VPSH_VICAE_VIAC -->
  <testcase name="A2041_FTFP10_PS1_MP1_ES1_VPSH_VICAE_VIAC" time="0.0" classname="AutomationCode.Android_TestCases">
    <ignored/>
  </testcase> <!-- A2041_FTFP10_PS1_MP1_ES1_VPSH_VICAE_VIAC -->
  <testcase name="A2088_FTFP0_FDOFF_RTF_PS1_MP1_PMT_VMT_ES1_VPSH_VICAE_VIAC" time="0.0" classname="AutomationCode.Android_TestCases">
    <ignored/>
  </testcase> <!-- A2088_FTFP0_FDOFF_RTF_PS1_MP1_PMT_VMT_ES1_VPSH_VICAE_VIAC -->
  <testcase name="A2006_RegisterUser_PasswordsDoNotMatchPleaseReEnter" time="0.0" classname="AutomationCode.Android_TestCases">
    <ignored/>
  </testcase> <!-- A2006_RegisterUser_PasswordsDoNotMatchPleaseReEnter -->
  <testcase name="A2050_FTFP10_PS1_MP1_CP1_ES1_VPSH_VICAE_VIAC" time="0.0" classname="AutomationCode.Android_TestCases">
    <ignored/>
  </testcase> <!-- A2050_FTFP10_PS1_MP1_CP1_ES1_VPSH_VICAE_VIAC -->
  <testcase name="A2081_FTFP10_FDON_RTF_MTIV_gt_FTFP_gt_MBF_PS1_MP1_VMT_ES1_VPSH_VICAE_VIAC" time="0.0" classname="AutomationCode.Android_TestCases">
    <ignored/>
  </testcase> <!-- A2081_FTFP10_FDON_RTF_MTIV_gt_FTFP_gt_MBF_PS1_MP1_VMT_ES1_VPSH_VICAE_VIAC -->
  <testcase name="A2133_FTFP0_TUOFF_UON_PS1_GPV1_RV_wm_LP_MP1_ES1_VPSH_VICAE_VIAC" time="0.0" classname="AutomationCode.Android_TestCases">
    <ignored/>
  </testcase> <!-- A2133_FTFP0_TUOFF_UON_PS1_GPV1_RV_wm_LP_MP1_ES1_VPSH_VICAE_VIAC -->
  <testcase name="A2031_FTFP0_PS1_CP1_MP1_ES1_VPSH_VICAE_VIAC" time="0.0" classname="AutomationCode.Android_TestCases">
    <ignored/>
  </testcase> <!-- A2031_FTFP0_PS1_CP1_MP1_ES1_VPSH_VICAE_VIAC -->
  <testcase name="A2052_FTFP10_PS1_CCP1_MP1_ES1_VPSH_VICAE_VIAC" time="0.0" classname="AutomationCode.Android_TestCases">
    <ignored/>
  </testcase> <!-- A2052_FTFP10_PS1_CCP1_MP1_ES1_VPSH_VICAE_VIAC -->
  <testcase name="A2062_FTFP0_FTR_RFT_gt_MTIV_PS1_MP1_VMT_VPSH_VICAE_VIAC" time="0.0" classname="AutomationCode.Android_TestCases">
    <ignored/>
  </testcase> <!-- A2062_FTFP0_FTR_RFT_gt_MTIV_PS1_MP1_VMT_VPSH_VICAE_VIAC -->
  <testcase name="A2009_RegisterUser_LastNameCannotBeBlank" time="0.0" classname="AutomationCode.Android_TestCases">
    <ignored/>
  </testcase> <!-- A2009_RegisterUser_LastNameCannotBeBlank -->
  <testcase name="A2093_FTFP0_TUON_UON_PS1_GPV1_AV_wm_LP_CSMLP_MP1_ES1_VPSH_VICAE_VIAC" time="0.0" classname="AutomationCode.Android_TestCases">
    <ignored/>
  </testcase> <!-- A2093_FTFP0_TUON_UON_PS1_GPV1_AV_wm_LP_CSMLP_MP1_ES1_VPSH_VICAE_VIAC -->
  <testcase name="A2115_FTFP0_TUON_UOff_PS1_GPV1_UTE_MP1_VMPSIV_VML_EBS_VPSH_VICAE_VIAC" time="0.0" classname="AutomationCode.Android_TestCases">
    <ignored/>
  </testcase> <!-- A2115_FTFP0_TUON_UOff_PS1_GPV1_UTE_MP1_VMPSIV_VML_EBS_VPSH_VICAE_VIAC -->
  <testcase name="A2059_GPSOFF_RegisterUser_EnableGPSDialogNo" time="0.0" classname="AutomationCode.Android_TestCases">
    <ignored/>
  </testcase> <!-- A2059_GPSOFF_RegisterUser_EnableGPSDialogNo -->
  <testcase name="A2075_FTFP10_FTR_RFT_gt_MTIV_PS1_MP1_VMT_CP1_VPSH_VICAE_VIAC" time="0.0" classname="AutomationCode.Android_TestCases">
    <ignored/>
  </testcase> <!-- A2075_FTFP10_FTR_RFT_gt_MTIV_PS1_MP1_VMT_CP1_VPSH_VICAE_VIAC -->
  <testcase name="A2054_FTFP10_PS1_MP1_CCP1_ES1_VPSH_VICAE_VIAC" time="0.0" classname="AutomationCode.Android_TestCases">
    <ignored/>
  </testcase> <!-- A2054_FTFP10_PS1_MP1_CCP1_ES1_VPSH_VICAE_VIAC -->
  <testcase name="A2044_VM_FTFP10_PS1_MP1_BMT_ES1_VPSH_VICAE_VIAC" time="0.0" classname="AutomationCode.Android_TestCases">
    <ignored/>
  </testcase> <!-- A2044_VM_FTFP10_PS1_MP1_BMT_ES1_VPSH_VICAE_VIAC -->
  <testcase name="A2124_ForgotPasswordRememberMeOn" time="0.0" classname="AutomationCode.Android_TestCases">
    <ignored/>
  </testcase> <!-- A2124_ForgotPasswordRememberMeOn -->
  <testcase name="A2105_FTFP10_TUON_UON_PS1_GPV1_AV_wom_LP_MP1_ES1_VPSH_VICAE_VIAC" time="0.0" classname="AutomationCode.Android_TestCases">
    <ignored/>
  </testcase> <!-- A2105_FTFP10_TUON_UON_PS1_GPV1_AV_wom_LP_MP1_ES1_VPSH_VICAE_VIAC -->
  <testcase name="A2071_FTFP10_FTR_MTIV_gt_RFT_PS1_MP1_VMT_ES1_VPSH_VICAE_VIAC" time="0.0" classname="AutomationCode.Android_TestCases">
    <ignored/>
  </testcase> <!-- A2071_FTFP10_FTR_MTIV_gt_RFT_PS1_MP1_VMT_ES1_VPSH_VICAE_VIAC -->
  <testcase name="A2013_RegisterUser_RememberMeOff_EmailIdWithoutCaps_LoginWithoutCaps" time="0.0" classname="AutomationCode.Android_TestCases">
    <ignored/>
  </testcase> <!-- A2013_RegisterUser_RememberMeOff_EmailIdWithoutCaps_LoginWithoutCaps -->
  <testcase name="A2053_FTFP10_PS1_CCP1_PRT_MP1_ES1_VPSH_VICAE_VIAC" time="0.0" classname="AutomationCode.Android_TestCases">
    <ignored/>
  </testcase> <!-- A2053_FTFP10_PS1_CCP1_PRT_MP1_ES1_VPSH_VICAE_VIAC -->
  <testcase name="A2108_FTFP10_TUON_UON_PS1_GPV1_RV_wom_LP_MP1_ES1_VPSH_VICAE_VIAC" time="0.0" classname="AutomationCode.Android_TestCases">
    <ignored/>
  </testcase> <!-- A2108_FTFP10_TUON_UON_PS1_GPV1_RV_wom_LP_MP1_ES1_VPSH_VICAE_VIAC -->
  <testcase name="A2301_CS_PSWL_VMT_VPSH" time="0.0" classname="AutomationCode.Android_TestCases">
    <ignored/>
  </testcase> <!-- A2301_CS_PSWL_VMT_VPSH -->
  <testcase name="A2067_FTFP0_FTR_RFT_gt_MTIV_PS1_MP1_VMT_PRT_VMT_VPSH_VICAE_VIAC" time="0.0" classname="AutomationCode.Android_TestCases">
    <ignored/>
  </testcase> <!-- A2067_FTFP0_FTR_RFT_gt_MTIV_PS1_MP1_VMT_PRT_VMT_VPSH_VICAE_VIAC -->
  <testcase name="A2139_FTFP10_TUOFF_UON_PS1_GPV1_MP1_ES1_VPSH_VICAE_VIAC" time="0.0" classname="AutomationCode.Android_TestCases">
    <ignored/>
  </testcase> <!-- A2139_FTFP10_TUOFF_UON_PS1_GPV1_MP1_ES1_VPSH_VICAE_VIAC -->
  <testcase name="A2118_ForgotPassword_InvalidEmail" time="0.0" classname="AutomationCode.Android_TestCases">
    <ignored/>
  </testcase> <!-- A2118_ForgotPassword_InvalidEmail -->
  <testcase name="A2138_FTFP0_TUOFF_UON_PS1_GPV1_RV_RES_IP_wo_LP_MP1_ES1_VPSH_VICAE_VIAC" time="0.0" classname="AutomationCode.Android_TestCases">
    <ignored/>
  </testcase> <!-- A2138_FTFP0_TUOFF_UON_PS1_GPV1_RV_RES_IP_wo_LP_MP1_ES1_VPSH_VICAE_VIAC -->
  <testcase name="A2067_B_FTFP0_FTR_RFT_gt_MTIV_PS1_PRT_VMT_VPSH_VICAE_VIAC" time="0.0" classname="AutomationCode.Android_TestCases">
    <ignored/>
  </testcase> <!-- A2067_B_FTFP0_FTR_RFT_gt_MTIV_PS1_PRT_VMT_VPSH_VICAE_VIAC -->
  <testcase name="A2150_FTFP0_TUOFF_UON_GPV1_MP1_LMV1_MP1_VMPSIV_ES1_VPSH_VICAE_VIAC" time="0.0" classname="AutomationCode.Android_TestCases">
    <ignored/>
  </testcase> <!-- A2150_FTFP0_TUOFF_UON_GPV1_MP1_LMV1_MP1_VMPSIV_ES1_VPSH_VICAE_VIAC -->
  <testcase name="A2127_FTFP0_TUOFF_UON_PS1_GPV1_MP1_ES1_VPSH_VICAE_VIAC" time="0.0" classname="AutomationCode.Android_TestCases">
    <ignored/>
  </testcase> <!-- A2127_FTFP0_TUOFF_UON_PS1_GPV1_MP1_ES1_VPSH_VICAE_VIAC -->
  <testcase name="A2061_MUON_CGPV1_MP1_VMT_ES1_VPSH_VICAE_VIAC" time="0.0" classname="AutomationCode.Android_TestCases">
    <ignored/>
  </testcase> <!-- A2061_MUON_CGPV1_MP1_VMT_ES1_VPSH_VICAE_VIAC -->
  <testcase name="A2144_FTFP10_TUOFF_UON_PS1_GPV1_RV_wm_LP_MP1_ES1_VPSH_VICAE_VIAC" time="0.0" classname="AutomationCode.Android_TestCases">
    <ignored/>
  </testcase> <!-- A2144_FTFP10_TUOFF_UON_PS1_GPV1_RV_wm_LP_MP1_ES1_VPSH_VICAE_VIAC -->
  <testcase name="A2032_FTFP0_PS1_CP1_PRT_MP1_ES1_VPSH_VICAE_VIAC" time="0.0" classname="AutomationCode.Android_TestCases">
    <ignored/>
  </testcase> <!-- A2032_FTFP0_PS1_CP1_PRT_MP1_ES1_VPSH_VICAE_VIAC -->
  <testcase name="A2302_A_CS_TU_PS1_GPV1_ALPTPS_VMT_VPSH" time="0.0" classname="AutomationCode.Android_TestCases">
    <ignored/>
  </testcase> <!-- A2302_A_CS_TU_PS1_GPV1_ALPTPS_VMT_VPSH -->
  <testcase name="A2064_VM_FTFP0_FTR_MTIV_gt_RFT_PS1_MP1_VMT_VPSH_VICAE_VIAC" time="0.0" classname="AutomationCode.Android_TestCases">
    <ignored/>
  </testcase> <!-- A2064_VM_FTFP0_FTR_MTIV_gt_RFT_PS1_MP1_VMT_VPSH_VICAE_VIAC -->
  <testcase name="A2125_ForgotPasswordRememberMeOff" time="0.0" classname="AutomationCode.Android_TestCases">
    <ignored/>
  </testcase> <!-- A2125_ForgotPasswordRememberMeOff -->
  <testcase name="A2033_FTFP0_PS1_MP1_CP1_ES1_VPSH_VICAE_VIAC" time="0.0" classname="AutomationCode.Android_TestCases">
    <ignored/>
  </testcase> <!-- A2033_FTFP0_PS1_MP1_CP1_ES1_VPSH_VICAE_VIAC -->
  <testcase name="A2049_FTFP10_PS1_CP1_PRT_MP1_ES1_VPSH_VICAE_VIAC" time="0.0" classname="AutomationCode.Android_TestCases">
    <ignored/>
  </testcase> <!-- A2049_FTFP10_PS1_CP1_PRT_MP1_ES1_VPSH_VICAE_VIAC -->
  <testcase name="A2111_FTFP10_TUON_UON_PS1_GPV1_RV_RES_wom_LP_MP1_ES1_VPSH_VICAE_VIAC" time="0.0" classname="AutomationCode.Android_TestCases">
    <ignored/>
  </testcase> <!-- A2111_FTFP10_TUON_UON_PS1_GPV1_RV_RES_wom_LP_MP1_ES1_VPSH_VICAE_VIAC -->
  <testcase name="A2022_VM_FTFP0_PS1_MP1_ES1_VPSH_VICAE_VIAC" time="0.0" classname="AutomationCode.Android_TestCases">
    <ignored/>
  </testcase> <!-- A2022_VM_FTFP0_PS1_MP1_ES1_VPSH_VICAE_VIAC -->
  <testcase name="A2161_MMUPAS_VMMUP" time="0.0" classname="AutomationCode.Android_TestCases">
    <ignored/>
  </testcase> <!-- A2161_MMUPAS_VMMUP -->
  <testcase name="A2113_FTFP0_TUON_UON_GPV1_MP1_LMV1_MP1_VMPSIV_ES1_VPSH_VICAE_VIAC" time="0.0" classname="AutomationCode.Android_TestCases">
    <ignored/>
  </testcase> <!-- A2113_FTFP0_TUON_UON_GPV1_MP1_LMV1_MP1_VMPSIV_ES1_VPSH_VICAE_VIAC -->
  <testcase name="A2136_FTFP0_TUOFF_UON_PS1_GPV1_RV_RES_wm_LP_MP1_ES1_VPSH_VICAE_VIAC" time="0.0" classname="AutomationCode.Android_TestCases">
    <ignored/>
  </testcase> <!-- A2136_FTFP0_TUOFF_UON_PS1_GPV1_RV_RES_wm_LP_MP1_ES1_VPSH_VICAE_VIAC -->
  <testcase name="A2002_RegisterUser_PasswordShouldHaveAtleastOneDigitOrSpecialCharacter" time="0.0" classname="AutomationCode.Android_TestCases">
    <ignored/>
  </testcase> <!-- A2002_RegisterUser_PasswordShouldHaveAtleastOneDigitOrSpecialCharacter -->
  <testcase name="A2043_FTFP10_PS1_MP1_BMT_ES1_VPSH_VICAE_VIAC" time="0.0" classname="AutomationCode.Android_TestCases">
    <ignored/>
  </testcase> <!-- A2043_FTFP10_PS1_MP1_BMT_ES1_VPSH_VICAE_VIAC -->
  <testcase name="A2100_FTFP0_TUON_UON_PS1_GPV1_RV_RES_wom_LP_MP1_ES1_VPSH_VICAE_VIAC" time="0.0" classname="AutomationCode.Android_TestCases">
    <ignored/>
  </testcase> <!-- A2100_FTFP0_TUON_UON_PS1_GPV1_RV_RES_wom_LP_MP1_ES1_VPSH_VICAE_VIAC -->
  <testcase name="A2200_RSVN_PSWVLP_VMT_ES1_VPSH" time="0.0" classname="AutomationCode.Android_TestCases">
    <ignored/>
  </testcase> <!-- A2200_RSVN_PSWVLP_VMT_ES1_VPSH -->
  <testcase name="A2079_FTFP0_FDON_RTF_PS1_MP1_BMT_VMT_ES1_VPSH_VICAE_VIAC" time="0.0" classname="AutomationCode.Android_TestCases">
    <ignored/>
  </testcase> <!-- A2079_FTFP0_FDON_RTF_PS1_MP1_BMT_VMT_ES1_VPSH_VICAE_VIAC -->
  <testcase name="A2078_FTFP0_FDON_RTF_MBF_gt_MTIV_PS1_MP1_VMT_BMT_VMT_ES1_VPSH_VICAE_VIAC" time="0.0" classname="AutomationCode.Android_TestCases">
    <ignored/>
  </testcase> <!-- A2078_FTFP0_FDON_RTF_MBF_gt_MTIV_PS1_MP1_VMT_BMT_VMT_ES1_VPSH_VICAE_VIAC -->
  <testcase name="A2157_PBP_FTFP0_PS1_MP1_ES1_VPSH_VICAE_VIAC" time="0.0" classname="AutomationCode.Android_TestCases">
    <ignored/>
  </testcase> <!-- A2157_PBP_FTFP0_PS1_MP1_ES1_VPSH_VICAE_VIAC -->
  <testcase name="A2159_SENTRYMOBILE_PS1_EC1_NSAC_NSTU" time="0.0" classname="AutomationCode.Android_TestCases">
    <ignored/>
  </testcase> <!-- A2159_SENTRYMOBILE_PS1_EC1_NSAC_NSTU -->
  <testcase name="A2063_FTFP0_FTR_MTIV_gt_RFT_PS1_MP1_VMT_VPSH_VICAE_VIAC" time="0.0" classname="AutomationCode.Android_TestCases">
    <ignored/>
  </testcase> <!-- A2063_FTFP0_FTR_MTIV_gt_RFT_PS1_MP1_VMT_VPSH_VICAE_VIAC -->
  <testcase name="A2086_FTFP10_FDOFF_RTF_MTIV_gt_MBF_gt_FTFP_PS1_MP1_VMT_ES1_VPSH_VICAE_VIAC" time="0.0" classname="AutomationCode.Android_TestCases">
    <ignored/>
  </testcase> <!-- A2086_FTFP10_FDOFF_RTF_MTIV_gt_MBF_gt_FTFP_PS1_MP1_VMT_ES1_VPSH_VICAE_VIAC -->
  <testcase name="A2048_FTFP10_PS1_CP1_MP1_ES1_VPSH_VICAE_VIAC" time="0.0" classname="AutomationCode.Android_TestCases">
    <ignored/>
  </testcase> <!-- A2048_FTFP10_PS1_CP1_MP1_ES1_VPSH_VICAE_VIAC -->
  <testcase name="A2145_FTFP10_TUOFF_UON_PS1_GPV1_RV_wom_LP_MP1_ES1_VPSH_VICAE_VIAC" time="0.0" classname="AutomationCode.Android_TestCases">
    <ignored/>
  </testcase> <!-- A2145_FTFP10_TUOFF_UON_PS1_GPV1_RV_wom_LP_MP1_ES1_VPSH_VICAE_VIAC -->
  <testcase name="A2096_FTFP0_TUON_UON_PS1_GPV1_RV_wm_LP_MP1_ES1_VPSH_VICAE_VIAC" time="0.0" classname="AutomationCode.Android_TestCases">
    <ignored/>
  </testcase> <!-- A2096_FTFP0_TUON_UON_PS1_GPV1_RV_wm_LP_MP1_ES1_VPSH_VICAE_VIAC -->
  <testcase name="A2026_VM_FTFP0_PS1_MP1_BMT_ES1_VPSH_VICAE_VIAC" time="0.0" classname="AutomationCode.Android_TestCases">
    <ignored/>
  </testcase> <!-- A2026_VM_FTFP0_PS1_MP1_BMT_ES1_VPSH_VICAE_VIAC -->
  <testcase name="A2027_FTFP0_PS1_PMT_ES1_VPSH_VICAE_VIAC" time="0.0" classname="AutomationCode.Android_TestCases">
    <ignored/>
  </testcase> <!-- A2027_FTFP0_PS1_PMT_ES1_VPSH_VICAE_VIAC -->
  <testcase name="A2055_FTFP10_PS1_MP1_PRT_CCP1_ES1_VPSH_VICAE_VIAC" time="0.0" classname="AutomationCode.Android_TestCases">
    <ignored/>
  </testcase> <!-- A2055_FTFP10_PS1_MP1_PRT_CCP1_ES1_VPSH_VICAE_VIAC -->
  <testcase name="A2039_FTFP0_MP1_PS1_ES1_VPSH_VICAE_VIAC" time="0.0" classname="AutomationCode.Android_TestCases">
    <ignored/>
  </testcase> <!-- A2039_FTFP0_MP1_PS1_ES1_VPSH_VICAE_VIAC -->
  <testcase name="A2004_RegisterUser_EmailIsInvalid" time="0.0" classname="AutomationCode.Android_TestCases">
    <ignored/>
  </testcase> <!-- A2004_RegisterUser_EmailIsInvalid -->
  <testcase name="A2068_A_HR" time="0.0" classname="AutomationCode.Android_TestCases">
    <ignored/>
  </testcase> <!-- A2068_A_HR -->
  <testcase name="A2302_CS_PS1_GPV1_ALPTPS_VMT_VPSH" time="0.0" classname="AutomationCode.Android_TestCases">
    <ignored/>
  </testcase> <!-- A2302_CS_PS1_GPV1_ALPTPS_VMT_VPSH -->
  <testcase name="A2107_FTFP10_TUON_UON_PS1_GPV1_RV_wm_LP_MP1_ES1_VPSH_VICAE_VIAC" time="0.0" classname="AutomationCode.Android_TestCases">
    <ignored/>
  </testcase> <!-- A2107_FTFP10_TUON_UON_PS1_GPV1_RV_wm_LP_MP1_ES1_VPSH_VICAE_VIAC -->
  <testcase name="A2130_FTFP0_TUOFF_UON_PS1_GPV1_AV_wm_LP_CSMLP_MP1_ES1_VPSH_VICAE_VIAC" time="0.0" classname="AutomationCode.Android_TestCases">
    <ignored/>
  </testcase> <!-- A2130_FTFP0_TUOFF_UON_PS1_GPV1_AV_wm_LP_CSMLP_MP1_ES1_VPSH_VICAE_VIAC -->
  <testcase name="A2082_FTFP10_FDON_RTF_FTFP_gt_MTIV_gt_MBF_PS1_MP1_VMT_ES1_VPSH_VICAE_VIAC" time="0.0" classname="AutomationCode.Android_TestCases">
    <ignored/>
  </testcase> <!-- A2082_FTFP10_FDON_RTF_FTFP_gt_MTIV_gt_MBF_PS1_MP1_VMT_ES1_VPSH_VICAE_VIAC -->
  <testcase name="A2203_RSVN_FTRSVN_PSWL_WFTE_VMTAP_VPS_VPSH" time="0.0" classname="AutomationCode.Android_TestCases">
    <ignored/>
  </testcase> <!-- A2203_RSVN_FTRSVN_PSWL_WFTE_VMTAP_VPS_VPSH -->
  <testcase name="A2021_FTFP0_PS1_MP1_ES1_VPSH_VICAE_VIAC" time="0.0" classname="AutomationCode.Android_TestCases">
    <ignored/>
  </testcase> <!-- A2021_FTFP0_PS1_MP1_ES1_VPSH_VICAE_VIAC -->
  <testcase name="A2038_FTFP0_PS1_MP1_PRT_CCP1_ES1_VPSH_VICAE_VIAC" time="0.0" classname="AutomationCode.Android_TestCases">
    <ignored/>
  </testcase> <!-- A2038_FTFP0_PS1_MP1_PRT_CCP1_ES1_VPSH_VICAE_VIAC -->
  <testcase name="A2091_FTFP0_TUON_UON_PS1_GPV1_AV_wo_LP_MP1_ES1_VPSH_VICAE_VIAC" time="0.0" classname="AutomationCode.Android_TestCases">
    <ignored/>
  </testcase> <!-- A2091_FTFP0_TUON_UON_PS1_GPV1_AV_wo_LP_MP1_ES1_VPSH_VICAE_VIAC -->
  <testcase name="A2102_FTFP0_TUON_UON_PS1_GPV1_MP1_ES1_VPSH_VICAE_VIAC" time="0.0" classname="AutomationCode.Android_TestCases">
    <ignored/>
  </testcase> <!-- A2102_FTFP0_TUON_UON_PS1_GPV1_MP1_ES1_VPSH_VICAE_VIAC -->
  <testcase name="A2007_RegisterUser_PasswordShouldBeAtleast7Characters" time="0.0" classname="AutomationCode.Android_TestCases">
    <ignored/>
  </testcase> <!-- A2007_RegisterUser_PasswordShouldBeAtleast7Characters -->
  <testcase name="A2076_FTFP0_FDON_RTF_MTIV_gt_MBF_PS1_MP1_VMT_ES1_VPSH_VICAE_VIAC" time="0.0" classname="AutomationCode.Android_TestCases">
    <ignored/>
  </testcase> <!-- A2076_FTFP0_FDON_RTF_MTIV_gt_MBF_PS1_MP1_VMT_ES1_VPSH_VICAE_VIAC -->
  <testcase name="A2134_FTFP0_TUOFF_UON_PS1_GPV1_RV_wom_LP_MP1_ES1_VPSH_VICAE_VIAC" time="0.0" classname="AutomationCode.Android_TestCases">
    <ignored/>
  </testcase> <!-- A2134_FTFP0_TUOFF_UON_PS1_GPV1_RV_wom_LP_MP1_ES1_VPSH_VICAE_VIAC -->
  <testcase name="A2084_FTFP10_FDON_RTF_MBF_gt_MTIV_gt_FTFP_PS1_MP1_VMT_ES1_VPSH_VICAE_VIAC" time="0.0" classname="AutomationCode.Android_TestCases">
    <ignored/>
  </testcase> <!-- A2084_FTFP10_FDON_RTF_MBF_gt_MTIV_gt_FTFP_PS1_MP1_VMT_ES1_VPSH_VICAE_VIAC -->
  <testcase name="A2014_RegisterUser_RememberMeOn_EmailIdWithCaps" time="0.0" classname="AutomationCode.Android_TestCases">
    <ignored/>
  </testcase> <!-- A2014_RegisterUser_RememberMeOn_EmailIdWithCaps -->
  <testcase name="A2149_FTFP10_TUOFF_UON_PS1_GPV1_RV_RES_IP_wo_LP_MP1_ES1_VPSH_VICAE_VIAC" time="0.0" classname="AutomationCode.Android_TestCases">
    <ignored/>
  </testcase> <!-- A2149_FTFP10_TUOFF_UON_PS1_GPV1_RV_RES_IP_wo_LP_MP1_ES1_VPSH_VICAE_VIAC -->
</testsuite> <!-- Android_Lot_TestCases -->
