<?xml version="1.0" encoding="UTF-8"?>
<!-- Generated by org.testng.reporters.JUnitXMLReporter -->
<testsuite hostname="MacBook-Pro-4.local" ignored="41" name="UserRole_collection_agency" tests="1" failures="0" timestamp="13 Sep 2023 16:35:29 GMT" time="26.297" errors="0">
  <testcase name="UserRoles1001_InitialUserScreen" time="24.628" classname="AutomationCode.UserRole_TestCases"/>
  <testcase name="UserRoles1025_ScaleRules" time="0.0" classname="AutomationCode.UserRole_TestCases">
    <ignored/>
  </testcase> <!-- UserRoles1025_ScaleRules -->
  <testcase name="UserRoles1002_Municipalities" time="0.0" classname="AutomationCode.UserRole_TestCases">
    <ignored/>
  </testcase> <!-- UserRoles1002_Municipalities -->
  <testcase name="UserRoles1007_AlertFamilies" time="0.0" classname="AutomationCode.UserRole_TestCases">
    <ignored/>
  </testcase> <!-- UserRoles1007_AlertFamilies -->
  <testcase name="UserRoles1006_ActivityFeeItems" time="0.0" classname="AutomationCode.UserRole_TestCases">
    <ignored/>
  </testcase> <!-- UserRoles1006_ActivityFeeItems -->
  <testcase name="UserRoles1017_ImportantWorkers" time="0.0" classname="AutomationCode.UserRole_TestCases">
    <ignored/>
  </testcase> <!-- UserRoles1017_ImportantWorkers -->
  <testcase name="UserRoles1012_AttendantCalls" time="0.0" classname="AutomationCode.UserRole_TestCases">
    <ignored/>
  </testcase> <!-- UserRoles1012_AttendantCalls -->
  <testcase name="UserRoles1010_AlertRecipients" time="0.0" classname="AutomationCode.UserRole_TestCases">
    <ignored/>
  </testcase> <!-- UserRoles1010_AlertRecipients -->
  <testcase name="UserRoles1014_DeviceSummary" time="0.0" classname="AutomationCode.UserRole_TestCases">
    <ignored/>
  </testcase> <!-- UserRoles1014_DeviceSummary -->
  <testcase name="UserRoles1022_DeviceCloudFiles" time="0.0" classname="AutomationCode.UserRole_TestCases">
    <ignored/>
  </testcase> <!-- UserRoles1022_DeviceCloudFiles -->
  <testcase name="UserRoles1013_AttendantOverrides" time="0.0" classname="AutomationCode.UserRole_TestCases">
    <ignored/>
  </testcase> <!-- UserRoles1013_AttendantOverrides -->
  <testcase name="UserRoles1024_SentryErrors" time="0.0" classname="AutomationCode.UserRole_TestCases">
    <ignored/>
  </testcase> <!-- UserRoles1024_SentryErrors -->
  <testcase name="UserRoles1023_Rpcs" time="0.0" classname="AutomationCode.UserRole_TestCases">
    <ignored/>
  </testcase> <!-- UserRoles1023_Rpcs -->
  <testcase name="UserRoles1029_TicketServiceData" time="0.0" classname="AutomationCode.UserRole_TestCases">
    <ignored/>
  </testcase> <!-- UserRoles1029_TicketServiceData -->
  <testcase name="UserRoles1004_Carts" time="0.0" classname="AutomationCode.UserRole_TestCases">
    <ignored/>
  </testcase> <!-- UserRoles1004_Carts -->
  <testcase name="UserRoles1028_SystemHealth" time="0.0" classname="AutomationCode.UserRole_TestCases">
    <ignored/>
  </testcase> <!-- UserRoles1028_SystemHealth -->
  <testcase name="UserRoles1037_ParkingLotSessions" time="0.0" classname="AutomationCode.UserRole_TestCases">
    <ignored/>
  </testcase> <!-- UserRoles1037_ParkingLotSessions -->
  <testcase name="UserRoles1036_DiffToolForTemplates" time="0.0" classname="AutomationCode.UserRole_TestCases">
    <ignored/>
  </testcase> <!-- UserRoles1036_DiffToolForTemplates -->
  <testcase name="UserRoles1008_AlertForwardingHistories" time="0.0" classname="AutomationCode.UserRole_TestCases">
    <ignored/>
  </testcase> <!-- UserRoles1008_AlertForwardingHistories -->
  <testcase name="UserRoles1016_HolidayVoiding" time="0.0" classname="AutomationCode.UserRole_TestCases">
    <ignored/>
  </testcase> <!-- UserRoles1016_HolidayVoiding -->
  <testcase name="UserRoles1011_ListingSentryAlertTypes" time="0.0" classname="AutomationCode.UserRole_TestCases">
    <ignored/>
  </testcase> <!-- UserRoles1011_ListingSentryAlertTypes -->
  <testcase name="UserRoles1032_ImportantWorkerHistory" time="0.0" classname="AutomationCode.UserRole_TestCases">
    <ignored/>
  </testcase> <!-- UserRoles1032_ImportantWorkerHistory -->
  <testcase name="UserRoles1009_AlertForwardingSummary" time="0.0" classname="AutomationCode.UserRole_TestCases">
    <ignored/>
  </testcase> <!-- UserRoles1009_AlertForwardingSummary -->
  <testcase name="UserRoles1003_AuditLogs" time="0.0" classname="AutomationCode.UserRole_TestCases">
    <ignored/>
  </testcase> <!-- UserRoles1003_AuditLogs -->
  <testcase name="UserRoles1034_SentrySettingSets" time="0.0" classname="AutomationCode.UserRole_TestCases">
    <ignored/>
  </testcase> <!-- UserRoles1034_SentrySettingSets -->
  <testcase name="UserRoles1019_NotificationTemplate" time="0.0" classname="AutomationCode.UserRole_TestCases">
    <ignored/>
  </testcase> <!-- UserRoles1019_NotificationTemplate -->
  <testcase name="UserRoles1031_VoidParkingSessions" time="0.0" classname="AutomationCode.UserRole_TestCases">
    <ignored/>
  </testcase> <!-- UserRoles1031_VoidParkingSessions -->
  <testcase name="UserRoles1001_Compare_Meter_Settings" time="0.0" classname="AutomationCode.UserRole_TestCases">
    <ignored/>
  </testcase> <!-- UserRoles1001_Compare_Meter_Settings -->
  <testcase name="UserRoles1035_SentrySettingsTemplateManager" time="0.0" classname="AutomationCode.UserRole_TestCases">
    <ignored/>
  </testcase> <!-- UserRoles1035_SentrySettingsTemplateManager -->
  <testcase name="UserRoles1005_ApprovedUsers" time="0.0" classname="AutomationCode.UserRole_TestCases">
    <ignored/>
  </testcase> <!-- UserRoles1005_ApprovedUsers -->
  <testcase name="UserRoles1015_ExemptionReasons" time="0.0" classname="AutomationCode.UserRole_TestCases">
    <ignored/>
  </testcase> <!-- UserRoles1015_ExemptionReasons -->
  <testcase name="UserRoles1018_MobileRegistrations" time="0.0" classname="AutomationCode.UserRole_TestCases">
    <ignored/>
  </testcase> <!-- UserRoles1018_MobileRegistrations -->
  <testcase name="UserRoles1012_AmberAlert" time="0.0" classname="AutomationCode.UserRole_TestCases">
    <ignored/>
  </testcase> <!-- UserRoles1012_AmberAlert -->
  <testcase name="UserRoles1039_MeterCashOuts" time="0.0" classname="AutomationCode.UserRole_TestCases">
    <ignored/>
  </testcase> <!-- UserRoles1039_MeterCashOuts -->
  <testcase name="UserRoles1030_ViolationRejectionReasons" time="0.0" classname="AutomationCode.UserRole_TestCases">
    <ignored/>
  </testcase> <!-- UserRoles1030_ViolationRejectionReasons -->
  <testcase name="UserRoles1026_ScaleTimeslots" time="0.0" classname="AutomationCode.UserRole_TestCases">
    <ignored/>
  </testcase> <!-- UserRoles1026_ScaleTimeslots -->
  <testcase name="UserRoles1020_ProvisionService" time="0.0" classname="AutomationCode.UserRole_TestCases">
    <ignored/>
  </testcase> <!-- UserRoles1020_ProvisionService -->
  <testcase name="UserRoles1004_ConciergeVehicleTagRegistrations" time="0.0" classname="AutomationCode.UserRole_TestCases">
    <ignored/>
  </testcase> <!-- UserRoles1004_ConciergeVehicleTagRegistrations -->
  <testcase name="UserRoles1021_PurgeManager" time="0.0" classname="AutomationCode.UserRole_TestCases">
    <ignored/>
  </testcase> <!-- UserRoles1021_PurgeManager -->
  <testcase name="UserRoles1027_SerialQueues" time="0.0" classname="AutomationCode.UserRole_TestCases">
    <ignored/>
  </testcase> <!-- UserRoles1027_SerialQueues -->
  <testcase name="UserRoles1038_PreviewDailyTicketTotals" time="0.0" classname="AutomationCode.UserRole_TestCases">
    <ignored/>
  </testcase> <!-- UserRoles1038_PreviewDailyTicketTotals -->
  <testcase name="UserRoles1033_SentrySettings" time="0.0" classname="AutomationCode.UserRole_TestCases">
    <ignored/>
  </testcase> <!-- UserRoles1033_SentrySettings -->
</testsuite> <!-- UserRole_collection_agency -->
