<?xml version="1.0" encoding="UTF-8"?>
<!-- Generated by org.testng.reporters.JUnitXMLReporter -->
<testsuite ignored="224" hostname="MacBook-Pro-4.local" failures="0" tests="0" time="0.019" errors="0" timestamp="24 Jul 2025 17:30:54 GMT">
  <testcase classname="AutomationCode.TestCases" name="GP1039_RM_TrueUp_RS1_IG0_VG1" time="0.0">
    <ignored/>
  </testcase> <!-- GP1039_RM_TrueUp_RS1_IG0_VG1 -->
  <testcase classname="AutomationCode.TestCases" name="PROD_BridgeportCT_SiteCrawler" time="0.0">
    <ignored/>
  </testcase> <!-- PROD_BridgeportCT_SiteCrawler -->
  <testcase classname="AutomationCode.TestCases" name="GP1064_LM_RM_LS2_RS1_BASE" time="0.0">
    <ignored/>
  </testcase> <!-- GP1064_LM_RM_LS2_RS1_BASE -->
  <testcase classname="AutomationCode.TestCases" name="PROD_Calgary_International_Airport_SiteCrawler" time="0.0">
    <ignored/>
  </testcase> <!-- PROD_Calgary_International_Airport_SiteCrawler -->
  <testcase classname="AutomationCode.TestCases" name="PROD_Pittsfield_SiteCrawler" time="0.0">
    <ignored/>
  </testcase> <!-- PROD_Pittsfield_SiteCrawler -->
  <testcase classname="AutomationCode.TestCases" name="GP1014_LM_TEST_08" time="0.0">
    <ignored/>
  </testcase> <!-- GP1014_LM_TEST_08 -->
  <testcase classname="AutomationCode.TestCases" name="GP1065_LM_RM_LS2_RS1_TEST_01" time="0.0">
    <ignored/>
  </testcase> <!-- GP1065_LM_RM_LS2_RS1_TEST_01 -->
  <testcase classname="AutomationCode.TestCases" name="ProdPayment_Flint_Firefox" time="0.0">
    <ignored/>
  </testcase> <!-- ProdPayment_Flint_Firefox -->
  <testcase classname="AutomationCode.TestCases" name="ROOT_Park_Exit_SP1_SP2" time="0.0">
    <ignored/>
  </testcase> <!-- ROOT_Park_Exit_SP1_SP2 -->
  <testcase classname="AutomationCode.TestCases" name="GP1026_RTF_LM_BASE" time="0.0">
    <ignored/>
  </testcase> <!-- GP1026_RTF_LM_BASE -->
  <testcase classname="AutomationCode.TestCases" name="PROD_Hasbrouck_Heights_NJ_SiteCrawler" time="0.0">
    <ignored/>
  </testcase> <!-- PROD_Hasbrouck_Heights_NJ_SiteCrawler -->
  <testcase classname="AutomationCode.TestCases" name="GP1022_LM_TrueUp_LS1_CGPV_CCPR" time="0.0">
    <ignored/>
  </testcase> <!-- GP1022_LM_TrueUp_LS1_CGPV_CCPR -->
  <testcase classname="AutomationCode.TestCases" name="PROD_Tamaqua_PA_SiteCrawler" time="0.0">
    <ignored/>
  </testcase> <!-- PROD_Tamaqua_PA_SiteCrawler -->
  <testcase classname="AutomationCode.TestCases" name="GP1082_LM_2RM_BS_SEQS_M_SEQS_SP_TEST_03" time="0.0">
    <ignored/>
  </testcase> <!-- GP1082_LM_2RM_BS_SEQS_M_SEQS_SP_TEST_03 -->
  <testcase classname="AutomationCode.TestCases" name="S1005_RU_VT_SS_SP_MON_NC_VHS" time="0.0">
    <ignored/>
  </testcase> <!-- S1005_RU_VT_SS_SP_MON_NC_VHS -->
  <testcase classname="AutomationCode.TestCases" name="PROD_Nahariya_Israel_SiteCrawler" time="0.0">
    <ignored/>
  </testcase> <!-- PROD_Nahariya_Israel_SiteCrawler -->
  <testcase classname="AutomationCode.TestCases" name="PROD_Kennesaw_State_University_SiteCrawler" time="0.0">
    <ignored/>
  </testcase> <!-- PROD_Kennesaw_State_University_SiteCrawler -->
  <testcase classname="AutomationCode.TestCases" name="PROD_Rockport_TX_SiteCrawler" time="0.0">
    <ignored/>
  </testcase> <!-- PROD_Rockport_TX_SiteCrawler -->
  <testcase classname="AutomationCode.TestCases" name="GP1077_LM_RM_LS1_RS2_TEST_03" time="0.0">
    <ignored/>
  </testcase> <!-- GP1077_LM_RM_LS1_RS2_TEST_03 -->
  <testcase classname="AutomationCode.TestCases" name="GP1044_RM_SP2_BASE" time="0.0">
    <ignored/>
  </testcase> <!-- GP1044_RM_SP2_BASE -->
  <testcase classname="AutomationCode.TestCases" name="PROD_Hartford_CT_SiteCrawler" time="0.0">
    <ignored/>
  </testcase> <!-- PROD_Hartford_CT_SiteCrawler -->
  <testcase classname="AutomationCode.TestCases" name="PROD_GeorgiaSouthern_SiteCrawler" time="0.0">
    <ignored/>
  </testcase> <!-- PROD_GeorgiaSouthern_SiteCrawler -->
  <testcase classname="AutomationCode.TestCases" name="PROD_Minnetonka_MenuCrawler" time="0.0">
    <ignored/>
  </testcase> <!-- PROD_Minnetonka_MenuCrawler -->
  <testcase classname="AutomationCode.TestCases" name="PROD_Lake_Minnetonka_SiteCrawler" time="0.0">
    <ignored/>
  </testcase> <!-- PROD_Lake_Minnetonka_SiteCrawler -->
  <testcase classname="AutomationCode.TestCases" name="GP1002_LM_MaintenanceMode_169832015" time="0.0">
    <ignored/>
  </testcase> <!-- GP1002_LM_MaintenanceMode_169832015 -->
  <testcase classname="AutomationCode.TestCases" name="PROD_Premium_New_Orleans_SiteCrawler" time="0.0">
    <ignored/>
  </testcase> <!-- PROD_Premium_New_Orleans_SiteCrawler -->
  <testcase classname="AutomationCode.TestCases" name="PROD_Royal_Oak_MI_SiteCrawler" time="0.0">
    <ignored/>
  </testcase> <!-- PROD_Royal_Oak_MI_SiteCrawler -->
  <testcase classname="AutomationCode.TestCases" name="GP1073_LM_RM_LS1_RS2_BASE_CPLS_CCPLS_CCPRTLS" time="0.0">
    <ignored/>
  </testcase> <!-- GP1073_LM_RM_LS1_RS2_BASE_CPLS_CCPLS_CCPRTLS -->
  <testcase classname="AutomationCode.TestCases" name="PROD_Lemont_IL_SiteCrawler" time="0.0">
    <ignored/>
  </testcase> <!-- PROD_Lemont_IL_SiteCrawler -->
  <testcase classname="AutomationCode.TestCases" name="GP1053_DLM_DRM_BS_172438908" time="0.0">
    <ignored/>
  </testcase> <!-- GP1053_DLM_DRM_BS_172438908 -->
  <testcase classname="AutomationCode.TestCases" name="S1002_RU_VT_SA_NS_MON_NC_VHS" time="0.0">
    <ignored/>
  </testcase> <!-- S1002_RU_VT_SA_NS_MON_NC_VHS -->
  <testcase classname="AutomationCode.TestCases" name="GP1028_RTF_LM_POELS_CPLS_CPLS_WULSRTEZ_W2_VMTUTLS2_CPLS" time="0.0">
    <ignored/>
  </testcase> <!-- GP1028_RTF_LM_POELS_CPLS_CPLS_WULSRTEZ_W2_VMTUTLS2_CPLS -->
  <testcase classname="AutomationCode.TestCases" name="PROD_Dedham_MA_SiteCrawler" time="0.0">
    <ignored/>
  </testcase> <!-- PROD_Dedham_MA_SiteCrawler -->
  <testcase classname="AutomationCode.TestCases" name="GP1084_Global_179135398" time="0.0">
    <ignored/>
  </testcase> <!-- GP1084_Global_179135398 -->
  <testcase classname="AutomationCode.TestCases" name="PROD_Virginia_Beach_SiteCrawler" time="0.0">
    <ignored/>
  </testcase> <!-- PROD_Virginia_Beach_SiteCrawler -->
  <testcase classname="AutomationCode.TestCases" name="GP1078_FTR_LM_RM_LS1_RS2_BASE" time="0.0">
    <ignored/>
  </testcase> <!-- GP1078_FTR_LM_RM_LS1_RS2_BASE -->
  <testcase classname="AutomationCode.TestCases" name="PROD_Austin_TX_SiteCrawler" time="0.0">
    <ignored/>
  </testcase> <!-- PROD_Austin_TX_SiteCrawler -->
  <testcase classname="AutomationCode.TestCases" name="GP1007_LM_TEST_01" time="0.0">
    <ignored/>
  </testcase> <!-- GP1007_LM_TEST_01 -->
  <testcase classname="AutomationCode.TestCases" name="ProdPayment_Tufts_Firefox" time="0.0">
    <ignored/>
  </testcase> <!-- ProdPayment_Tufts_Firefox -->
  <testcase classname="AutomationCode.TestCases" name="GP1093_FTR_LM_1S_RM_S2_LS1_RS2_BASE" time="0.0">
    <ignored/>
  </testcase> <!-- GP1093_FTR_LM_1S_RM_S2_LS1_RS2_BASE -->
  <testcase classname="AutomationCode.TestCases" name="GP1050_DLM_DRM_BS_BASE" time="0.0">
    <ignored/>
  </testcase> <!-- GP1050_DLM_DRM_BS_BASE -->
  <testcase classname="AutomationCode.TestCases" name="GP1096_FTR_LM_2S_RM_S1_LS1_RS2_BASE" time="0.0">
    <ignored/>
  </testcase> <!-- GP1096_FTR_LM_2S_RM_S1_LS1_RS2_BASE -->
  <testcase classname="AutomationCode.TestCases" name="GP1021A_LM_TrueUp_LS1_CGPV_CCPLS_CCPLS" time="0.0">
    <ignored/>
  </testcase> <!-- GP1021A_LM_TrueUp_LS1_CGPV_CCPLS_CCPLS -->
  <testcase classname="AutomationCode.TestCases" name="Continuous" time="0.0">
    <ignored/>
  </testcase> <!-- Continuous -->
  <testcase classname="AutomationCode.TestCases" name="PROD_University_of_Alabama_SiteCrawler" time="0.0">
    <ignored/>
  </testcase> <!-- PROD_University_of_Alabama_SiteCrawler -->
  <testcase classname="AutomationCode.TestCases" name="PROD_manualinterstate_SiteCrawler" time="0.0">
    <ignored/>
  </testcase> <!-- PROD_manualinterstate_SiteCrawler -->
  <testcase classname="AutomationCode.TestCases" name="PROD_Panasonic_Smart_City_SiteCrawler" time="0.0">
    <ignored/>
  </testcase> <!-- PROD_Panasonic_Smart_City_SiteCrawler -->
  <testcase classname="AutomationCode.TestCases" name="PROD_Virginia_Tech_SiteCrawler" time="0.0">
    <ignored/>
  </testcase> <!-- PROD_Virginia_Tech_SiteCrawler -->
  <testcase classname="AutomationCode.TestCases" name="PROD_AAA_SiteCrawler" time="0.0">
    <ignored/>
  </testcase> <!-- PROD_AAA_SiteCrawler -->
  <testcase classname="AutomationCode.TestCases" name="GP1051_DLM_DRM_BS_Test" time="0.0">
    <ignored/>
  </testcase> <!-- GP1051_DLM_DRM_BS_Test -->
  <testcase classname="AutomationCode.TestCases" name="Meter_SetBegunEqualFalse" time="0.0">
    <ignored/>
  </testcase> <!-- Meter_SetBegunEqualFalse -->
  <testcase classname="AutomationCode.TestCases" name="GP1037_RM_TEST_03" time="0.0">
    <ignored/>
  </testcase> <!-- GP1037_RM_TEST_03 -->
  <testcase classname="AutomationCode.TestCases" name="GP1055_DLM_DRM_BS_TEST_02" time="0.0">
    <ignored/>
  </testcase> <!-- GP1055_DLM_DRM_BS_TEST_02 -->
  <testcase classname="AutomationCode.TestCases" name="GP1074_LM_RM_LS1_RS2_170267899" time="0.0">
    <ignored/>
  </testcase> <!-- GP1074_LM_RM_LS1_RS2_170267899 -->
  <testcase classname="AutomationCode.TestCases" name="GP1058_DLM_DRM_BS_TEST_05" time="0.0">
    <ignored/>
  </testcase> <!-- GP1058_DLM_DRM_BS_TEST_05 -->
  <testcase classname="AutomationCode.TestCases" name="GP1057_DLM_DRM_BS_TEST_04" time="0.0">
    <ignored/>
  </testcase> <!-- GP1057_DLM_DRM_BS_TEST_04 -->
  <testcase classname="AutomationCode.TestCases" name="GP1033_RM_169320965" time="0.0">
    <ignored/>
  </testcase> <!-- GP1033_RM_169320965 -->
  <testcase classname="AutomationCode.TestCases" name="PROD_Hyattsville_MD_SiteCrawler" time="0.0">
    <ignored/>
  </testcase> <!-- PROD_Hyattsville_MD_SiteCrawler -->
  <testcase classname="AutomationCode.TestCases" name="PROD_ChelseaMA_SiteCrawler" time="0.0">
    <ignored/>
  </testcase> <!-- PROD_ChelseaMA_SiteCrawler -->
  <testcase classname="AutomationCode.TestCases" name="GP1017_LM_TrueUp_LS1_IG1_VG0" time="0.0">
    <ignored/>
  </testcase> <!-- GP1017_LM_TrueUp_LS1_IG1_VG0 -->
  <testcase classname="AutomationCode.TestCases" name="PROD_Somerville_MA_SiteCrawler" time="0.0">
    <ignored/>
  </testcase> <!-- PROD_Somerville_MA_SiteCrawler -->
  <testcase classname="AutomationCode.TestCases" name="ROOT_ViolationGenerator_SP1_SP2" time="0.0">
    <ignored/>
  </testcase> <!-- ROOT_ViolationGenerator_SP1_SP2 -->
  <testcase classname="AutomationCode.TestCases" name="GP1010_LM_TEST_04" time="0.0">
    <ignored/>
  </testcase> <!-- GP1010_LM_TEST_04 -->
  <testcase classname="AutomationCode.TestCases" name="GP1067_LM_RM_LS1_RS1_BASE" time="0.0">
    <ignored/>
  </testcase> <!-- GP1067_LM_RM_LS1_RS1_BASE -->
  <testcase classname="AutomationCode.TestCases" name="PROD_West_Springfield_MA_SiteCrawler" time="0.0">
    <ignored/>
  </testcase> <!-- PROD_West_Springfield_MA_SiteCrawler -->
  <testcase classname="AutomationCode.TestCases" name="PROD_New_Britain_CT_SiteCrawler" time="0.0">
    <ignored/>
  </testcase> <!-- PROD_New_Britain_CT_SiteCrawler -->
  <testcase classname="AutomationCode.TestCases" name="S1003_RU_IT_SS_SP_MOFF_NC_VHS" time="0.0">
    <ignored/>
  </testcase> <!-- S1003_RU_IT_SS_SP_MOFF_NC_VHS -->
  <testcase classname="AutomationCode.TestCases" name="GP1081_LM_2RM_BS_SEQS_M_SEQS_SP_TEST_02" time="0.0">
    <ignored/>
  </testcase> <!-- GP1081_LM_2RM_BS_SEQS_M_SEQS_SP_TEST_02 -->
  <testcase classname="AutomationCode.TestCases" name="PROD_CoxCommunication_SiteCrawler" time="0.0">
    <ignored/>
  </testcase> <!-- PROD_CoxCommunication_SiteCrawler -->
  <testcase classname="AutomationCode.TestCases" name="PROD_Columbia_Metropolitan_Airport_SiteCrawler" time="0.0">
    <ignored/>
  </testcase> <!-- PROD_Columbia_Metropolitan_Airport_SiteCrawler -->
  <testcase classname="AutomationCode.TestCases" name="GP1042_RM_TrueUp_RS1_IG1_VG1" time="0.0">
    <ignored/>
  </testcase> <!-- GP1042_RM_TrueUp_RS1_IG1_VG1 -->
  <testcase classname="AutomationCode.TestCases" name="GP1018_LM_TrueUp_LS1_IG0_VG1" time="0.0">
    <ignored/>
  </testcase> <!-- GP1018_LM_TrueUp_LS1_IG0_VG1 -->
  <testcase classname="AutomationCode.TestCases" name="GP1030_RM_BASE" time="0.0">
    <ignored/>
  </testcase> <!-- GP1030_RM_BASE -->
  <testcase classname="AutomationCode.TestCases" name="S1007_UU_VT_SA_NS_MOFF_NC_VHS" time="0.0">
    <ignored/>
  </testcase> <!-- S1007_UU_VT_SA_NS_MOFF_NC_VHS -->
  <testcase classname="AutomationCode.TestCases" name="GP1029_RTF_LM_185364676" time="0.0">
    <ignored/>
  </testcase> <!-- GP1029_RTF_LM_185364676 -->
  <testcase classname="AutomationCode.TestCases" name="PROD_Denver_CO_SiteCrawler" time="0.0">
    <ignored/>
  </testcase> <!-- PROD_Denver_CO_SiteCrawler -->
  <testcase classname="AutomationCode.TestCases" name="GP1006_LM_POELS_WUIGPTELS_VVSTLS_W9_VMTUTLS9_CPLS_CPLS_183365985" time="0.0">
    <ignored/>
  </testcase> <!-- GP1006_LM_POELS_WUIGPTELS_VVSTLS_W9_VMTUTLS9_CPLS_CPLS_183365985 -->
  <testcase classname="AutomationCode.TestCases" name="GP1016_LM_TEST_10" time="0.0">
    <ignored/>
  </testcase> <!-- GP1016_LM_TEST_10 -->
  <testcase classname="AutomationCode.TestCases" name="PROD_manualpremium_SiteCrawler" time="0.0">
    <ignored/>
  </testcase> <!-- PROD_manualpremium_SiteCrawler -->
  <testcase classname="AutomationCode.TestCases" name="ProdPayment_DedHamma_Chrome" time="0.0">
    <ignored/>
  </testcase> <!-- ProdPayment_DedHamma_Chrome -->
  <testcase classname="AutomationCode.TestCases" name="GP1092_LM_1S_RM_2S_LS1_RS2_BASE" time="0.0">
    <ignored/>
  </testcase> <!-- GP1092_LM_1S_RM_2S_LS1_RS2_BASE -->
  <testcase classname="AutomationCode.TestCases" name="PROD_Holyoke_MA_SiteCrawler" time="0.0">
    <ignored/>
  </testcase> <!-- PROD_Holyoke_MA_SiteCrawler -->
  <testcase classname="AutomationCode.TestCases" name="S1001_RU_VT_SA_NS_MOFF_NC_VHS" time="0.0">
    <ignored/>
  </testcase> <!-- S1001_RU_VT_SA_NS_MOFF_NC_VHS -->
  <testcase classname="AutomationCode.TestCases" name="PROD_New_Orleans_LA_SiteCrawler" time="0.0">
    <ignored/>
  </testcase> <!-- PROD_New_Orleans_LA_SiteCrawler -->
  <testcase classname="AutomationCode.TestCases" name="GP1027_RTF_LM_POELS_WUIGPTELS_S5_VVSTLS_WUMFETLS_ESNLS_VCAE" time="0.0">
    <ignored/>
  </testcase> <!-- GP1027_RTF_LM_POELS_WUIGPTELS_S5_VVSTLS_WUMFETLS_ESNLS_VCAE -->
  <testcase classname="AutomationCode.TestCases" name="GP1040_RM_TrueUp_RS1_IG1_VG0" time="0.0">
    <ignored/>
  </testcase> <!-- GP1040_RM_TrueUp_RS1_IG1_VG0 -->
  <testcase classname="AutomationCode.TestCases" name="GP1038_RM_TEST_04" time="0.0">
    <ignored/>
  </testcase> <!-- GP1038_RM_TEST_04 -->
  <testcase classname="AutomationCode.TestCases" name="GP1061_DLM_DRM_BS_TEST_08" time="0.0">
    <ignored/>
  </testcase> <!-- GP1061_DLM_DRM_BS_TEST_08 -->
  <testcase classname="AutomationCode.TestCases" name="ProdPayment_Tufts_Chrome" time="0.0">
    <ignored/>
  </testcase> <!-- ProdPayment_Tufts_Chrome -->
  <testcase classname="AutomationCode.TestCases" name="GP1005_LM_POELS_WUIGPTELS_VVSTLS_W9_VMTUTLS9_CSBLS_ESNLS_ICLS_S3_ICLS_S3_ICLS" time="0.0">
    <ignored/>
  </testcase> <!-- GP1005_LM_POELS_WUIGPTELS_VVSTLS_W9_VMTUTLS9_CSBLS_ESNLS_ICLS_S3_ICLS_S3_ICLS -->
  <testcase classname="AutomationCode.TestCases" name="Parked_InitialGracePeriodExceeded_EmptySpot_ViolationStatusEqualsMissed" time="0.0">
    <ignored/>
  </testcase> <!-- Parked_InitialGracePeriodExceeded_EmptySpot_ViolationStatusEqualsMissed -->
  <testcase classname="AutomationCode.TestCases" name="PROD_CedarhurstNY_SiteCrawler" time="0.0">
    <ignored/>
  </testcase> <!-- PROD_CedarhurstNY_SiteCrawler -->
  <testcase classname="AutomationCode.TestCases" name="PROD_BendOR_SiteCrawler" time="0.0">
    <ignored/>
  </testcase> <!-- PROD_BendOR_SiteCrawler -->
  <testcase classname="AutomationCode.TestCases" name="PROD_Muskegon_MI_SiteCrawler" time="0.0">
    <ignored/>
  </testcase> <!-- PROD_Muskegon_MI_SiteCrawler -->
  <testcase classname="AutomationCode.TestCases" name="ProdPayment_Tufts_Safari" time="0.0">
    <ignored/>
  </testcase> <!-- ProdPayment_Tufts_Safari -->
  <testcase classname="AutomationCode.TestCases" name="GP1069_LM_RM_LS1_RS1_TEST_02" time="0.0">
    <ignored/>
  </testcase> <!-- GP1069_LM_RM_LS1_RS1_TEST_02 -->
  <testcase classname="AutomationCode.TestCases" name="PROD_Mauston_WI_SiteCrawler" time="0.0">
    <ignored/>
  </testcase> <!-- PROD_Mauston_WI_SiteCrawler -->
  <testcase classname="AutomationCode.TestCases" name="PROD_Springfield_MA_SiteCrawler" time="0.0">
    <ignored/>
  </testcase> <!-- PROD_Springfield_MA_SiteCrawler -->
  <testcase classname="AutomationCode.TestCases" name="GP1004_LM_MaintenanceMode_169718110" time="0.0">
    <ignored/>
  </testcase> <!-- GP1004_LM_MaintenanceMode_169718110 -->
  <testcase classname="AutomationCode.TestCases" name="GP1031_RM_MaintenanceMode_169629728" time="0.0">
    <ignored/>
  </testcase> <!-- GP1031_RM_MaintenanceMode_169629728 -->
  <testcase classname="AutomationCode.TestCases" name="PROD_Lynn_MA_SiteCrawler" time="0.0">
    <ignored/>
  </testcase> <!-- PROD_Lynn_MA_SiteCrawler -->
  <testcase classname="AutomationCode.TestCases" name="PROD_North_Plainfield_NJ_SiteCrawler" time="0.0">
    <ignored/>
  </testcase> <!-- PROD_North_Plainfield_NJ_SiteCrawler -->
  <testcase classname="AutomationCode.TestCases" name="GP1049_FTR_RM_SP1_TEST_03" time="0.0">
    <ignored/>
  </testcase> <!-- GP1049_FTR_RM_SP1_TEST_03 -->
  <testcase classname="AutomationCode.TestCases" name="GP1015_LM_TEST_09" time="0.0">
    <ignored/>
  </testcase> <!-- GP1015_LM_TEST_09 -->
  <testcase classname="AutomationCode.TestCases" name="GP1048_FTR_RM_SP1_TEST_02" time="0.0">
    <ignored/>
  </testcase> <!-- GP1048_FTR_RM_SP1_TEST_02 -->
  <testcase classname="AutomationCode.TestCases" name="PROD_Quincy_MA_SiteCrawler" time="0.0">
    <ignored/>
  </testcase> <!-- PROD_Quincy_MA_SiteCrawler -->
  <testcase classname="AutomationCode.TestCases" name="GP1047_FTR_RM_SP1_TEST_01" time="0.0">
    <ignored/>
  </testcase> <!-- GP1047_FTR_RM_SP1_TEST_01 -->
  <testcase classname="AutomationCode.TestCases" name="PROD_Butte_MT_SiteCrawler" time="0.0">
    <ignored/>
  </testcase> <!-- PROD_Butte_MT_SiteCrawler -->
  <testcase classname="AutomationCode.TestCases" name="GP1072_LM_RM_LS1_RS2_BASE" time="0.0">
    <ignored/>
  </testcase> <!-- GP1072_LM_RM_LS1_RS2_BASE -->
  <testcase classname="AutomationCode.TestCases" name="PROD_Palisades_Park_NJ_SiteCrawler" time="0.0">
    <ignored/>
  </testcase> <!-- PROD_Palisades_Park_NJ_SiteCrawler -->
  <testcase classname="AutomationCode.TestCases" name="GP1001_LM_Base" time="0.0">
    <ignored/>
  </testcase> <!-- GP1001_LM_Base -->
  <testcase classname="AutomationCode.TestCases" name="SECO_ViolationGenerator_SP1_SP2" time="0.0">
    <ignored/>
  </testcase> <!-- SECO_ViolationGenerator_SP1_SP2 -->
  <testcase classname="AutomationCode.TestCases" name="PROD_Flint_MI_SiteCrawler" time="0.0">
    <ignored/>
  </testcase> <!-- PROD_Flint_MI_SiteCrawler -->
  <testcase classname="AutomationCode.TestCases" name="ProdPayment_Woonerf_Firefox" time="0.0">
    <ignored/>
  </testcase> <!-- ProdPayment_Woonerf_Firefox -->
  <testcase classname="AutomationCode.TestCases" name="PROD_Farmville_VA_SiteCrawler" time="0.0">
    <ignored/>
  </testcase> <!-- PROD_Farmville_VA_SiteCrawler -->
  <testcase classname="AutomationCode.TestCases" name="PROD_ChattanoogaTN_SiteCrawler" time="0.0">
    <ignored/>
  </testcase> <!-- PROD_ChattanoogaTN_SiteCrawler -->
  <testcase classname="AutomationCode.TestCases" name="GP1070_LM_RM_LS1_RS1_TEST_03" time="0.0">
    <ignored/>
  </testcase> <!-- GP1070_LM_RM_LS1_RS1_TEST_03 -->
  <testcase classname="AutomationCode.TestCases" name="PROD_Kyiv_Ukraine_SiteCrawler" time="0.0">
    <ignored/>
  </testcase> <!-- PROD_Kyiv_Ukraine_SiteCrawler -->
  <testcase classname="AutomationCode.TestCases" name="GP1090_FTR_LM_1S_RM_S2_LS1_RS1_BASE" time="0.0">
    <ignored/>
  </testcase> <!-- GP1090_FTR_LM_1S_RM_S2_LS1_RS1_BASE -->
  <testcase classname="AutomationCode.TestCases" name="ProdPayment_DedHamma_Safari" time="0.0">
    <ignored/>
  </testcase> <!-- ProdPayment_DedHamma_Safari -->
  <testcase classname="AutomationCode.TestCases" name="GP1013_LM_TEST_07" time="0.0">
    <ignored/>
  </testcase> <!-- GP1013_LM_TEST_07 -->
  <testcase classname="AutomationCode.TestCases" name="GP1034_RM_172469350" time="0.0">
    <ignored/>
  </testcase> <!-- GP1034_RM_172469350 -->
  <testcase classname="AutomationCode.TestCases" name="PROD_Lancelot_Entertainment_SiteCrawler" time="0.0">
    <ignored/>
  </testcase> <!-- PROD_Lancelot_Entertainment_SiteCrawler -->
  <testcase classname="AutomationCode.TestCases" name="GP1020_LM_TrueUp_LS1_IG1_VG1" time="0.0">
    <ignored/>
  </testcase> <!-- GP1020_LM_TrueUp_LS1_IG1_VG1 -->
  <testcase classname="AutomationCode.TestCases" name="ProdPayment_DedHamma_Firefox" time="0.0">
    <ignored/>
  </testcase> <!-- ProdPayment_DedHamma_Firefox -->
  <testcase classname="AutomationCode.TestCases" name="GP1094_RTF_LM_1S_RM_S2_LS1_RS2_BASE" time="0.0">
    <ignored/>
  </testcase> <!-- GP1094_RTF_LM_1S_RM_S2_LS1_RS2_BASE -->
  <testcase classname="AutomationCode.TestCases" name="GP1032_RM_169354167" time="0.0">
    <ignored/>
  </testcase> <!-- GP1032_RM_169354167 -->
  <testcase classname="AutomationCode.TestCases" name="GP1086_Template_LM_2RM_BS_SEQS_M_ALT_SP_CPLS_CCPLS_CCPRTLS" time="0.0">
    <ignored/>
  </testcase> <!-- GP1086_Template_LM_2RM_BS_SEQS_M_ALT_SP_CPLS_CCPLS_CCPRTLS -->
  <testcase classname="AutomationCode.TestCases" name="PROD_PMC_SiteCrawler" time="0.0">
    <ignored/>
  </testcase> <!-- PROD_PMC_SiteCrawler -->
  <testcase classname="AutomationCode.TestCases" name="PROD_San_Antonio_TX_SiteCrawler" time="0.0">
    <ignored/>
  </testcase> <!-- PROD_San_Antonio_TX_SiteCrawler -->
  <testcase classname="AutomationCode.TestCases" name="PROD_Newton_MA_SiteCrawler" time="0.0">
    <ignored/>
  </testcase> <!-- PROD_Newton_MA_SiteCrawler -->
  <testcase classname="AutomationCode.TestCases" name="GP1083_LM_2RM_BS_SEQS_M_SEQS_SP_TEST_04" time="0.0">
    <ignored/>
  </testcase> <!-- GP1083_LM_2RM_BS_SEQS_M_SEQS_SP_TEST_04 -->
  <testcase classname="AutomationCode.TestCases" name="GP1095_LM_2S_RM_1S_LS1_RS1_BASE" time="0.0">
    <ignored/>
  </testcase> <!-- GP1095_LM_2S_RM_1S_LS1_RS1_BASE -->
  <testcase classname="AutomationCode.TestCases" name="PROD_DC_SiteCrawler" time="0.0">
    <ignored/>
  </testcase> <!-- PROD_DC_SiteCrawler -->
  <testcase classname="AutomationCode.TestCases" name="PROD_Temple_TX_SiteCrawler" time="0.0">
    <ignored/>
  </testcase> <!-- PROD_Temple_TX_SiteCrawler -->
  <testcase classname="AutomationCode.TestCases" name="GP1045_RM_SP2_BASE_170116397" time="0.0">
    <ignored/>
  </testcase> <!-- GP1045_RM_SP2_BASE_170116397 -->
  <testcase classname="AutomationCode.TestCases" name="GP1041_RM_TrueUp_RS1_IG0_VG0" time="0.0">
    <ignored/>
  </testcase> <!-- GP1041_RM_TrueUp_RS1_IG0_VG0 -->
  <testcase classname="AutomationCode.TestCases" name="PROD_Laramie_WY_SiteCrawler" time="0.0">
    <ignored/>
  </testcase> <!-- PROD_Laramie_WY_SiteCrawler -->
  <testcase classname="AutomationCode.TestCases" name="PROD_Wilkes_Barre_PA_SiteCrawler" time="0.0">
    <ignored/>
  </testcase> <!-- PROD_Wilkes_Barre_PA_SiteCrawler -->
  <testcase classname="AutomationCode.TestCases" name="PROD_Linden_NJ_SiteCrawler" time="0.0">
    <ignored/>
  </testcase> <!-- PROD_Linden_NJ_SiteCrawler -->
  <testcase classname="AutomationCode.TestCases" name="GP1076_LM_RM_LS1_RS2_TEST_02" time="0.0">
    <ignored/>
  </testcase> <!-- GP1076_LM_RM_LS1_RS2_TEST_02 -->
  <testcase classname="AutomationCode.TestCases" name="PROD_University_of_Maryland_SiteCrawler" time="0.0">
    <ignored/>
  </testcase> <!-- PROD_University_of_Maryland_SiteCrawler -->
  <testcase classname="AutomationCode.TestCases" name="GP1011_LM_TEST_05" time="0.0">
    <ignored/>
  </testcase> <!-- GP1011_LM_TEST_05 -->
  <testcase classname="AutomationCode.TestCases" name="GP1088_Template_FTR_LM_2RM_BS_SEQS_M_SEQS_SP_BASE" time="0.0">
    <ignored/>
  </testcase> <!-- GP1088_Template_FTR_LM_2RM_BS_SEQS_M_SEQS_SP_BASE -->
  <testcase classname="AutomationCode.TestCases" name="PROD_Parkwell_CO_SiteCrawler" time="0.0">
    <ignored/>
  </testcase> <!-- PROD_Parkwell_CO_SiteCrawler -->
  <testcase classname="AutomationCode.TestCases" name="GP1052_DLM_DRM_169347804" time="0.0">
    <ignored/>
  </testcase> <!-- GP1052_DLM_DRM_169347804 -->
  <testcase classname="AutomationCode.TestCases" name="PROD_Everett_MA_SiteCrawler" time="0.0">
    <ignored/>
  </testcase> <!-- PROD_Everett_MA_SiteCrawler -->
  <testcase classname="AutomationCode.TestCases" name="PROD_Koilkuntla_AP_SiteCrawler" time="0.0">
    <ignored/>
  </testcase> <!-- PROD_Koilkuntla_AP_SiteCrawler -->
  <testcase classname="AutomationCode.TestCases" name="PROD_Alatus_MPLS_Parking_SiteCrawler" time="0.0">
    <ignored/>
  </testcase> <!-- PROD_Alatus_MPLS_Parking_SiteCrawler -->
  <testcase classname="AutomationCode.TestCases" name="PROD_Minnetonka_SiteCrawler" time="0.0">
    <ignored/>
  </testcase> <!-- PROD_Minnetonka_SiteCrawler -->
  <testcase classname="AutomationCode.TestCases" name="ProdPayment_Premium_Firefox" time="0.0">
    <ignored/>
  </testcase> <!-- ProdPayment_Premium_Firefox -->
  <testcase classname="AutomationCode.TestCases" name="PROD_Passaic_NJ_SiteCrawler" time="0.0">
    <ignored/>
  </testcase> <!-- PROD_Passaic_NJ_SiteCrawler -->
  <testcase classname="AutomationCode.TestCases" name="PROD_Manassas_VA_SiteCrawler" time="0.0">
    <ignored/>
  </testcase> <!-- PROD_Manassas_VA_SiteCrawler -->
  <testcase classname="AutomationCode.TestCases" name="PROD_Lowell_MA_SiteCrawler" time="0.0">
    <ignored/>
  </testcase> <!-- PROD_Lowell_MA_SiteCrawler -->
  <testcase classname="AutomationCode.TestCases" name="Parked_InitialGracePeriodExceeded_LeftSpot_ViolationStatusEqualsMissed" time="0.0">
    <ignored/>
  </testcase> <!-- Parked_InitialGracePeriodExceeded_LeftSpot_ViolationStatusEqualsMissed -->
  <testcase classname="AutomationCode.TestCases" name="GP1087_Template_LM_2RM_BS_SEQS_M_SEQS_SP_BASE" time="0.0">
    <ignored/>
  </testcase> <!-- GP1087_Template_LM_2RM_BS_SEQS_M_SEQS_SP_BASE -->
  <testcase classname="AutomationCode.TestCases" name="GP1071_FTR_LM_RM_LS1_RS1_BASE" time="0.0">
    <ignored/>
  </testcase> <!-- GP1071_FTR_LM_RM_LS1_RS1_BASE -->
  <testcase classname="AutomationCode.TestCases" name="ProdPayment_Premium_Safari" time="0.0">
    <ignored/>
  </testcase> <!-- ProdPayment_Premium_Safari -->
  <testcase classname="AutomationCode.TestCases" name="GP1023_FTR_LM_BASE" time="0.0">
    <ignored/>
  </testcase> <!-- GP1023_FTR_LM_BASE -->
  <testcase classname="AutomationCode.TestCases" name="ROOT_ViolationGenerator_SP1" time="0.0">
    <ignored/>
  </testcase> <!-- ROOT_ViolationGenerator_SP1 -->
  <testcase classname="AutomationCode.TestCases" name="ProdPayment_Premium_Chrome" time="0.0">
    <ignored/>
  </testcase> <!-- ProdPayment_Premium_Chrome -->
  <testcase classname="AutomationCode.TestCases" name="GP1036_RM_TEST_02" time="0.0">
    <ignored/>
  </testcase> <!-- GP1036_RM_TEST_02 -->
  <testcase classname="AutomationCode.TestCases" name="GP1068_LM_RM_LS1_RS1_TEST_01" time="0.0">
    <ignored/>
  </testcase> <!-- GP1068_LM_RM_LS1_RS1_TEST_01 -->
  <testcase classname="AutomationCode.TestCases" name="GP1025_FTR_LM_TEST_01" time="0.0">
    <ignored/>
  </testcase> <!-- GP1025_FTR_LM_TEST_01 -->
  <testcase classname="AutomationCode.TestCases" name="GP1054_DLM_DRM_BS_TEST_01" time="0.0">
    <ignored/>
  </testcase> <!-- GP1054_DLM_DRM_BS_TEST_01 -->
  <testcase classname="AutomationCode.TestCases" name="GP1056_DLM_DRM_BS_TEST_03" time="0.0">
    <ignored/>
  </testcase> <!-- GP1056_DLM_DRM_BS_TEST_03 -->
  <testcase classname="AutomationCode.TestCases" name="PROD_South_River_NJ_SiteCrawler" time="0.0">
    <ignored/>
  </testcase> <!-- PROD_South_River_NJ_SiteCrawler -->
  <testcase classname="AutomationCode.TestCases" name="PROD_ClevelandTN_SiteCrawler" time="0.0">
    <ignored/>
  </testcase> <!-- PROD_ClevelandTN_SiteCrawler -->
  <testcase classname="AutomationCode.TestCases" name="PROD_The_Woonerf_Lot_SiteCrawler" time="0.0">
    <ignored/>
  </testcase> <!-- PROD_The_Woonerf_Lot_SiteCrawler -->
  <testcase classname="AutomationCode.TestCases" name="PROD_University_of_Texas_at_Austin_SiteCrawler" time="0.0">
    <ignored/>
  </testcase> <!-- PROD_University_of_Texas_at_Austin_SiteCrawler -->
  <testcase classname="AutomationCode.TestCases" name="PROD_RaceTrac_SiteCrawler" time="0.0">
    <ignored/>
  </testcase> <!-- PROD_RaceTrac_SiteCrawler -->
  <testcase classname="AutomationCode.TestCases" name="GP1059_DLM_DRM_BS_TEST_06" time="0.0">
    <ignored/>
  </testcase> <!-- GP1059_DLM_DRM_BS_TEST_06 -->
  <testcase classname="AutomationCode.TestCases" name="ProdPayment_Woonerf_Chrome" time="0.0">
    <ignored/>
  </testcase> <!-- ProdPayment_Woonerf_Chrome -->
  <testcase classname="AutomationCode.TestCases" name="GP1043_FTR_RM_BASE" time="0.0">
    <ignored/>
  </testcase> <!-- GP1043_FTR_RM_BASE -->
  <testcase classname="AutomationCode.TestCases" name="G100_Global_FTR_RM_SP1_Test1" time="0.0">
    <ignored/>
  </testcase> <!-- G100_Global_FTR_RM_SP1_Test1 -->
  <testcase classname="AutomationCode.TestCases" name="PROD_St_Edwards_University_SiteCrawler" time="0.0">
    <ignored/>
  </testcase> <!-- PROD_St_Edwards_University_SiteCrawler -->
  <testcase classname="AutomationCode.TestCases" name="GP1079_LM_2RM_BS_SEQS_M_SEQS_SP_BASE" time="0.0">
    <ignored/>
  </testcase> <!-- GP1079_LM_2RM_BS_SEQS_M_SEQS_SP_BASE -->
  <testcase classname="AutomationCode.TestCases" name="GP1089_LM_1S_RM_2S_LS1_RS1_BASE" time="0.0">
    <ignored/>
  </testcase> <!-- GP1089_LM_1S_RM_2S_LS1_RS1_BASE -->
  <testcase classname="AutomationCode.TestCases" name="GP1003_LM_MaintenanceMode_169885853" time="0.0">
    <ignored/>
  </testcase> <!-- GP1003_LM_MaintenanceMode_169885853 -->
  <testcase classname="AutomationCode.TestCases" name="PROD_Berkshire_Properties_SiteCrawler" time="0.0">
    <ignored/>
  </testcase> <!-- PROD_Berkshire_Properties_SiteCrawler -->
  <testcase classname="AutomationCode.TestCases" name="PROD_Hamtramck_MI_SiteCrawler" time="0.0">
    <ignored/>
  </testcase> <!-- PROD_Hamtramck_MI_SiteCrawler -->
  <testcase classname="AutomationCode.TestCases" name="ROOT_Park_Exit_SP1" time="0.0">
    <ignored/>
  </testcase> <!-- ROOT_Park_Exit_SP1 -->
  <testcase classname="AutomationCode.TestCases" name="PROD_University_of_Minnesota_SiteCrawler" time="0.0">
    <ignored/>
  </testcase> <!-- PROD_University_of_Minnesota_SiteCrawler -->
  <testcase classname="AutomationCode.TestCases" name="GP1062_DLM_DRM_BS_TEST_09" time="0.0">
    <ignored/>
  </testcase> <!-- GP1062_DLM_DRM_BS_TEST_09 -->
  <testcase classname="AutomationCode.TestCases" name="S1006_UU_VT_SA_NS_MON_NC_VHS" time="0.0">
    <ignored/>
  </testcase> <!-- S1006_UU_VT_SA_NS_MON_NC_VHS -->
  <testcase classname="AutomationCode.TestCases" name="GP1060_DLM_DRM_BS_TEST_07" time="0.0">
    <ignored/>
  </testcase> <!-- GP1060_DLM_DRM_BS_TEST_07 -->
  <testcase classname="AutomationCode.TestCases" name="PROD_Tufts_SiteCrawler" time="0.0">
    <ignored/>
  </testcase> <!-- PROD_Tufts_SiteCrawler -->
  <testcase classname="AutomationCode.TestCases" name="ProdPayment_Woonerf_Safari" time="0.0">
    <ignored/>
  </testcase> <!-- ProdPayment_Woonerf_Safari -->
  <testcase classname="AutomationCode.TestCases" name="GP1097_RTF_LM_2S_RM_S1_LS1_RS2_BASE" time="0.0">
    <ignored/>
  </testcase> <!-- GP1097_RTF_LM_2S_RM_S1_LS1_RS2_BASE -->
  <testcase classname="AutomationCode.TestCases" name="PROD_Hazleton_PA_SiteCrawler" time="0.0">
    <ignored/>
  </testcase> <!-- PROD_Hazleton_PA_SiteCrawler -->
  <testcase classname="AutomationCode.TestCases" name="PROD_Horn_Properties_SiteCrawler" time="0.0">
    <ignored/>
  </testcase> <!-- PROD_Horn_Properties_SiteCrawler -->
  <testcase classname="AutomationCode.TestCases" name="GP1075_LM_RM_LS1_RS2_TEST_01" time="0.0">
    <ignored/>
  </testcase> <!-- GP1075_LM_RM_LS1_RS2_TEST_01 -->
  <testcase classname="AutomationCode.TestCases" name="S1004_RU_VT_SS_SP_MOFF_NC_VHS" time="0.0">
    <ignored/>
  </testcase> <!-- S1004_RU_VT_SS_SP_MOFF_NC_VHS -->
  <testcase classname="AutomationCode.TestCases" name="GP1021_LM_TrueUp_LS1_CGPV_CCP" time="0.0">
    <ignored/>
  </testcase> <!-- GP1021_LM_TrueUp_LS1_CGPV_CCP -->
  <testcase classname="AutomationCode.TestCases" name="GP1080_LM_2RM_BS_SEQS_M_SEQS_SP_TEST_01" time="0.0">
    <ignored/>
  </testcase> <!-- GP1080_LM_2RM_BS_SEQS_M_SEQS_SP_TEST_01 -->
  <testcase classname="AutomationCode.TestCases" name="ProdPayment_Flint_Chrome" time="0.0">
    <ignored/>
  </testcase> <!-- ProdPayment_Flint_Chrome -->
  <testcase classname="AutomationCode.TestCases" name="PROD_Bridepilot_SiteCrawler" time="0.0">
    <ignored/>
  </testcase> <!-- PROD_Bridepilot_SiteCrawler -->
  <testcase classname="AutomationCode.TestCases" name="PROD_XTO_Energy_SiteCrawler" time="0.0">
    <ignored/>
  </testcase> <!-- PROD_XTO_Energy_SiteCrawler -->
  <testcase classname="AutomationCode.TestCases" name="PROD_Interstate_Parking_SiteCrawler" time="0.0">
    <ignored/>
  </testcase> <!-- PROD_Interstate_Parking_SiteCrawler -->
  <testcase classname="AutomationCode.TestCases" name="PROD_Park_Place_GA_SiteCrawler" time="0.0">
    <ignored/>
  </testcase> <!-- PROD_Park_Place_GA_SiteCrawler -->
  <testcase classname="AutomationCode.TestCases" name="GP1009_LM_TEST_03" time="0.0">
    <ignored/>
  </testcase> <!-- GP1009_LM_TEST_03 -->
  <testcase classname="AutomationCode.TestCases" name="PROD_New_Haven_CT_SiteCrawler" time="0.0">
    <ignored/>
  </testcase> <!-- PROD_New_Haven_CT_SiteCrawler -->
  <testcase classname="AutomationCode.TestCases" name="PROD_Little_Falls_NJ_SiteCrawler" time="0.0">
    <ignored/>
  </testcase> <!-- PROD_Little_Falls_NJ_SiteCrawler -->
  <testcase classname="AutomationCode.TestCases" name="GP1063_FTR_DLM_DRM_BS_BASE" time="0.0">
    <ignored/>
  </testcase> <!-- GP1063_FTR_DLM_DRM_BS_BASE -->
  <testcase classname="AutomationCode.TestCases" name="GP1066_FTR_LM_RM_LS2_RS1_BASE" time="0.0">
    <ignored/>
  </testcase> <!-- GP1066_FTR_LM_RM_LS2_RS1_BASE -->
  <testcase classname="AutomationCode.TestCases" name="PROD_Bridgepilot_SiteCrawler" time="0.0">
    <ignored/>
  </testcase> <!-- PROD_Bridgepilot_SiteCrawler -->
  <testcase classname="AutomationCode.TestCases" name="PROD_Garfield_NJ_SiteCrawler" time="0.0">
    <ignored/>
  </testcase> <!-- PROD_Garfield_NJ_SiteCrawler -->
  <testcase classname="AutomationCode.TestCases" name="GP1008_LM_TEST_02" time="0.0">
    <ignored/>
  </testcase> <!-- GP1008_LM_TEST_02 -->
  <testcase classname="AutomationCode.TestCases" name="ProdPayment_Flint_Safari" time="0.0">
    <ignored/>
  </testcase> <!-- ProdPayment_Flint_Safari -->
  <testcase classname="AutomationCode.TestCases" name="GP1046_FTR_RM_SP1_BASE" time="0.0">
    <ignored/>
  </testcase> <!-- GP1046_FTR_RM_SP1_BASE -->
  <testcase classname="AutomationCode.TestCases" name="PROD_McAllen_TX_SiteCrawler" time="0.0">
    <ignored/>
  </testcase> <!-- PROD_McAllen_TX_SiteCrawler -->
  <testcase classname="AutomationCode.TestCases" name="PROD_Indianapolis_IN_SiteCrawler" time="0.0">
    <ignored/>
  </testcase> <!-- PROD_Indianapolis_IN_SiteCrawler -->
  <testcase classname="AutomationCode.TestCases" name="PROD_Pottsville_PA_SiteCrawler" time="0.0">
    <ignored/>
  </testcase> <!-- PROD_Pottsville_PA_SiteCrawler -->
  <testcase classname="AutomationCode.TestCases" name="G100_MultiRemoteTest" time="0.0">
    <ignored/>
  </testcase> <!-- G100_MultiRemoteTest -->
  <testcase classname="AutomationCode.TestCases" name="GP1085_Template_LM_2RM_BS_SEQS_M_ALT_SP_BASE" time="0.0">
    <ignored/>
  </testcase> <!-- GP1085_Template_LM_2RM_BS_SEQS_M_ALT_SP_BASE -->
  <testcase classname="AutomationCode.TestCases" name="PROD_Lake_Orion_MI_SiteCrawler" time="0.0">
    <ignored/>
  </testcase> <!-- PROD_Lake_Orion_MI_SiteCrawler -->
  <testcase classname="AutomationCode.TestCases" name="PROD_Titusville_PA_SiteCrawler" time="0.0">
    <ignored/>
  </testcase> <!-- PROD_Titusville_PA_SiteCrawler -->
  <testcase classname="AutomationCode.TestCases" name="GP1035_RM_TEST_01" time="0.0">
    <ignored/>
  </testcase> <!-- GP1035_RM_TEST_01 -->
  <testcase classname="AutomationCode.TestCases" name="GP1012_LM_TEST_06" time="0.0">
    <ignored/>
  </testcase> <!-- GP1012_LM_TEST_06 -->
  <testcase classname="AutomationCode.TestCases" name="PROD_Quinnipiac_University_SiteCrawler" time="0.0">
    <ignored/>
  </testcase> <!-- PROD_Quinnipiac_University_SiteCrawler -->
  <testcase classname="AutomationCode.TestCases" name="GP1019_LM_TrueUp_LS1_IG0_VG0" time="0.0">
    <ignored/>
  </testcase> <!-- GP1019_LM_TrueUp_LS1_IG0_VG0 -->
  <testcase classname="AutomationCode.TestCases" name="GP1024_FTR_LM_CCPRTLS_MMFPLS_CCPLS" time="0.0">
    <ignored/>
  </testcase> <!-- GP1024_FTR_LM_CCPRTLS_MMFPLS_CCPLS -->
  <testcase classname="AutomationCode.TestCases" name="GP1091_RTF_LM_1S_RM_S2_LS1_RS1_BASE" time="0.0">
    <ignored/>
  </testcase> <!-- GP1091_RTF_LM_1S_RM_S2_LS1_RS1_BASE -->
  <testcase classname="AutomationCode.TestCases" name="PROD_Manchester_by_the_Sea" time="0.0">
    <ignored/>
  </testcase> <!-- PROD_Manchester_by_the_Sea -->
</testsuite>
