<?xml version="1.0" encoding="UTF-8"?>
<!-- Generated by org.testng.reporters.JUnitXMLReporter -->
<testsuite hostname="MacBook-Pro-4.local" ignored="177" name="PaymentSiteTestCases" tests="8" failures="1" timestamp="12 Sep 2024 21:09:29 GMT" time="0.548" errors="0">
  <testcase name="@AfterMethod AfterMethod" time="0.008" classname="AutomationCode.TestCases">
    <failure type="java.lang.NullPointerException">
      <![CDATA[java.lang.NullPointerException
at AutomationCode.Database.WriteTestResultsTo_PaymentSitesDatabase(Database.java:325)
at AutomationCode.TestCases.AfterMethod(TestCases.java:149)
at java.util.concurrent.FutureTask.run(FutureTask.java:266)
at java.util.concurrent.ThreadPoolExecutor.runWorker(ThreadPoolExecutor.java:1149)
at java.util.concurrent.ThreadPoolExecutor$Worker.run(ThreadPoolExecutor.java:624)
at java.lang.Thread.run(Thread.java:750)
... Removed 19 stack frames]]>
    </failure>
  </testcase> <!-- @AfterMethod AfterMethod -->
  <testcase name="@AfterMethod AfterMethod" time="0.001" classname="AutomationCode.TestCases">
    <failure type="java.lang.NullPointerException">
      <![CDATA[java.lang.NullPointerException
at AutomationCode.Database.WriteTestResultsTo_PaymentSitesDatabase(Database.java:325)
at AutomationCode.TestCases.AfterMethod(TestCases.java:149)
at java.util.concurrent.FutureTask.run(FutureTask.java:266)
at java.util.concurrent.ThreadPoolExecutor.runWorker(ThreadPoolExecutor.java:1149)
at java.util.concurrent.ThreadPoolExecutor$Worker.run(ThreadPoolExecutor.java:624)
at java.lang.Thread.run(Thread.java:750)
... Removed 19 stack frames]]>
    </failure>
  </testcase> <!-- @AfterMethod AfterMethod -->
  <testcase name="@AfterMethod AfterMethod" time="0.001" classname="AutomationCode.TestCases">
    <failure type="java.lang.NullPointerException">
      <![CDATA[java.lang.NullPointerException
at AutomationCode.Database.WriteTestResultsTo_PaymentSitesDatabase(Database.java:325)
at AutomationCode.TestCases.AfterMethod(TestCases.java:149)
at java.util.concurrent.FutureTask.run(FutureTask.java:266)
at java.util.concurrent.ThreadPoolExecutor.runWorker(ThreadPoolExecutor.java:1149)
at java.util.concurrent.ThreadPoolExecutor$Worker.run(ThreadPoolExecutor.java:624)
at java.lang.Thread.run(Thread.java:750)
... Removed 19 stack frames]]>
    </failure>
  </testcase> <!-- @AfterMethod AfterMethod -->
  <testcase name="@AfterMethod AfterMethod" time="0.002" classname="AutomationCode.TestCases">
    <failure type="java.lang.NullPointerException">
      <![CDATA[java.lang.NullPointerException
at AutomationCode.Database.WriteTestResultsTo_PaymentSitesDatabase(Database.java:325)
at AutomationCode.TestCases.AfterMethod(TestCases.java:149)
at java.util.concurrent.FutureTask.run(FutureTask.java:266)
at java.util.concurrent.ThreadPoolExecutor.runWorker(ThreadPoolExecutor.java:1149)
at java.util.concurrent.ThreadPoolExecutor$Worker.run(ThreadPoolExecutor.java:624)
at java.lang.Thread.run(Thread.java:750)
... Removed 19 stack frames]]>
    </failure>
  </testcase> <!-- @AfterMethod AfterMethod -->
  <testcase name="@AfterMethod AfterMethod" time="0.002" classname="AutomationCode.TestCases">
    <failure type="java.lang.NullPointerException">
      <![CDATA[java.lang.NullPointerException
at AutomationCode.Database.WriteTestResultsTo_PaymentSitesDatabase(Database.java:325)
at AutomationCode.TestCases.AfterMethod(TestCases.java:149)
at java.util.concurrent.FutureTask.run(FutureTask.java:266)
at java.util.concurrent.ThreadPoolExecutor.runWorker(ThreadPoolExecutor.java:1149)
at java.util.concurrent.ThreadPoolExecutor$Worker.run(ThreadPoolExecutor.java:624)
at java.lang.Thread.run(Thread.java:750)
... Removed 19 stack frames]]>
    </failure>
  </testcase> <!-- @AfterMethod AfterMethod -->
  <testcase name="@AfterMethod AfterMethod" time="0.003" classname="AutomationCode.TestCases">
    <failure type="java.lang.NullPointerException">
      <![CDATA[java.lang.NullPointerException
at AutomationCode.Database.WriteTestResultsTo_PaymentSitesDatabase(Database.java:325)
at AutomationCode.TestCases.AfterMethod(TestCases.java:149)
at java.util.concurrent.FutureTask.run(FutureTask.java:266)
at java.util.concurrent.ThreadPoolExecutor.runWorker(ThreadPoolExecutor.java:1149)
at java.util.concurrent.ThreadPoolExecutor$Worker.run(ThreadPoolExecutor.java:624)
at java.lang.Thread.run(Thread.java:750)
... Removed 19 stack frames]]>
    </failure>
  </testcase> <!-- @AfterMethod AfterMethod -->
  <testcase name="@AfterMethod AfterMethod" time="0.001" classname="AutomationCode.TestCases">
    <failure type="java.lang.NullPointerException">
      <![CDATA[java.lang.NullPointerException
at AutomationCode.Database.WriteTestResultsTo_PaymentSitesDatabase(Database.java:325)
at AutomationCode.TestCases.AfterMethod(TestCases.java:149)
at java.util.concurrent.FutureTask.run(FutureTask.java:266)
at java.util.concurrent.ThreadPoolExecutor.runWorker(ThreadPoolExecutor.java:1149)
at java.util.concurrent.ThreadPoolExecutor$Worker.run(ThreadPoolExecutor.java:624)
at java.lang.Thread.run(Thread.java:750)
... Removed 19 stack frames]]>
    </failure>
  </testcase> <!-- @AfterMethod AfterMethod -->
  <testcase name="@AfterMethod AfterMethod" time="0.002" classname="AutomationCode.TestCases">
    <failure type="java.lang.NullPointerException">
      <![CDATA[java.lang.NullPointerException
at AutomationCode.Database.WriteTestResultsTo_PaymentSitesDatabase(Database.java:325)
at AutomationCode.TestCases.AfterMethod(TestCases.java:149)
at java.util.concurrent.FutureTask.run(FutureTask.java:266)
at java.util.concurrent.ThreadPoolExecutor.runWorker(ThreadPoolExecutor.java:1149)
at java.util.concurrent.ThreadPoolExecutor$Worker.run(ThreadPoolExecutor.java:624)
at java.lang.Thread.run(Thread.java:750)
... Removed 19 stack frames]]>
    </failure>
  </testcase> <!-- @AfterMethod AfterMethod -->
  <testcase name="@AfterTest StopIOSServer" time="0.0" classname="AutomationCode.TestCases">
    <skipped/>
  </testcase> <!-- @AfterTest StopIOSServer -->
  <testcase name="ProdPayment_Flint_Firefox" time="0.018" classname="AutomationCode.TestCases">
    <failure type="java.lang.NullPointerException">
      <![CDATA[java.lang.NullPointerException
at AutomationCode.TestCases.getDriver(TestCases.java:120)
at AutomationCode.TestCases.ProdPayment_Flint_Firefox(TestCases.java:13361)
at java.util.concurrent.FutureTask.run(FutureTask.java:266)
at java.util.concurrent.ThreadPoolExecutor.runWorker(ThreadPoolExecutor.java:1149)
at java.util.concurrent.ThreadPoolExecutor$Worker.run(ThreadPoolExecutor.java:624)
at java.lang.Thread.run(Thread.java:750)
... Removed 16 stack frames]]>
    </failure>
  </testcase> <!-- ProdPayment_Flint_Firefox -->
  <testcase name="ProdPayment_Flint_Safari" time="0.0" classname="AutomationCode.TestCases">
    <skipped/>
  </testcase> <!-- ProdPayment_Flint_Safari -->
  <testcase name="ProdPayment_Premium_Firefox" time="0.0" classname="AutomationCode.TestCases">
    <skipped/>
  </testcase> <!-- ProdPayment_Premium_Firefox -->
  <testcase name="ProdPayment_Premium_Safari" time="0.0" classname="AutomationCode.TestCases">
    <skipped/>
  </testcase> <!-- ProdPayment_Premium_Safari -->
  <testcase name="ProdPayment_Tufts_Firefox" time="0.0" classname="AutomationCode.TestCases">
    <skipped/>
  </testcase> <!-- ProdPayment_Tufts_Firefox -->
  <testcase name="ProdPayment_Tufts_Safari" time="0.0" classname="AutomationCode.TestCases">
    <skipped/>
  </testcase> <!-- ProdPayment_Tufts_Safari -->
  <testcase name="ProdPayment_Woonerf_Firefox" time="0.0" classname="AutomationCode.TestCases">
    <skipped/>
  </testcase> <!-- ProdPayment_Woonerf_Firefox -->
  <testcase name="ProdPayment_Woonerf_Safari" time="0.0" classname="AutomationCode.TestCases">
    <skipped/>
  </testcase> <!-- ProdPayment_Woonerf_Safari -->
  <testcase name="G100_Global_FTR_LM_1S_RM_S2_LS1_RS1_BASE" time="0.0" classname="AutomationCode.TestCases">
    <ignored/>
  </testcase> <!-- G100_Global_FTR_LM_1S_RM_S2_LS1_RS1_BASE -->
  <testcase name="PROD_Springfield_MA_SiteCrawler" time="0.0" classname="AutomationCode.TestCases">
    <ignored/>
  </testcase> <!-- PROD_Springfield_MA_SiteCrawler -->
  <testcase name="PROD_BridgeportCT_SiteCrawler" time="0.0" classname="AutomationCode.TestCases">
    <ignored/>
  </testcase> <!-- PROD_BridgeportCT_SiteCrawler -->
  <testcase name="G100_Global_LM_RM_LS1_RS2_BASE_CPLS_CCPLS_CCPRTLS" time="0.0" classname="AutomationCode.TestCases">
    <ignored/>
  </testcase> <!-- G100_Global_LM_RM_LS1_RS2_BASE_CPLS_CCPLS_CCPRTLS -->
  <testcase name="G100_Global_FTR_LM_CCPRTLS_MMFPLS_CCPLS" time="0.0" classname="AutomationCode.TestCases">
    <ignored/>
  </testcase> <!-- G100_Global_FTR_LM_CCPRTLS_MMFPLS_CCPLS -->
  <testcase name="G100_Global_RM_TrueUp_RS1_IG1_VG0" time="0.0" classname="AutomationCode.TestCases">
    <ignored/>
  </testcase> <!-- G100_Global_RM_TrueUp_RS1_IG1_VG0 -->
  <testcase name="G100_Global_RM_TrueUp_RS1_IG1_VG1" time="0.0" classname="AutomationCode.TestCases">
    <ignored/>
  </testcase> <!-- G100_Global_RM_TrueUp_RS1_IG1_VG1 -->
  <testcase name="PROD_Quincy_MA_SiteCrawler" time="0.0" classname="AutomationCode.TestCases">
    <ignored/>
  </testcase> <!-- PROD_Quincy_MA_SiteCrawler -->
  <testcase name="G100_Global_RTF_LM_POELS_CPLS_CPLS_WULSRTEZ_W2_VMTUTLS2_CPLS" time="0.0" classname="AutomationCode.TestCases">
    <ignored/>
  </testcase> <!-- G100_Global_RTF_LM_POELS_CPLS_CPLS_WULSRTEZ_W2_VMTUTLS2_CPLS -->
  <testcase name="G100_Global_RM_Test4" time="0.0" classname="AutomationCode.TestCases">
    <ignored/>
  </testcase> <!-- G100_Global_RM_Test4 -->
  <testcase name="G100_Global_RM_Test2" time="0.0" classname="AutomationCode.TestCases">
    <ignored/>
  </testcase> <!-- G100_Global_RM_Test2 -->
  <testcase name="G100_Global_RM_Test3" time="0.0" classname="AutomationCode.TestCases">
    <ignored/>
  </testcase> <!-- G100_Global_RM_Test3 -->
  <testcase name="PROD_Palisades_Park_NJ_SiteCrawler" time="0.0" classname="AutomationCode.TestCases">
    <ignored/>
  </testcase> <!-- PROD_Palisades_Park_NJ_SiteCrawler -->
  <testcase name="SECO_ViolationGenerator_SP1_SP2" time="0.0" classname="AutomationCode.TestCases">
    <ignored/>
  </testcase> <!-- SECO_ViolationGenerator_SP1_SP2 -->
  <testcase name="G100_Global_RM_Test1" time="0.0" classname="AutomationCode.TestCases">
    <ignored/>
  </testcase> <!-- G100_Global_RM_Test1 -->
  <testcase name="PROD_Flint_MI_SiteCrawler" time="0.0" classname="AutomationCode.TestCases">
    <ignored/>
  </testcase> <!-- PROD_Flint_MI_SiteCrawler -->
  <testcase name="G100_Global_179135398" time="0.0" classname="AutomationCode.TestCases">
    <ignored/>
  </testcase> <!-- G100_Global_179135398 -->
  <testcase name="PROD_Pittsfield_SiteCrawler" time="0.0" classname="AutomationCode.TestCases">
    <ignored/>
  </testcase> <!-- PROD_Pittsfield_SiteCrawler -->
  <testcase name="PROD_ChattanoogaTN_SiteCrawler" time="0.0" classname="AutomationCode.TestCases">
    <ignored/>
  </testcase> <!-- PROD_ChattanoogaTN_SiteCrawler -->
  <testcase name="G100_Global_LM_POELS_WUIGPTELS_VVSTLS_W9_VMTUTLS9_CSBLS_ESNLS_ICLS_S3_ICLS_S3_ICLS" time="0.0" classname="AutomationCode.TestCases">
    <ignored/>
  </testcase> <!-- G100_Global_LM_POELS_WUIGPTELS_VVSTLS_W9_VMTUTLS9_CSBLS_ESNLS_ICLS_S3_ICLS_S3_ICLS -->
  <testcase name="PROD_Kyiv_Ukraine_SiteCrawler" time="0.0" classname="AutomationCode.TestCases">
    <ignored/>
  </testcase> <!-- PROD_Kyiv_Ukraine_SiteCrawler -->
  <testcase name="G100_Global_FTR_LM_RM_LS1_RS2_BASE" time="0.0" classname="AutomationCode.TestCases">
    <ignored/>
  </testcase> <!-- G100_Global_FTR_LM_RM_LS1_RS2_BASE -->
  <testcase name="ROOT_Park_Exit_SP1_SP2" time="0.0" classname="AutomationCode.TestCases">
    <ignored/>
  </testcase> <!-- ROOT_Park_Exit_SP1_SP2 -->
  <testcase name="G100_Global_RM_SP2_BASE" time="0.0" classname="AutomationCode.TestCases">
    <ignored/>
  </testcase> <!-- G100_Global_RM_SP2_BASE -->
  <testcase name="G100_Global_LM_RM_LS1_RS1_Test3" time="0.0" classname="AutomationCode.TestCases">
    <ignored/>
  </testcase> <!-- G100_Global_LM_RM_LS1_RS1_Test3 -->
  <testcase name="ProdPayment_DedHamma_Safari" time="0.0" classname="AutomationCode.TestCases">
    <ignored/>
  </testcase> <!-- ProdPayment_DedHamma_Safari -->
  <testcase name="G100_Global_RTF_LM_BASE" time="0.0" classname="AutomationCode.TestCases">
    <ignored/>
  </testcase> <!-- G100_Global_RTF_LM_BASE -->
  <testcase name="G100_Global_LM_1S_RM_2S_LS1_RS2_BASE" time="0.0" classname="AutomationCode.TestCases">
    <ignored/>
  </testcase> <!-- G100_Global_LM_1S_RM_2S_LS1_RS2_BASE -->
  <testcase name="G100_Global_RM_BASE" time="0.0" classname="AutomationCode.TestCases">
    <ignored/>
  </testcase> <!-- G100_Global_RM_BASE -->
  <testcase name="G100_Template_FTR_LM_2RM_BS_SEQS_M_SEQS_SP_BASE" time="0.0" classname="AutomationCode.TestCases">
    <ignored/>
  </testcase> <!-- G100_Template_FTR_LM_2RM_BS_SEQS_M_SEQS_SP_BASE -->
  <testcase name="ProdPayment_DedHamma_Firefox" time="0.0" classname="AutomationCode.TestCases">
    <ignored/>
  </testcase> <!-- ProdPayment_DedHamma_Firefox -->
  <testcase name="G100_Global_LM_TrueUp_LS1_CGPV_CCP" time="0.0" classname="AutomationCode.TestCases">
    <ignored/>
  </testcase> <!-- G100_Global_LM_TrueUp_LS1_CGPV_CCP -->
  <testcase name="G100_Global_RTF_LM_1S_RM_S2_LS1_RS2_BASE" time="0.0" classname="AutomationCode.TestCases">
    <ignored/>
  </testcase> <!-- G100_Global_RTF_LM_1S_RM_S2_LS1_RS2_BASE -->
  <testcase name="G100_Global_LM_MaintenanceMode_169885853" time="0.0" classname="AutomationCode.TestCases">
    <ignored/>
  </testcase> <!-- G100_Global_LM_MaintenanceMode_169885853 -->
  <testcase name="G100_Global_LM_RM_LS1_RS1_Test2" time="0.0" classname="AutomationCode.TestCases">
    <ignored/>
  </testcase> <!-- G100_Global_LM_RM_LS1_RS1_Test2 -->
  <testcase name="G100_Global_DLM_DRM_BS_172438908" time="0.0" classname="AutomationCode.TestCases">
    <ignored/>
  </testcase> <!-- G100_Global_DLM_DRM_BS_172438908 -->
  <testcase name="G100_Global_LM_RM_LS1_RS1_Test1" time="0.0" classname="AutomationCode.TestCases">
    <ignored/>
  </testcase> <!-- G100_Global_LM_RM_LS1_RS1_Test1 -->
  <testcase name="G100_Global_LM_Test10" time="0.0" classname="AutomationCode.TestCases">
    <ignored/>
  </testcase> <!-- G100_Global_LM_Test10 -->
  <testcase name="PROD_San_Antonio_TX_SiteCrawler" time="0.0" classname="AutomationCode.TestCases">
    <ignored/>
  </testcase> <!-- PROD_San_Antonio_TX_SiteCrawler -->
  <testcase name="PROD_Newton_MA_SiteCrawler" time="0.0" classname="AutomationCode.TestCases">
    <ignored/>
  </testcase> <!-- PROD_Newton_MA_SiteCrawler -->
  <testcase name="S1005_RU_VT_SS_SP_MON_NC_VHS" time="0.0" classname="AutomationCode.TestCases">
    <ignored/>
  </testcase> <!-- S1005_RU_VT_SS_SP_MON_NC_VHS -->
  <testcase name="PROD_DC_SiteCrawler" time="0.0" classname="AutomationCode.TestCases">
    <ignored/>
  </testcase> <!-- PROD_DC_SiteCrawler -->
  <testcase name="PROD_AugsburgCollege_SiteCrawler" time="0.0" classname="AutomationCode.TestCases">
    <ignored/>
  </testcase> <!-- PROD_AugsburgCollege_SiteCrawler -->
  <testcase name="PROD_Laramie_WY_SiteCrawler" time="0.0" classname="AutomationCode.TestCases">
    <ignored/>
  </testcase> <!-- PROD_Laramie_WY_SiteCrawler -->
  <testcase name="PROD_Nahariya_Israel_SiteCrawler" time="0.0" classname="AutomationCode.TestCases">
    <ignored/>
  </testcase> <!-- PROD_Nahariya_Israel_SiteCrawler -->
  <testcase name="G100_Global_LM_RM_LS1_RS2_Test2" time="0.0" classname="AutomationCode.TestCases">
    <ignored/>
  </testcase> <!-- G100_Global_LM_RM_LS1_RS2_Test2 -->
  <testcase name="PROD_Kennesaw_State_University_SiteCrawler" time="0.0" classname="AutomationCode.TestCases">
    <ignored/>
  </testcase> <!-- PROD_Kennesaw_State_University_SiteCrawler -->
  <testcase name="G100_Global_LM_RM_LS1_RS2_Test3" time="0.0" classname="AutomationCode.TestCases">
    <ignored/>
  </testcase> <!-- G100_Global_LM_RM_LS1_RS2_Test3 -->
  <testcase name="G100_Global_FTR_LM_RM_LS2_RS1_BASE" time="0.0" classname="AutomationCode.TestCases">
    <ignored/>
  </testcase> <!-- G100_Global_FTR_LM_RM_LS2_RS1_BASE -->
  <testcase name="G100_Global_DLM_DRM_BS_BASE" time="0.0" classname="AutomationCode.TestCases">
    <ignored/>
  </testcase> <!-- G100_Global_DLM_DRM_BS_BASE -->
  <testcase name="PROD_Hartford_CT_SiteCrawler" time="0.0" classname="AutomationCode.TestCases">
    <ignored/>
  </testcase> <!-- PROD_Hartford_CT_SiteCrawler -->
  <testcase name="PROD_University_of_Maryland_SiteCrawler" time="0.0" classname="AutomationCode.TestCases">
    <ignored/>
  </testcase> <!-- PROD_University_of_Maryland_SiteCrawler -->
  <testcase name="PROD_GeorgiaSouthern_SiteCrawler" time="0.0" classname="AutomationCode.TestCases">
    <ignored/>
  </testcase> <!-- PROD_GeorgiaSouthern_SiteCrawler -->
  <testcase name="PROD_University_of_Texas_SiteCrawler" time="0.0" classname="AutomationCode.TestCases">
    <ignored/>
  </testcase> <!-- PROD_University_of_Texas_SiteCrawler -->
  <testcase name="PROD_Lake_Minnetonka_SiteCrawler" time="0.0" classname="AutomationCode.TestCases">
    <ignored/>
  </testcase> <!-- PROD_Lake_Minnetonka_SiteCrawler -->
  <testcase name="PROD_Premium_New_Orleans_SiteCrawler" time="0.0" classname="AutomationCode.TestCases">
    <ignored/>
  </testcase> <!-- PROD_Premium_New_Orleans_SiteCrawler -->
  <testcase name="PROD_Royal_Oak_MI_SiteCrawler" time="0.0" classname="AutomationCode.TestCases">
    <ignored/>
  </testcase> <!-- PROD_Royal_Oak_MI_SiteCrawler -->
  <testcase name="G100_Global_FTR_RM_SP1_BASE" time="0.0" classname="AutomationCode.TestCases">
    <ignored/>
  </testcase> <!-- G100_Global_FTR_RM_SP1_BASE -->
  <testcase name="G100_Global_LM_RM_LS1_RS2_Test1" time="0.0" classname="AutomationCode.TestCases">
    <ignored/>
  </testcase> <!-- G100_Global_LM_RM_LS1_RS2_Test1 -->
  <testcase name="S1002_RU_VT_SA_NS_MON_NC_VHS" time="0.0" classname="AutomationCode.TestCases">
    <ignored/>
  </testcase> <!-- S1002_RU_VT_SA_NS_MON_NC_VHS -->
  <testcase name="G100_Global_LM_POELS_WUIGPTELS_VVSTLS_W9_VMTUTLS9_CPLS_CPLS_183365985" time="0.0" classname="AutomationCode.TestCases">
    <ignored/>
  </testcase> <!-- G100_Global_LM_POELS_WUIGPTELS_VVSTLS_W9_VMTUTLS9_CPLS_CPLS_183365985 -->
  <testcase name="PROD_AlatusParking_SiteCrawler" time="0.0" classname="AutomationCode.TestCases">
    <ignored/>
  </testcase> <!-- PROD_AlatusParking_SiteCrawler -->
  <testcase name="PROD_Dedham_MA_SiteCrawler" time="0.0" classname="AutomationCode.TestCases">
    <ignored/>
  </testcase> <!-- PROD_Dedham_MA_SiteCrawler -->
  <testcase name="G100_Global_RTF_LM_POELS_WUIGPTELS_S5_VVSTLS_WUMFETLS_ESNLS_VCAE" time="0.0" classname="AutomationCode.TestCases">
    <ignored/>
  </testcase> <!-- G100_Global_RTF_LM_POELS_WUIGPTELS_S5_VVSTLS_WUMFETLS_ESNLS_VCAE -->
  <testcase name="PROD_Virginia_Beach_SiteCrawler" time="0.0" classname="AutomationCode.TestCases">
    <ignored/>
  </testcase> <!-- PROD_Virginia_Beach_SiteCrawler -->
  <testcase name="PROD_Koilkuntla_AP_SiteCrawler" time="0.0" classname="AutomationCode.TestCases">
    <ignored/>
  </testcase> <!-- PROD_Koilkuntla_AP_SiteCrawler -->
  <testcase name="PROD_Minnetonka_SiteCrawler" time="0.0" classname="AutomationCode.TestCases">
    <ignored/>
  </testcase> <!-- PROD_Minnetonka_SiteCrawler -->
  <testcase name="PROD_Passaic_NJ_SiteCrawler" time="0.0" classname="AutomationCode.TestCases">
    <ignored/>
  </testcase> <!-- PROD_Passaic_NJ_SiteCrawler -->
  <testcase name="G100_Global_DLM_DRM_169347804" time="0.0" classname="AutomationCode.TestCases">
    <ignored/>
  </testcase> <!-- G100_Global_DLM_DRM_169347804 -->
  <testcase name="PROD_Manassas_VA_SiteCrawler" time="0.0" classname="AutomationCode.TestCases">
    <ignored/>
  </testcase> <!-- PROD_Manassas_VA_SiteCrawler -->
  <testcase name="Continuous" time="0.0" classname="AutomationCode.TestCases">
    <ignored/>
  </testcase> <!-- Continuous -->
  <testcase name="G100_Global_FTR_DLM_DRM_BS_BASE" time="0.0" classname="AutomationCode.TestCases">
    <ignored/>
  </testcase> <!-- G100_Global_FTR_DLM_DRM_BS_BASE -->
  <testcase name="G100_Global_FTR_LM_Test1" time="0.0" classname="AutomationCode.TestCases">
    <ignored/>
  </testcase> <!-- G100_Global_FTR_LM_Test1 -->
  <testcase name="G100_Global_LM_TrueUp_LS1_IG0_VG1" time="0.0" classname="AutomationCode.TestCases">
    <ignored/>
  </testcase> <!-- G100_Global_LM_TrueUp_LS1_IG0_VG1 -->
  <testcase name="PROD_Lowell_MA_SiteCrawler" time="0.0" classname="AutomationCode.TestCases">
    <ignored/>
  </testcase> <!-- PROD_Lowell_MA_SiteCrawler -->
  <testcase name="Parked_InitialGracePeriodExceeded_LeftSpot_ViolationStatusEqualsMissed" time="0.0" classname="AutomationCode.TestCases">
    <ignored/>
  </testcase> <!-- Parked_InitialGracePeriodExceeded_LeftSpot_ViolationStatusEqualsMissed -->
  <testcase name="G100_Global_LM_TrueUp_LS1_IG0_VG0" time="0.0" classname="AutomationCode.TestCases">
    <ignored/>
  </testcase> <!-- G100_Global_LM_TrueUp_LS1_IG0_VG0 -->
  <testcase name="G100_Global_RTF_LM_185364676" time="0.0" classname="AutomationCode.TestCases">
    <ignored/>
  </testcase> <!-- G100_Global_RTF_LM_185364676 -->
  <testcase name="PROD_Panasonic_Smart_City_SiteCrawler" time="0.0" classname="AutomationCode.TestCases">
    <ignored/>
  </testcase> <!-- PROD_Panasonic_Smart_City_SiteCrawler -->
  <testcase name="PROD_Virginia_Tech_SiteCrawler" time="0.0" classname="AutomationCode.TestCases">
    <ignored/>
  </testcase> <!-- PROD_Virginia_Tech_SiteCrawler -->
  <testcase name="G100_Template_LM_2RM_BS_SEQS_M_ALT_SP_CPLS_CCPLS_CCPRTLS" time="0.0" classname="AutomationCode.TestCases">
    <ignored/>
  </testcase> <!-- G100_Template_LM_2RM_BS_SEQS_M_ALT_SP_CPLS_CCPLS_CCPRTLS -->
  <testcase name="ROOT_ViolationGenerator_SP1" time="0.0" classname="AutomationCode.TestCases">
    <ignored/>
  </testcase> <!-- ROOT_ViolationGenerator_SP1 -->
  <testcase name="ProdPayment_Premium_Chrome" time="0.0" classname="AutomationCode.TestCases">
    <ignored/>
  </testcase> <!-- ProdPayment_Premium_Chrome -->
  <testcase name="G100_Global_LM_TrueUp_LS1_IG1_VG0" time="0.0" classname="AutomationCode.TestCases">
    <ignored/>
  </testcase> <!-- G100_Global_LM_TrueUp_LS1_IG1_VG0 -->
  <testcase name="G100_Global_FTR_RM_BASE" time="0.0" classname="AutomationCode.TestCases">
    <ignored/>
  </testcase> <!-- G100_Global_FTR_RM_BASE -->
  <testcase name="G100_Global_RTF_LM_2S_RM_S1_LS1_RS2_BASE" time="0.0" classname="AutomationCode.TestCases">
    <ignored/>
  </testcase> <!-- G100_Global_RTF_LM_2S_RM_S1_LS1_RS2_BASE -->
  <testcase name="G100_Global_LM_RM_LS1_RS2_BASE" time="0.0" classname="AutomationCode.TestCases">
    <ignored/>
  </testcase> <!-- G100_Global_LM_RM_LS1_RS2_BASE -->
  <testcase name="G100_Global_LM_2RM_BS_SEQS_M_SEQS_SP_BASE" time="0.0" classname="AutomationCode.TestCases">
    <ignored/>
  </testcase> <!-- G100_Global_LM_2RM_BS_SEQS_M_SEQS_SP_BASE -->
  <testcase name="G100_Global_LM_RM_LS1_RS2_170267899" time="0.0" classname="AutomationCode.TestCases">
    <ignored/>
  </testcase> <!-- G100_Global_LM_RM_LS1_RS2_170267899 -->
  <testcase name="Meter_SetBegunEqualFalse" time="0.0" classname="AutomationCode.TestCases">
    <ignored/>
  </testcase> <!-- Meter_SetBegunEqualFalse -->
  <testcase name="PROD_South_River_NJ_SiteCrawler" time="0.0" classname="AutomationCode.TestCases">
    <ignored/>
  </testcase> <!-- PROD_South_River_NJ_SiteCrawler -->
  <testcase name="PROD_ClevelandTN_SiteCrawler" time="0.0" classname="AutomationCode.TestCases">
    <ignored/>
  </testcase> <!-- PROD_ClevelandTN_SiteCrawler -->
  <testcase name="G100_Global_RM_169354167" time="0.0" classname="AutomationCode.TestCases">
    <ignored/>
  </testcase> <!-- G100_Global_RM_169354167 -->
  <testcase name="G100_Template_LM_2RM_BS_SEQS_M_ALT_SP_BASE" time="0.0" classname="AutomationCode.TestCases">
    <ignored/>
  </testcase> <!-- G100_Template_LM_2RM_BS_SEQS_M_ALT_SP_BASE -->
  <testcase name="PROD_The_Woonerf_Lot_SiteCrawler" time="0.0" classname="AutomationCode.TestCases">
    <ignored/>
  </testcase> <!-- PROD_The_Woonerf_Lot_SiteCrawler -->
  <testcase name="G100_Global_LM_1S_RM_2S_LS1_RS1_BASE" time="0.0" classname="AutomationCode.TestCases">
    <ignored/>
  </testcase> <!-- G100_Global_LM_1S_RM_2S_LS1_RS1_BASE -->
  <testcase name="ProdPayment_Woonerf_Chrome" time="0.0" classname="AutomationCode.TestCases">
    <ignored/>
  </testcase> <!-- ProdPayment_Woonerf_Chrome -->
  <testcase name="G100_Global_FTR_RM_SP1_Test1" time="0.0" classname="AutomationCode.TestCases">
    <ignored/>
  </testcase> <!-- G100_Global_FTR_RM_SP1_Test1 -->
  <testcase name="G100_Global_LM_2S_RM_1S_LS1_RS1_BASE" time="0.0" classname="AutomationCode.TestCases">
    <ignored/>
  </testcase> <!-- G100_Global_LM_2S_RM_1S_LS1_RS1_BASE -->
  <testcase name="G100_Global_RM_TrueUp_RS1_IG0_VG0" time="0.0" classname="AutomationCode.TestCases">
    <ignored/>
  </testcase> <!-- G100_Global_RM_TrueUp_RS1_IG0_VG0 -->
  <testcase name="G100_Global_RTF_LM_1S_RM_S2_LS1_RS1_BASE" time="0.0" classname="AutomationCode.TestCases">
    <ignored/>
  </testcase> <!-- G100_Global_RTF_LM_1S_RM_S2_LS1_RS1_BASE -->
  <testcase name="PROD_ChelseaMA_SiteCrawler" time="0.0" classname="AutomationCode.TestCases">
    <ignored/>
  </testcase> <!-- PROD_ChelseaMA_SiteCrawler -->
  <testcase name="G100_Global_FTR_RM_SP1_Test3" time="0.0" classname="AutomationCode.TestCases">
    <ignored/>
  </testcase> <!-- G100_Global_FTR_RM_SP1_Test3 -->
  <testcase name="G100_Global_RM_TrueUp_RS1_IG0_VG1" time="0.0" classname="AutomationCode.TestCases">
    <ignored/>
  </testcase> <!-- G100_Global_RM_TrueUp_RS1_IG0_VG1 -->
  <testcase name="G100_Global_FTR_RM_SP1_Test2" time="0.0" classname="AutomationCode.TestCases">
    <ignored/>
  </testcase> <!-- G100_Global_FTR_RM_SP1_Test2 -->
  <testcase name="G100_Global_LM_Test7" time="0.0" classname="AutomationCode.TestCases">
    <ignored/>
  </testcase> <!-- G100_Global_LM_Test7 -->
  <testcase name="PROD_Somerville_MA_SiteCrawler" time="0.0" classname="AutomationCode.TestCases">
    <ignored/>
  </testcase> <!-- PROD_Somerville_MA_SiteCrawler -->
  <testcase name="ROOT_ViolationGenerator_SP1_SP2" time="0.0" classname="AutomationCode.TestCases">
    <ignored/>
  </testcase> <!-- ROOT_ViolationGenerator_SP1_SP2 -->
  <testcase name="G100_Global_LM_Base" time="0.0" classname="AutomationCode.TestCases">
    <ignored/>
  </testcase> <!-- G100_Global_LM_Base -->
  <testcase name="G100_Global_LM_Test6" time="0.0" classname="AutomationCode.TestCases">
    <ignored/>
  </testcase> <!-- G100_Global_LM_Test6 -->
  <testcase name="G100_Global_LM_RM_LS2_RS1_BASE" time="0.0" classname="AutomationCode.TestCases">
    <ignored/>
  </testcase> <!-- G100_Global_LM_RM_LS2_RS1_BASE -->
  <testcase name="PROD_Hamtramck_MI_SiteCrawler" time="0.0" classname="AutomationCode.TestCases">
    <ignored/>
  </testcase> <!-- PROD_Hamtramck_MI_SiteCrawler -->
  <testcase name="G100_Global_LM_Test8" time="0.0" classname="AutomationCode.TestCases">
    <ignored/>
  </testcase> <!-- G100_Global_LM_Test8 -->
  <testcase name="G100_Global_LM_Test3" time="0.0" classname="AutomationCode.TestCases">
    <ignored/>
  </testcase> <!-- G100_Global_LM_Test3 -->
  <testcase name="G100_Global_LM_Test2" time="0.0" classname="AutomationCode.TestCases">
    <ignored/>
  </testcase> <!-- G100_Global_LM_Test2 -->
  <testcase name="ROOT_Park_Exit_SP1" time="0.0" classname="AutomationCode.TestCases">
    <ignored/>
  </testcase> <!-- ROOT_Park_Exit_SP1 -->
  <testcase name="G100_Global_LM_Test5" time="0.0" classname="AutomationCode.TestCases">
    <ignored/>
  </testcase> <!-- G100_Global_LM_Test5 -->
  <testcase name="G100_Global_LM_Test4" time="0.0" classname="AutomationCode.TestCases">
    <ignored/>
  </testcase> <!-- G100_Global_LM_Test4 -->
  <testcase name="S1006_UU_VT_SA_NS_MON_NC_VHS" time="0.0" classname="AutomationCode.TestCases">
    <ignored/>
  </testcase> <!-- S1006_UU_VT_SA_NS_MON_NC_VHS -->
  <testcase name="G100_Global_RM_169320965" time="0.0" classname="AutomationCode.TestCases">
    <ignored/>
  </testcase> <!-- G100_Global_RM_169320965 -->
  <testcase name="PROD_Tufts_SiteCrawler" time="0.0" classname="AutomationCode.TestCases">
    <ignored/>
  </testcase> <!-- PROD_Tufts_SiteCrawler -->
  <testcase name="G100_Global_FTR_RM_SP1_TEST1" time="0.0" classname="AutomationCode.TestCases">
    <ignored/>
  </testcase> <!-- G100_Global_FTR_RM_SP1_TEST1 -->
  <testcase name="PROD_West_Springfield_MA_SiteCrawler" time="0.0" classname="AutomationCode.TestCases">
    <ignored/>
  </testcase> <!-- PROD_West_Springfield_MA_SiteCrawler -->
  <testcase name="G100_Global_LM_Test9" time="0.0" classname="AutomationCode.TestCases">
    <ignored/>
  </testcase> <!-- G100_Global_LM_Test9 -->
  <testcase name="G100_Global_FTR_LM_BASE" time="0.0" classname="AutomationCode.TestCases">
    <ignored/>
  </testcase> <!-- G100_Global_FTR_LM_BASE -->
  <testcase name="PROD_New_Britain_CT_SiteCrawler" time="0.0" classname="AutomationCode.TestCases">
    <ignored/>
  </testcase> <!-- PROD_New_Britain_CT_SiteCrawler -->
  <testcase name="G100_Global_RM_SP2_BASE_170116397" time="0.0" classname="AutomationCode.TestCases">
    <ignored/>
  </testcase> <!-- G100_Global_RM_SP2_BASE_170116397 -->
  <testcase name="G100_Global_LM_Test1" time="0.0" classname="AutomationCode.TestCases">
    <ignored/>
  </testcase> <!-- G100_Global_LM_Test1 -->
  <testcase name="S1004_RU_VT_SS_SP_MOFF_NC_VHS" time="0.0" classname="AutomationCode.TestCases">
    <ignored/>
  </testcase> <!-- S1004_RU_VT_SS_SP_MOFF_NC_VHS -->
  <testcase name="G100_Global_RM_172469350" time="0.0" classname="AutomationCode.TestCases">
    <ignored/>
  </testcase> <!-- G100_Global_RM_172469350 -->
  <testcase name="S1003_RU_IT_SS_SP_MOFF_NC_VHS" time="0.0" classname="AutomationCode.TestCases">
    <ignored/>
  </testcase> <!-- S1003_RU_IT_SS_SP_MOFF_NC_VHS -->
  <testcase name="ProdPayment_Flint_Chrome" time="0.0" classname="AutomationCode.TestCases">
    <ignored/>
  </testcase> <!-- ProdPayment_Flint_Chrome -->
  <testcase name="PROD_CoxCommunication_SiteCrawler" time="0.0" classname="AutomationCode.TestCases">
    <ignored/>
  </testcase> <!-- PROD_CoxCommunication_SiteCrawler -->
  <testcase name="PROD_XTO_Energy_SiteCrawler" time="0.0" classname="AutomationCode.TestCases">
    <ignored/>
  </testcase> <!-- PROD_XTO_Energy_SiteCrawler -->
  <testcase name="PROD_Interstate_Parking_SiteCrawler" time="0.0" classname="AutomationCode.TestCases">
    <ignored/>
  </testcase> <!-- PROD_Interstate_Parking_SiteCrawler -->
  <testcase name="PROD_New_Haven_CT_SiteCrawler" time="0.0" classname="AutomationCode.TestCases">
    <ignored/>
  </testcase> <!-- PROD_New_Haven_CT_SiteCrawler -->
  <testcase name="PROD_Bridgepilot_SiteCrawler" time="0.0" classname="AutomationCode.TestCases">
    <ignored/>
  </testcase> <!-- PROD_Bridgepilot_SiteCrawler -->
  <testcase name="PROD_Garfield_NJ_SiteCrawler" time="0.0" classname="AutomationCode.TestCases">
    <ignored/>
  </testcase> <!-- PROD_Garfield_NJ_SiteCrawler -->
  <testcase name="G100_Global_DLM_DRM_BS_Test8" time="0.0" classname="AutomationCode.TestCases">
    <ignored/>
  </testcase> <!-- G100_Global_DLM_DRM_BS_Test8 -->
  <testcase name="S1007_UU_VT_SA_NS_MOFF_NC_VHS" time="0.0" classname="AutomationCode.TestCases">
    <ignored/>
  </testcase> <!-- S1007_UU_VT_SA_NS_MOFF_NC_VHS -->
  <testcase name="G100_Global_DLM_DRM_BS_Test9" time="0.0" classname="AutomationCode.TestCases">
    <ignored/>
  </testcase> <!-- G100_Global_DLM_DRM_BS_Test9 -->
  <testcase name="G100_Global_FTR_LM_1S_RM_S2_LS1_RS2_BASE" time="0.0" classname="AutomationCode.TestCases">
    <ignored/>
  </testcase> <!-- G100_Global_FTR_LM_1S_RM_S2_LS1_RS2_BASE -->
  <testcase name="G100_Template_LM_2RM_BS_SEQS_M_SEQS_SP_BASE" time="0.0" classname="AutomationCode.TestCases">
    <ignored/>
  </testcase> <!-- G100_Template_LM_2RM_BS_SEQS_M_SEQS_SP_BASE -->
  <testcase name="G100_Global_LM_RM_LS2_RS1_Test1" time="0.0" classname="AutomationCode.TestCases">
    <ignored/>
  </testcase> <!-- G100_Global_LM_RM_LS2_RS1_Test1 -->
  <testcase name="PROD_Denver_CO_SiteCrawler" time="0.0" classname="AutomationCode.TestCases">
    <ignored/>
  </testcase> <!-- PROD_Denver_CO_SiteCrawler -->
  <testcase name="G100_Global_LM_MaintenanceMode_169832015" time="0.0" classname="AutomationCode.TestCases">
    <ignored/>
  </testcase> <!-- G100_Global_LM_MaintenanceMode_169832015 -->
  <testcase name="G100_Global_LM_RM_LS1_RS1_BASE" time="0.0" classname="AutomationCode.TestCases">
    <ignored/>
  </testcase> <!-- G100_Global_LM_RM_LS1_RS1_BASE -->
  <testcase name="G100_Global_RM_MaintenanceMode_169629728" time="0.0" classname="AutomationCode.TestCases">
    <ignored/>
  </testcase> <!-- G100_Global_RM_MaintenanceMode_169629728 -->
  <testcase name="G100_Global_DLM_DRM_BS_Test2" time="0.0" classname="AutomationCode.TestCases">
    <ignored/>
  </testcase> <!-- G100_Global_DLM_DRM_BS_Test2 -->
  <testcase name="G100_Global_FTR_LM_RM_LS1_RS1_BASE" time="0.0" classname="AutomationCode.TestCases">
    <ignored/>
  </testcase> <!-- G100_Global_FTR_LM_RM_LS1_RS1_BASE -->
  <testcase name="G100_Global_DLM_DRM_BS_Test3" time="0.0" classname="AutomationCode.TestCases">
    <ignored/>
  </testcase> <!-- G100_Global_DLM_DRM_BS_Test3 -->
  <testcase name="PROD_Indianapolis_IN_SiteCrawler" time="0.0" classname="AutomationCode.TestCases">
    <ignored/>
  </testcase> <!-- PROD_Indianapolis_IN_SiteCrawler -->
  <testcase name="G100_Global_DLM_DRM_BS_Test1" time="0.0" classname="AutomationCode.TestCases">
    <ignored/>
  </testcase> <!-- G100_Global_DLM_DRM_BS_Test1 -->
  <testcase name="G100_Global_DLM_DRM_BS_Test6" time="0.0" classname="AutomationCode.TestCases">
    <ignored/>
  </testcase> <!-- G100_Global_DLM_DRM_BS_Test6 -->
  <testcase name="PROD_manualpremium_SiteCrawler" time="0.0" classname="AutomationCode.TestCases">
    <ignored/>
  </testcase> <!-- PROD_manualpremium_SiteCrawler -->
  <testcase name="ProdPayment_DedHamma_Chrome" time="0.0" classname="AutomationCode.TestCases">
    <ignored/>
  </testcase> <!-- ProdPayment_DedHamma_Chrome -->
  <testcase name="G100_Global_DLM_DRM_BS_Test4" time="0.0" classname="AutomationCode.TestCases">
    <ignored/>
  </testcase> <!-- G100_Global_DLM_DRM_BS_Test4 -->
  <testcase name="G100_Global_DLM_DRM_BS_Test5" time="0.0" classname="AutomationCode.TestCases">
    <ignored/>
  </testcase> <!-- G100_Global_DLM_DRM_BS_Test5 -->
  <testcase name="PROD_Holyoke_MA_SiteCrawler" time="0.0" classname="AutomationCode.TestCases">
    <ignored/>
  </testcase> <!-- PROD_Holyoke_MA_SiteCrawler -->
  <testcase name="S1001_RU_VT_SA_NS_MOFF_NC_VHS" time="0.0" classname="AutomationCode.TestCases">
    <ignored/>
  </testcase> <!-- S1001_RU_VT_SA_NS_MOFF_NC_VHS -->
  <testcase name="PROD_New_Orleans_LA_SiteCrawler" time="0.0" classname="AutomationCode.TestCases">
    <ignored/>
  </testcase> <!-- PROD_New_Orleans_LA_SiteCrawler -->
  <testcase name="ProdPayment_Tufts_Chrome" time="0.0" classname="AutomationCode.TestCases">
    <ignored/>
  </testcase> <!-- ProdPayment_Tufts_Chrome -->
  <testcase name="G100_Global_DLM_DRM_BS_Test7" time="0.0" classname="AutomationCode.TestCases">
    <ignored/>
  </testcase> <!-- G100_Global_DLM_DRM_BS_Test7 -->
  <testcase name="G100_MultiRemoteTest" time="0.0" classname="AutomationCode.TestCases">
    <ignored/>
  </testcase> <!-- G100_MultiRemoteTest -->
  <testcase name="G100_Global_LM_2RM_BS_SEQS_M_SEQS_SP_Test3" time="0.0" classname="AutomationCode.TestCases">
    <ignored/>
  </testcase> <!-- G100_Global_LM_2RM_BS_SEQS_M_SEQS_SP_Test3 -->
  <testcase name="PROD_Lake_Orion_MI_SiteCrawler" time="0.0" classname="AutomationCode.TestCases">
    <ignored/>
  </testcase> <!-- PROD_Lake_Orion_MI_SiteCrawler -->
  <testcase name="G100_Global_LM_2RM_BS_SEQS_M_SEQS_SP_Test2" time="0.0" classname="AutomationCode.TestCases">
    <ignored/>
  </testcase> <!-- G100_Global_LM_2RM_BS_SEQS_M_SEQS_SP_Test2 -->
  <testcase name="Parked_InitialGracePeriodExceeded_EmptySpot_ViolationStatusEqualsMissed" time="0.0" classname="AutomationCode.TestCases">
    <ignored/>
  </testcase> <!-- Parked_InitialGracePeriodExceeded_EmptySpot_ViolationStatusEqualsMissed -->
  <testcase name="G100_Global_LM_2RM_BS_SEQS_M_SEQS_SP_Test4" time="0.0" classname="AutomationCode.TestCases">
    <ignored/>
  </testcase> <!-- G100_Global_LM_2RM_BS_SEQS_M_SEQS_SP_Test4 -->
  <testcase name="PROD_BendOR_SiteCrawler" time="0.0" classname="AutomationCode.TestCases">
    <ignored/>
  </testcase> <!-- PROD_BendOR_SiteCrawler -->
  <testcase name="G100_Global_FTR_LM_2S_RM_S1_LS1_RS2_BASE" time="0.0" classname="AutomationCode.TestCases">
    <ignored/>
  </testcase> <!-- G100_Global_FTR_LM_2S_RM_S1_LS1_RS2_BASE -->
  <testcase name="PROD_CedarhurstNY_SiteCrawler" time="0.0" classname="AutomationCode.TestCases">
    <ignored/>
  </testcase> <!-- PROD_CedarhurstNY_SiteCrawler -->
  <testcase name="PROD_Quinnipiac_University_SiteCrawler" time="0.0" classname="AutomationCode.TestCases">
    <ignored/>
  </testcase> <!-- PROD_Quinnipiac_University_SiteCrawler -->
  <testcase name="G100_Global_LM_2RM_BS_SEQS_M_SEQS_SP_Test1" time="0.0" classname="AutomationCode.TestCases">
    <ignored/>
  </testcase> <!-- G100_Global_LM_2RM_BS_SEQS_M_SEQS_SP_Test1 -->
  <testcase name="G100_Global_LM_MaintenanceMode_169718110" time="0.0" classname="AutomationCode.TestCases">
    <ignored/>
  </testcase> <!-- G100_Global_LM_MaintenanceMode_169718110 -->
  <testcase name="G100_Global_LM_TrueUp_LS1_CGPV_CCPR" time="0.0" classname="AutomationCode.TestCases">
    <ignored/>
  </testcase> <!-- G100_Global_LM_TrueUp_LS1_CGPV_CCPR -->
  <testcase name="G100_Global_LM_TrueUp_LS1_IG1_VG1" time="0.0" classname="AutomationCode.TestCases">
    <ignored/>
  </testcase> <!-- G100_Global_LM_TrueUp_LS1_IG1_VG1 -->
</testsuite> <!-- PaymentSiteTestCases -->
