<?xml version="1.0" encoding="UTF-8"?>
<!-- Generated by org.testng.reporters.JUnitXMLReporter -->
<testsuite ignored="0" hostname="MacBook-Pro-4.local" failures="1" tests="219" name="Meter_TestCases" time="35.717" errors="0" timestamp="2025-03-30T18:48:41 CDT">
  <testcase classname="AutomationCode.Meter_TestCases" name="@AfterMethod AfterMethod" time="0.253">
    <failure type="java.lang.NullPointerException" message="Cannot invoke &amp;quot;String.equals(Object)&amp;quot; because &amp;quot;strMeterUser&amp;quot; is null">
      <![CDATA[java.lang.NullPointerException: Cannot invoke "String.equals(Object)" because "strMeterUser" is null
at AutomationCode.Meter.METER_CopyLogTraceLocally(Meter.java:9942)
at AutomationCode.Meter_TestCases.AfterMethod(Meter_TestCases.java:166)
at java.base/java.util.ArrayList.forEach(ArrayList.java:1596)
at java.base/java.util.concurrent.FutureTask.run(FutureTask.java:317)
at java.base/java.util.concurrent.ThreadPoolExecutor.runWorker(ThreadPoolExecutor.java:1144)
at java.base/java.util.concurrent.ThreadPoolExecutor$Worker.run(ThreadPoolExecutor.java:642)
at java.base/java.lang.Thread.run(Thread.java:1583)
... Removed 20 stack frames]]>
    </failure>
  </testcase> <!-- @AfterMethod AfterMethod -->
  <testcase classname="AutomationCode.Meter_TestCases" name="@AfterMethod AfterMethod" time="0.14">
    <failure type="java.lang.NullPointerException" message="Cannot invoke &amp;quot;String.equals(Object)&amp;quot; because &amp;quot;strMeterUser&amp;quot; is null">
      <![CDATA[java.lang.NullPointerException: Cannot invoke "String.equals(Object)" because "strMeterUser" is null
at AutomationCode.Meter.METER_CopyLogTraceLocally(Meter.java:9942)
at AutomationCode.Meter_TestCases.AfterMethod(Meter_TestCases.java:166)
at java.base/java.util.ArrayList.forEach(ArrayList.java:1596)
at java.base/java.util.concurrent.FutureTask.run(FutureTask.java:317)
at java.base/java.util.concurrent.ThreadPoolExecutor.runWorker(ThreadPoolExecutor.java:1144)
at java.base/java.util.concurrent.ThreadPoolExecutor$Worker.run(ThreadPoolExecutor.java:642)
at java.base/java.lang.Thread.run(Thread.java:1583)
... Removed 20 stack frames]]>
    </failure>
  </testcase> <!-- @AfterMethod AfterMethod -->
  <testcase classname="AutomationCode.Meter_TestCases" name="@AfterMethod AfterMethod" time="0.146">
    <failure type="java.lang.NullPointerException" message="Cannot invoke &amp;quot;String.equals(Object)&amp;quot; because &amp;quot;strMeterUser&amp;quot; is null">
      <![CDATA[java.lang.NullPointerException: Cannot invoke "String.equals(Object)" because "strMeterUser" is null
at AutomationCode.Meter.METER_CopyLogTraceLocally(Meter.java:9942)
at AutomationCode.Meter_TestCases.AfterMethod(Meter_TestCases.java:166)
at java.base/java.util.ArrayList.forEach(ArrayList.java:1596)
at java.base/java.util.concurrent.FutureTask.run(FutureTask.java:317)
at java.base/java.util.concurrent.ThreadPoolExecutor.runWorker(ThreadPoolExecutor.java:1144)
at java.base/java.util.concurrent.ThreadPoolExecutor$Worker.run(ThreadPoolExecutor.java:642)
at java.base/java.lang.Thread.run(Thread.java:1583)
... Removed 20 stack frames]]>
    </failure>
  </testcase> <!-- @AfterMethod AfterMethod -->
  <testcase classname="AutomationCode.Meter_TestCases" name="@AfterMethod AfterMethod" time="0.146">
    <failure type="java.lang.NullPointerException" message="Cannot invoke &amp;quot;String.equals(Object)&amp;quot; because &amp;quot;strMeterUser&amp;quot; is null">
      <![CDATA[java.lang.NullPointerException: Cannot invoke "String.equals(Object)" because "strMeterUser" is null
at AutomationCode.Meter.METER_CopyLogTraceLocally(Meter.java:9942)
at AutomationCode.Meter_TestCases.AfterMethod(Meter_TestCases.java:166)
at java.base/java.util.ArrayList.forEach(ArrayList.java:1596)
at java.base/java.util.concurrent.FutureTask.run(FutureTask.java:317)
at java.base/java.util.concurrent.ThreadPoolExecutor.runWorker(ThreadPoolExecutor.java:1144)
at java.base/java.util.concurrent.ThreadPoolExecutor$Worker.run(ThreadPoolExecutor.java:642)
at java.base/java.lang.Thread.run(Thread.java:1583)
... Removed 20 stack frames]]>
    </failure>
  </testcase> <!-- @AfterMethod AfterMethod -->
  <testcase classname="AutomationCode.Meter_TestCases" name="@AfterMethod AfterMethod" time="0.129">
    <failure type="java.lang.NullPointerException" message="Cannot invoke &amp;quot;String.equals(Object)&amp;quot; because &amp;quot;strMeterUser&amp;quot; is null">
      <![CDATA[java.lang.NullPointerException: Cannot invoke "String.equals(Object)" because "strMeterUser" is null
at AutomationCode.Meter.METER_CopyLogTraceLocally(Meter.java:9942)
at AutomationCode.Meter_TestCases.AfterMethod(Meter_TestCases.java:166)
at java.base/java.util.ArrayList.forEach(ArrayList.java:1596)
at java.base/java.util.concurrent.FutureTask.run(FutureTask.java:317)
at java.base/java.util.concurrent.ThreadPoolExecutor.runWorker(ThreadPoolExecutor.java:1144)
at java.base/java.util.concurrent.ThreadPoolExecutor$Worker.run(ThreadPoolExecutor.java:642)
at java.base/java.lang.Thread.run(Thread.java:1583)
... Removed 20 stack frames]]>
    </failure>
  </testcase> <!-- @AfterMethod AfterMethod -->
  <testcase classname="AutomationCode.Meter_TestCases" name="@AfterMethod AfterMethod" time="0.113">
    <failure type="java.lang.NullPointerException" message="Cannot invoke &amp;quot;String.equals(Object)&amp;quot; because &amp;quot;strMeterUser&amp;quot; is null">
      <![CDATA[java.lang.NullPointerException: Cannot invoke "String.equals(Object)" because "strMeterUser" is null
at AutomationCode.Meter.METER_CopyLogTraceLocally(Meter.java:9942)
at AutomationCode.Meter_TestCases.AfterMethod(Meter_TestCases.java:166)
at java.base/java.util.ArrayList.forEach(ArrayList.java:1596)
at java.base/java.util.concurrent.FutureTask.run(FutureTask.java:317)
at java.base/java.util.concurrent.ThreadPoolExecutor.runWorker(ThreadPoolExecutor.java:1144)
at java.base/java.util.concurrent.ThreadPoolExecutor$Worker.run(ThreadPoolExecutor.java:642)
at java.base/java.lang.Thread.run(Thread.java:1583)
... Removed 20 stack frames]]>
    </failure>
  </testcase> <!-- @AfterMethod AfterMethod -->
  <testcase classname="AutomationCode.Meter_TestCases" name="@AfterMethod AfterMethod" time="0.139">
    <failure type="java.lang.NullPointerException" message="Cannot invoke &amp;quot;String.equals(Object)&amp;quot; because &amp;quot;strMeterUser&amp;quot; is null">
      <![CDATA[java.lang.NullPointerException: Cannot invoke "String.equals(Object)" because "strMeterUser" is null
at AutomationCode.Meter.METER_CopyLogTraceLocally(Meter.java:9942)
at AutomationCode.Meter_TestCases.AfterMethod(Meter_TestCases.java:166)
at java.base/java.util.ArrayList.forEach(ArrayList.java:1596)
at java.base/java.util.concurrent.FutureTask.run(FutureTask.java:317)
at java.base/java.util.concurrent.ThreadPoolExecutor.runWorker(ThreadPoolExecutor.java:1144)
at java.base/java.util.concurrent.ThreadPoolExecutor$Worker.run(ThreadPoolExecutor.java:642)
at java.base/java.lang.Thread.run(Thread.java:1583)
... Removed 20 stack frames]]>
    </failure>
  </testcase> <!-- @AfterMethod AfterMethod -->
  <testcase classname="AutomationCode.Meter_TestCases" name="@AfterMethod AfterMethod" time="0.129">
    <failure type="java.lang.NullPointerException" message="Cannot invoke &amp;quot;String.equals(Object)&amp;quot; because &amp;quot;strMeterUser&amp;quot; is null">
      <![CDATA[java.lang.NullPointerException: Cannot invoke "String.equals(Object)" because "strMeterUser" is null
at AutomationCode.Meter.METER_CopyLogTraceLocally(Meter.java:9942)
at AutomationCode.Meter_TestCases.AfterMethod(Meter_TestCases.java:166)
at java.base/java.util.ArrayList.forEach(ArrayList.java:1596)
at java.base/java.util.concurrent.FutureTask.run(FutureTask.java:317)
at java.base/java.util.concurrent.ThreadPoolExecutor.runWorker(ThreadPoolExecutor.java:1144)
at java.base/java.util.concurrent.ThreadPoolExecutor$Worker.run(ThreadPoolExecutor.java:642)
at java.base/java.lang.Thread.run(Thread.java:1583)
... Removed 20 stack frames]]>
    </failure>
  </testcase> <!-- @AfterMethod AfterMethod -->
  <testcase classname="AutomationCode.Meter_TestCases" name="@AfterMethod AfterMethod" time="0.135">
    <failure type="java.lang.NullPointerException" message="Cannot invoke &amp;quot;String.equals(Object)&amp;quot; because &amp;quot;strMeterUser&amp;quot; is null">
      <![CDATA[java.lang.NullPointerException: Cannot invoke "String.equals(Object)" because "strMeterUser" is null
at AutomationCode.Meter.METER_CopyLogTraceLocally(Meter.java:9942)
at AutomationCode.Meter_TestCases.AfterMethod(Meter_TestCases.java:166)
at java.base/java.util.ArrayList.forEach(ArrayList.java:1596)
at java.base/java.util.concurrent.FutureTask.run(FutureTask.java:317)
at java.base/java.util.concurrent.ThreadPoolExecutor.runWorker(ThreadPoolExecutor.java:1144)
at java.base/java.util.concurrent.ThreadPoolExecutor$Worker.run(ThreadPoolExecutor.java:642)
at java.base/java.lang.Thread.run(Thread.java:1583)
... Removed 20 stack frames]]>
    </failure>
  </testcase> <!-- @AfterMethod AfterMethod -->
  <testcase classname="AutomationCode.Meter_TestCases" name="@AfterMethod AfterMethod" time="0.138">
    <failure type="java.lang.NullPointerException" message="Cannot invoke &amp;quot;String.equals(Object)&amp;quot; because &amp;quot;strMeterUser&amp;quot; is null">
      <![CDATA[java.lang.NullPointerException: Cannot invoke "String.equals(Object)" because "strMeterUser" is null
at AutomationCode.Meter.METER_CopyLogTraceLocally(Meter.java:9942)
at AutomationCode.Meter_TestCases.AfterMethod(Meter_TestCases.java:166)
at java.base/java.util.ArrayList.forEach(ArrayList.java:1596)
at java.base/java.util.concurrent.FutureTask.run(FutureTask.java:317)
at java.base/java.util.concurrent.ThreadPoolExecutor.runWorker(ThreadPoolExecutor.java:1144)
at java.base/java.util.concurrent.ThreadPoolExecutor$Worker.run(ThreadPoolExecutor.java:642)
at java.base/java.lang.Thread.run(Thread.java:1583)
... Removed 20 stack frames]]>
    </failure>
  </testcase> <!-- @AfterMethod AfterMethod -->
  <testcase classname="AutomationCode.Meter_TestCases" name="@AfterMethod AfterMethod" time="0.143">
    <failure type="java.lang.NullPointerException" message="Cannot invoke &amp;quot;String.equals(Object)&amp;quot; because &amp;quot;strMeterUser&amp;quot; is null">
      <![CDATA[java.lang.NullPointerException: Cannot invoke "String.equals(Object)" because "strMeterUser" is null
at AutomationCode.Meter.METER_CopyLogTraceLocally(Meter.java:9942)
at AutomationCode.Meter_TestCases.AfterMethod(Meter_TestCases.java:166)
at java.base/java.util.ArrayList.forEach(ArrayList.java:1596)
at java.base/java.util.concurrent.FutureTask.run(FutureTask.java:317)
at java.base/java.util.concurrent.ThreadPoolExecutor.runWorker(ThreadPoolExecutor.java:1144)
at java.base/java.util.concurrent.ThreadPoolExecutor$Worker.run(ThreadPoolExecutor.java:642)
at java.base/java.lang.Thread.run(Thread.java:1583)
... Removed 20 stack frames]]>
    </failure>
  </testcase> <!-- @AfterMethod AfterMethod -->
  <testcase classname="AutomationCode.Meter_TestCases" name="@AfterMethod AfterMethod" time="0.146">
    <failure type="java.lang.NullPointerException" message="Cannot invoke &amp;quot;String.equals(Object)&amp;quot; because &amp;quot;strMeterUser&amp;quot; is null">
      <![CDATA[java.lang.NullPointerException: Cannot invoke "String.equals(Object)" because "strMeterUser" is null
at AutomationCode.Meter.METER_CopyLogTraceLocally(Meter.java:9942)
at AutomationCode.Meter_TestCases.AfterMethod(Meter_TestCases.java:166)
at java.base/java.util.ArrayList.forEach(ArrayList.java:1596)
at java.base/java.util.concurrent.FutureTask.run(FutureTask.java:317)
at java.base/java.util.concurrent.ThreadPoolExecutor.runWorker(ThreadPoolExecutor.java:1144)
at java.base/java.util.concurrent.ThreadPoolExecutor$Worker.run(ThreadPoolExecutor.java:642)
at java.base/java.lang.Thread.run(Thread.java:1583)
... Removed 20 stack frames]]>
    </failure>
  </testcase> <!-- @AfterMethod AfterMethod -->
  <testcase classname="AutomationCode.Meter_TestCases" name="@AfterMethod AfterMethod" time="0.127">
    <failure type="java.lang.NullPointerException" message="Cannot invoke &amp;quot;String.equals(Object)&amp;quot; because &amp;quot;strMeterUser&amp;quot; is null">
      <![CDATA[java.lang.NullPointerException: Cannot invoke "String.equals(Object)" because "strMeterUser" is null
at AutomationCode.Meter.METER_CopyLogTraceLocally(Meter.java:9942)
at AutomationCode.Meter_TestCases.AfterMethod(Meter_TestCases.java:166)
at java.base/java.util.ArrayList.forEach(ArrayList.java:1596)
at java.base/java.util.concurrent.FutureTask.run(FutureTask.java:317)
at java.base/java.util.concurrent.ThreadPoolExecutor.runWorker(ThreadPoolExecutor.java:1144)
at java.base/java.util.concurrent.ThreadPoolExecutor$Worker.run(ThreadPoolExecutor.java:642)
at java.base/java.lang.Thread.run(Thread.java:1583)
... Removed 20 stack frames]]>
    </failure>
  </testcase> <!-- @AfterMethod AfterMethod -->
  <testcase classname="AutomationCode.Meter_TestCases" name="@AfterMethod AfterMethod" time="0.142">
    <failure type="java.lang.NullPointerException" message="Cannot invoke &amp;quot;String.equals(Object)&amp;quot; because &amp;quot;strMeterUser&amp;quot; is null">
      <![CDATA[java.lang.NullPointerException: Cannot invoke "String.equals(Object)" because "strMeterUser" is null
at AutomationCode.Meter.METER_CopyLogTraceLocally(Meter.java:9942)
at AutomationCode.Meter_TestCases.AfterMethod(Meter_TestCases.java:166)
at java.base/java.util.ArrayList.forEach(ArrayList.java:1596)
at java.base/java.util.concurrent.FutureTask.run(FutureTask.java:317)
at java.base/java.util.concurrent.ThreadPoolExecutor.runWorker(ThreadPoolExecutor.java:1144)
at java.base/java.util.concurrent.ThreadPoolExecutor$Worker.run(ThreadPoolExecutor.java:642)
at java.base/java.lang.Thread.run(Thread.java:1583)
... Removed 20 stack frames]]>
    </failure>
  </testcase> <!-- @AfterMethod AfterMethod -->
  <testcase classname="AutomationCode.Meter_TestCases" name="@AfterMethod AfterMethod" time="0.134">
    <failure type="java.lang.NullPointerException" message="Cannot invoke &amp;quot;String.equals(Object)&amp;quot; because &amp;quot;strMeterUser&amp;quot; is null">
      <![CDATA[java.lang.NullPointerException: Cannot invoke "String.equals(Object)" because "strMeterUser" is null
at AutomationCode.Meter.METER_CopyLogTraceLocally(Meter.java:9942)
at AutomationCode.Meter_TestCases.AfterMethod(Meter_TestCases.java:166)
at java.base/java.util.ArrayList.forEach(ArrayList.java:1596)
at java.base/java.util.concurrent.FutureTask.run(FutureTask.java:317)
at java.base/java.util.concurrent.ThreadPoolExecutor.runWorker(ThreadPoolExecutor.java:1144)
at java.base/java.util.concurrent.ThreadPoolExecutor$Worker.run(ThreadPoolExecutor.java:642)
at java.base/java.lang.Thread.run(Thread.java:1583)
... Removed 20 stack frames]]>
    </failure>
  </testcase> <!-- @AfterMethod AfterMethod -->
  <testcase classname="AutomationCode.Meter_TestCases" name="@AfterMethod AfterMethod" time="0.141">
    <failure type="java.lang.NullPointerException" message="Cannot invoke &amp;quot;String.equals(Object)&amp;quot; because &amp;quot;strMeterUser&amp;quot; is null">
      <![CDATA[java.lang.NullPointerException: Cannot invoke "String.equals(Object)" because "strMeterUser" is null
at AutomationCode.Meter.METER_CopyLogTraceLocally(Meter.java:9942)
at AutomationCode.Meter_TestCases.AfterMethod(Meter_TestCases.java:166)
at java.base/java.util.ArrayList.forEach(ArrayList.java:1596)
at java.base/java.util.concurrent.FutureTask.run(FutureTask.java:317)
at java.base/java.util.concurrent.ThreadPoolExecutor.runWorker(ThreadPoolExecutor.java:1144)
at java.base/java.util.concurrent.ThreadPoolExecutor$Worker.run(ThreadPoolExecutor.java:642)
at java.base/java.lang.Thread.run(Thread.java:1583)
... Removed 20 stack frames]]>
    </failure>
  </testcase> <!-- @AfterMethod AfterMethod -->
  <testcase classname="AutomationCode.Meter_TestCases" name="@AfterMethod AfterMethod" time="0.141">
    <failure type="java.lang.NullPointerException" message="Cannot invoke &amp;quot;String.equals(Object)&amp;quot; because &amp;quot;strMeterUser&amp;quot; is null">
      <![CDATA[java.lang.NullPointerException: Cannot invoke "String.equals(Object)" because "strMeterUser" is null
at AutomationCode.Meter.METER_CopyLogTraceLocally(Meter.java:9942)
at AutomationCode.Meter_TestCases.AfterMethod(Meter_TestCases.java:166)
at java.base/java.util.ArrayList.forEach(ArrayList.java:1596)
at java.base/java.util.concurrent.FutureTask.run(FutureTask.java:317)
at java.base/java.util.concurrent.ThreadPoolExecutor.runWorker(ThreadPoolExecutor.java:1144)
at java.base/java.util.concurrent.ThreadPoolExecutor$Worker.run(ThreadPoolExecutor.java:642)
at java.base/java.lang.Thread.run(Thread.java:1583)
... Removed 20 stack frames]]>
    </failure>
  </testcase> <!-- @AfterMethod AfterMethod -->
  <testcase classname="AutomationCode.Meter_TestCases" name="@AfterMethod AfterMethod" time="0.133">
    <failure type="java.lang.NullPointerException" message="Cannot invoke &amp;quot;String.equals(Object)&amp;quot; because &amp;quot;strMeterUser&amp;quot; is null">
      <![CDATA[java.lang.NullPointerException: Cannot invoke "String.equals(Object)" because "strMeterUser" is null
at AutomationCode.Meter.METER_CopyLogTraceLocally(Meter.java:9942)
at AutomationCode.Meter_TestCases.AfterMethod(Meter_TestCases.java:166)
at java.base/java.util.ArrayList.forEach(ArrayList.java:1596)
at java.base/java.util.concurrent.FutureTask.run(FutureTask.java:317)
at java.base/java.util.concurrent.ThreadPoolExecutor.runWorker(ThreadPoolExecutor.java:1144)
at java.base/java.util.concurrent.ThreadPoolExecutor$Worker.run(ThreadPoolExecutor.java:642)
at java.base/java.lang.Thread.run(Thread.java:1583)
... Removed 20 stack frames]]>
    </failure>
  </testcase> <!-- @AfterMethod AfterMethod -->
  <testcase classname="AutomationCode.Meter_TestCases" name="@AfterMethod AfterMethod" time="0.15">
    <failure type="java.lang.NullPointerException" message="Cannot invoke &amp;quot;String.equals(Object)&amp;quot; because &amp;quot;strMeterUser&amp;quot; is null">
      <![CDATA[java.lang.NullPointerException: Cannot invoke "String.equals(Object)" because "strMeterUser" is null
at AutomationCode.Meter.METER_CopyLogTraceLocally(Meter.java:9942)
at AutomationCode.Meter_TestCases.AfterMethod(Meter_TestCases.java:166)
at java.base/java.util.ArrayList.forEach(ArrayList.java:1596)
at java.base/java.util.concurrent.FutureTask.run(FutureTask.java:317)
at java.base/java.util.concurrent.ThreadPoolExecutor.runWorker(ThreadPoolExecutor.java:1144)
at java.base/java.util.concurrent.ThreadPoolExecutor$Worker.run(ThreadPoolExecutor.java:642)
at java.base/java.lang.Thread.run(Thread.java:1583)
... Removed 20 stack frames]]>
    </failure>
  </testcase> <!-- @AfterMethod AfterMethod -->
  <testcase classname="AutomationCode.Meter_TestCases" name="@AfterMethod AfterMethod" time="0.147">
    <failure type="java.lang.NullPointerException" message="Cannot invoke &amp;quot;String.equals(Object)&amp;quot; because &amp;quot;strMeterUser&amp;quot; is null">
      <![CDATA[java.lang.NullPointerException: Cannot invoke "String.equals(Object)" because "strMeterUser" is null
at AutomationCode.Meter.METER_CopyLogTraceLocally(Meter.java:9942)
at AutomationCode.Meter_TestCases.AfterMethod(Meter_TestCases.java:166)
at java.base/java.util.ArrayList.forEach(ArrayList.java:1596)
at java.base/java.util.concurrent.FutureTask.run(FutureTask.java:317)
at java.base/java.util.concurrent.ThreadPoolExecutor.runWorker(ThreadPoolExecutor.java:1144)
at java.base/java.util.concurrent.ThreadPoolExecutor$Worker.run(ThreadPoolExecutor.java:642)
at java.base/java.lang.Thread.run(Thread.java:1583)
... Removed 20 stack frames]]>
    </failure>
  </testcase> <!-- @AfterMethod AfterMethod -->
  <testcase classname="AutomationCode.Meter_TestCases" name="@AfterMethod AfterMethod" time="0.134">
    <failure type="java.lang.NullPointerException" message="Cannot invoke &amp;quot;String.equals(Object)&amp;quot; because &amp;quot;strMeterUser&amp;quot; is null">
      <![CDATA[java.lang.NullPointerException: Cannot invoke "String.equals(Object)" because "strMeterUser" is null
at AutomationCode.Meter.METER_CopyLogTraceLocally(Meter.java:9942)
at AutomationCode.Meter_TestCases.AfterMethod(Meter_TestCases.java:166)
at java.base/java.util.ArrayList.forEach(ArrayList.java:1596)
at java.base/java.util.concurrent.FutureTask.run(FutureTask.java:317)
at java.base/java.util.concurrent.ThreadPoolExecutor.runWorker(ThreadPoolExecutor.java:1144)
at java.base/java.util.concurrent.ThreadPoolExecutor$Worker.run(ThreadPoolExecutor.java:642)
at java.base/java.lang.Thread.run(Thread.java:1583)
... Removed 20 stack frames]]>
    </failure>
  </testcase> <!-- @AfterMethod AfterMethod -->
  <testcase classname="AutomationCode.Meter_TestCases" name="@AfterMethod AfterMethod" time="0.145">
    <failure type="java.lang.NullPointerException" message="Cannot invoke &amp;quot;String.equals(Object)&amp;quot; because &amp;quot;strMeterUser&amp;quot; is null">
      <![CDATA[java.lang.NullPointerException: Cannot invoke "String.equals(Object)" because "strMeterUser" is null
at AutomationCode.Meter.METER_CopyLogTraceLocally(Meter.java:9942)
at AutomationCode.Meter_TestCases.AfterMethod(Meter_TestCases.java:166)
at java.base/java.util.ArrayList.forEach(ArrayList.java:1596)
at java.base/java.util.concurrent.FutureTask.run(FutureTask.java:317)
at java.base/java.util.concurrent.ThreadPoolExecutor.runWorker(ThreadPoolExecutor.java:1144)
at java.base/java.util.concurrent.ThreadPoolExecutor$Worker.run(ThreadPoolExecutor.java:642)
at java.base/java.lang.Thread.run(Thread.java:1583)
... Removed 20 stack frames]]>
    </failure>
  </testcase> <!-- @AfterMethod AfterMethod -->
  <testcase classname="AutomationCode.Meter_TestCases" name="@AfterMethod AfterMethod" time="0.16">
    <failure type="java.lang.NullPointerException" message="Cannot invoke &amp;quot;String.equals(Object)&amp;quot; because &amp;quot;strMeterUser&amp;quot; is null">
      <![CDATA[java.lang.NullPointerException: Cannot invoke "String.equals(Object)" because "strMeterUser" is null
at AutomationCode.Meter.METER_CopyLogTraceLocally(Meter.java:9942)
at AutomationCode.Meter_TestCases.AfterMethod(Meter_TestCases.java:166)
at java.base/java.util.ArrayList.forEach(ArrayList.java:1596)
at java.base/java.util.concurrent.FutureTask.run(FutureTask.java:317)
at java.base/java.util.concurrent.ThreadPoolExecutor.runWorker(ThreadPoolExecutor.java:1144)
at java.base/java.util.concurrent.ThreadPoolExecutor$Worker.run(ThreadPoolExecutor.java:642)
at java.base/java.lang.Thread.run(Thread.java:1583)
... Removed 20 stack frames]]>
    </failure>
  </testcase> <!-- @AfterMethod AfterMethod -->
  <testcase classname="AutomationCode.Meter_TestCases" name="@AfterMethod AfterMethod" time="0.139">
    <failure type="java.lang.NullPointerException" message="Cannot invoke &amp;quot;String.equals(Object)&amp;quot; because &amp;quot;strMeterUser&amp;quot; is null">
      <![CDATA[java.lang.NullPointerException: Cannot invoke "String.equals(Object)" because "strMeterUser" is null
at AutomationCode.Meter.METER_CopyLogTraceLocally(Meter.java:9942)
at AutomationCode.Meter_TestCases.AfterMethod(Meter_TestCases.java:166)
at java.base/java.util.ArrayList.forEach(ArrayList.java:1596)
at java.base/java.util.concurrent.FutureTask.run(FutureTask.java:317)
at java.base/java.util.concurrent.ThreadPoolExecutor.runWorker(ThreadPoolExecutor.java:1144)
at java.base/java.util.concurrent.ThreadPoolExecutor$Worker.run(ThreadPoolExecutor.java:642)
at java.base/java.lang.Thread.run(Thread.java:1583)
... Removed 20 stack frames]]>
    </failure>
  </testcase> <!-- @AfterMethod AfterMethod -->
  <testcase classname="AutomationCode.Meter_TestCases" name="@AfterMethod AfterMethod" time="0.138">
    <failure type="java.lang.NullPointerException" message="Cannot invoke &amp;quot;String.equals(Object)&amp;quot; because &amp;quot;strMeterUser&amp;quot; is null">
      <![CDATA[java.lang.NullPointerException: Cannot invoke "String.equals(Object)" because "strMeterUser" is null
at AutomationCode.Meter.METER_CopyLogTraceLocally(Meter.java:9942)
at AutomationCode.Meter_TestCases.AfterMethod(Meter_TestCases.java:166)
at java.base/java.util.ArrayList.forEach(ArrayList.java:1596)
at java.base/java.util.concurrent.FutureTask.run(FutureTask.java:317)
at java.base/java.util.concurrent.ThreadPoolExecutor.runWorker(ThreadPoolExecutor.java:1144)
at java.base/java.util.concurrent.ThreadPoolExecutor$Worker.run(ThreadPoolExecutor.java:642)
at java.base/java.lang.Thread.run(Thread.java:1583)
... Removed 20 stack frames]]>
    </failure>
  </testcase> <!-- @AfterMethod AfterMethod -->
  <testcase classname="AutomationCode.Meter_TestCases" name="@AfterMethod AfterMethod" time="0.138">
    <failure type="java.lang.NullPointerException" message="Cannot invoke &amp;quot;String.equals(Object)&amp;quot; because &amp;quot;strMeterUser&amp;quot; is null">
      <![CDATA[java.lang.NullPointerException: Cannot invoke "String.equals(Object)" because "strMeterUser" is null
at AutomationCode.Meter.METER_CopyLogTraceLocally(Meter.java:9942)
at AutomationCode.Meter_TestCases.AfterMethod(Meter_TestCases.java:166)
at java.base/java.util.ArrayList.forEach(ArrayList.java:1596)
at java.base/java.util.concurrent.FutureTask.run(FutureTask.java:317)
at java.base/java.util.concurrent.ThreadPoolExecutor.runWorker(ThreadPoolExecutor.java:1144)
at java.base/java.util.concurrent.ThreadPoolExecutor$Worker.run(ThreadPoolExecutor.java:642)
at java.base/java.lang.Thread.run(Thread.java:1583)
... Removed 20 stack frames]]>
    </failure>
  </testcase> <!-- @AfterMethod AfterMethod -->
  <testcase classname="AutomationCode.Meter_TestCases" name="@AfterMethod AfterMethod" time="0.14">
    <failure type="java.lang.NullPointerException" message="Cannot invoke &amp;quot;String.equals(Object)&amp;quot; because &amp;quot;strMeterUser&amp;quot; is null">
      <![CDATA[java.lang.NullPointerException: Cannot invoke "String.equals(Object)" because "strMeterUser" is null
at AutomationCode.Meter.METER_CopyLogTraceLocally(Meter.java:9942)
at AutomationCode.Meter_TestCases.AfterMethod(Meter_TestCases.java:166)
at java.base/java.util.ArrayList.forEach(ArrayList.java:1596)
at java.base/java.util.concurrent.FutureTask.run(FutureTask.java:317)
at java.base/java.util.concurrent.ThreadPoolExecutor.runWorker(ThreadPoolExecutor.java:1144)
at java.base/java.util.concurrent.ThreadPoolExecutor$Worker.run(ThreadPoolExecutor.java:642)
at java.base/java.lang.Thread.run(Thread.java:1583)
... Removed 20 stack frames]]>
    </failure>
  </testcase> <!-- @AfterMethod AfterMethod -->
  <testcase classname="AutomationCode.Meter_TestCases" name="@AfterMethod AfterMethod" time="0.134">
    <failure type="java.lang.NullPointerException" message="Cannot invoke &amp;quot;String.equals(Object)&amp;quot; because &amp;quot;strMeterUser&amp;quot; is null">
      <![CDATA[java.lang.NullPointerException: Cannot invoke "String.equals(Object)" because "strMeterUser" is null
at AutomationCode.Meter.METER_CopyLogTraceLocally(Meter.java:9942)
at AutomationCode.Meter_TestCases.AfterMethod(Meter_TestCases.java:166)
at java.base/java.util.ArrayList.forEach(ArrayList.java:1596)
at java.base/java.util.concurrent.FutureTask.run(FutureTask.java:317)
at java.base/java.util.concurrent.ThreadPoolExecutor.runWorker(ThreadPoolExecutor.java:1144)
at java.base/java.util.concurrent.ThreadPoolExecutor$Worker.run(ThreadPoolExecutor.java:642)
at java.base/java.lang.Thread.run(Thread.java:1583)
... Removed 20 stack frames]]>
    </failure>
  </testcase> <!-- @AfterMethod AfterMethod -->
  <testcase classname="AutomationCode.Meter_TestCases" name="@AfterMethod AfterMethod" time="0.131">
    <failure type="java.lang.NullPointerException" message="Cannot invoke &amp;quot;String.equals(Object)&amp;quot; because &amp;quot;strMeterUser&amp;quot; is null">
      <![CDATA[java.lang.NullPointerException: Cannot invoke "String.equals(Object)" because "strMeterUser" is null
at AutomationCode.Meter.METER_CopyLogTraceLocally(Meter.java:9942)
at AutomationCode.Meter_TestCases.AfterMethod(Meter_TestCases.java:166)
at java.base/java.util.ArrayList.forEach(ArrayList.java:1596)
at java.base/java.util.concurrent.FutureTask.run(FutureTask.java:317)
at java.base/java.util.concurrent.ThreadPoolExecutor.runWorker(ThreadPoolExecutor.java:1144)
at java.base/java.util.concurrent.ThreadPoolExecutor$Worker.run(ThreadPoolExecutor.java:642)
at java.base/java.lang.Thread.run(Thread.java:1583)
... Removed 20 stack frames]]>
    </failure>
  </testcase> <!-- @AfterMethod AfterMethod -->
  <testcase classname="AutomationCode.Meter_TestCases" name="@AfterMethod AfterMethod" time="0.152">
    <failure type="java.lang.NullPointerException" message="Cannot invoke &amp;quot;String.equals(Object)&amp;quot; because &amp;quot;strMeterUser&amp;quot; is null">
      <![CDATA[java.lang.NullPointerException: Cannot invoke "String.equals(Object)" because "strMeterUser" is null
at AutomationCode.Meter.METER_CopyLogTraceLocally(Meter.java:9942)
at AutomationCode.Meter_TestCases.AfterMethod(Meter_TestCases.java:166)
at java.base/java.util.ArrayList.forEach(ArrayList.java:1596)
at java.base/java.util.concurrent.FutureTask.run(FutureTask.java:317)
at java.base/java.util.concurrent.ThreadPoolExecutor.runWorker(ThreadPoolExecutor.java:1144)
at java.base/java.util.concurrent.ThreadPoolExecutor$Worker.run(ThreadPoolExecutor.java:642)
at java.base/java.lang.Thread.run(Thread.java:1583)
... Removed 20 stack frames]]>
    </failure>
  </testcase> <!-- @AfterMethod AfterMethod -->
  <testcase classname="AutomationCode.Meter_TestCases" name="@AfterMethod AfterMethod" time="0.143">
    <failure type="java.lang.NullPointerException" message="Cannot invoke &amp;quot;String.equals(Object)&amp;quot; because &amp;quot;strMeterUser&amp;quot; is null">
      <![CDATA[java.lang.NullPointerException: Cannot invoke "String.equals(Object)" because "strMeterUser" is null
at AutomationCode.Meter.METER_CopyLogTraceLocally(Meter.java:9942)
at AutomationCode.Meter_TestCases.AfterMethod(Meter_TestCases.java:166)
at java.base/java.util.ArrayList.forEach(ArrayList.java:1596)
at java.base/java.util.concurrent.FutureTask.run(FutureTask.java:317)
at java.base/java.util.concurrent.ThreadPoolExecutor.runWorker(ThreadPoolExecutor.java:1144)
at java.base/java.util.concurrent.ThreadPoolExecutor$Worker.run(ThreadPoolExecutor.java:642)
at java.base/java.lang.Thread.run(Thread.java:1583)
... Removed 20 stack frames]]>
    </failure>
  </testcase> <!-- @AfterMethod AfterMethod -->
  <testcase classname="AutomationCode.Meter_TestCases" name="@AfterMethod AfterMethod" time="0.117">
    <failure type="java.lang.NullPointerException" message="Cannot invoke &amp;quot;String.equals(Object)&amp;quot; because &amp;quot;strMeterUser&amp;quot; is null">
      <![CDATA[java.lang.NullPointerException: Cannot invoke "String.equals(Object)" because "strMeterUser" is null
at AutomationCode.Meter.METER_CopyLogTraceLocally(Meter.java:9942)
at AutomationCode.Meter_TestCases.AfterMethod(Meter_TestCases.java:166)
at java.base/java.util.ArrayList.forEach(ArrayList.java:1596)
at java.base/java.util.concurrent.FutureTask.run(FutureTask.java:317)
at java.base/java.util.concurrent.ThreadPoolExecutor.runWorker(ThreadPoolExecutor.java:1144)
at java.base/java.util.concurrent.ThreadPoolExecutor$Worker.run(ThreadPoolExecutor.java:642)
at java.base/java.lang.Thread.run(Thread.java:1583)
... Removed 20 stack frames]]>
    </failure>
  </testcase> <!-- @AfterMethod AfterMethod -->
  <testcase classname="AutomationCode.Meter_TestCases" name="@AfterMethod AfterMethod" time="0.132">
    <failure type="java.lang.NullPointerException" message="Cannot invoke &amp;quot;String.equals(Object)&amp;quot; because &amp;quot;strMeterUser&amp;quot; is null">
      <![CDATA[java.lang.NullPointerException: Cannot invoke "String.equals(Object)" because "strMeterUser" is null
at AutomationCode.Meter.METER_CopyLogTraceLocally(Meter.java:9942)
at AutomationCode.Meter_TestCases.AfterMethod(Meter_TestCases.java:166)
at java.base/java.util.ArrayList.forEach(ArrayList.java:1596)
at java.base/java.util.concurrent.FutureTask.run(FutureTask.java:317)
at java.base/java.util.concurrent.ThreadPoolExecutor.runWorker(ThreadPoolExecutor.java:1144)
at java.base/java.util.concurrent.ThreadPoolExecutor$Worker.run(ThreadPoolExecutor.java:642)
at java.base/java.lang.Thread.run(Thread.java:1583)
... Removed 20 stack frames]]>
    </failure>
  </testcase> <!-- @AfterMethod AfterMethod -->
  <testcase classname="AutomationCode.Meter_TestCases" name="@AfterMethod AfterMethod" time="0.146">
    <failure type="java.lang.NullPointerException" message="Cannot invoke &amp;quot;String.equals(Object)&amp;quot; because &amp;quot;strMeterUser&amp;quot; is null">
      <![CDATA[java.lang.NullPointerException: Cannot invoke "String.equals(Object)" because "strMeterUser" is null
at AutomationCode.Meter.METER_CopyLogTraceLocally(Meter.java:9942)
at AutomationCode.Meter_TestCases.AfterMethod(Meter_TestCases.java:166)
at java.base/java.util.ArrayList.forEach(ArrayList.java:1596)
at java.base/java.util.concurrent.FutureTask.run(FutureTask.java:317)
at java.base/java.util.concurrent.ThreadPoolExecutor.runWorker(ThreadPoolExecutor.java:1144)
at java.base/java.util.concurrent.ThreadPoolExecutor$Worker.run(ThreadPoolExecutor.java:642)
at java.base/java.lang.Thread.run(Thread.java:1583)
... Removed 20 stack frames]]>
    </failure>
  </testcase> <!-- @AfterMethod AfterMethod -->
  <testcase classname="AutomationCode.Meter_TestCases" name="@AfterMethod AfterMethod" time="0.143">
    <failure type="java.lang.NullPointerException" message="Cannot invoke &amp;quot;String.equals(Object)&amp;quot; because &amp;quot;strMeterUser&amp;quot; is null">
      <![CDATA[java.lang.NullPointerException: Cannot invoke "String.equals(Object)" because "strMeterUser" is null
at AutomationCode.Meter.METER_CopyLogTraceLocally(Meter.java:9942)
at AutomationCode.Meter_TestCases.AfterMethod(Meter_TestCases.java:166)
at java.base/java.util.ArrayList.forEach(ArrayList.java:1596)
at java.base/java.util.concurrent.FutureTask.run(FutureTask.java:317)
at java.base/java.util.concurrent.ThreadPoolExecutor.runWorker(ThreadPoolExecutor.java:1144)
at java.base/java.util.concurrent.ThreadPoolExecutor$Worker.run(ThreadPoolExecutor.java:642)
at java.base/java.lang.Thread.run(Thread.java:1583)
... Removed 20 stack frames]]>
    </failure>
  </testcase> <!-- @AfterMethod AfterMethod -->
  <testcase classname="AutomationCode.Meter_TestCases" name="@AfterMethod AfterMethod" time="0.134">
    <failure type="java.lang.NullPointerException" message="Cannot invoke &amp;quot;String.equals(Object)&amp;quot; because &amp;quot;strMeterUser&amp;quot; is null">
      <![CDATA[java.lang.NullPointerException: Cannot invoke "String.equals(Object)" because "strMeterUser" is null
at AutomationCode.Meter.METER_CopyLogTraceLocally(Meter.java:9942)
at AutomationCode.Meter_TestCases.AfterMethod(Meter_TestCases.java:166)
at java.base/java.util.ArrayList.forEach(ArrayList.java:1596)
at java.base/java.util.concurrent.FutureTask.run(FutureTask.java:317)
at java.base/java.util.concurrent.ThreadPoolExecutor.runWorker(ThreadPoolExecutor.java:1144)
at java.base/java.util.concurrent.ThreadPoolExecutor$Worker.run(ThreadPoolExecutor.java:642)
at java.base/java.lang.Thread.run(Thread.java:1583)
... Removed 20 stack frames]]>
    </failure>
  </testcase> <!-- @AfterMethod AfterMethod -->
  <testcase classname="AutomationCode.Meter_TestCases" name="@AfterMethod AfterMethod" time="0.143">
    <failure type="java.lang.NullPointerException" message="Cannot invoke &amp;quot;String.equals(Object)&amp;quot; because &amp;quot;strMeterUser&amp;quot; is null">
      <![CDATA[java.lang.NullPointerException: Cannot invoke "String.equals(Object)" because "strMeterUser" is null
at AutomationCode.Meter.METER_CopyLogTraceLocally(Meter.java:9942)
at AutomationCode.Meter_TestCases.AfterMethod(Meter_TestCases.java:166)
at java.base/java.util.ArrayList.forEach(ArrayList.java:1596)
at java.base/java.util.concurrent.FutureTask.run(FutureTask.java:317)
at java.base/java.util.concurrent.ThreadPoolExecutor.runWorker(ThreadPoolExecutor.java:1144)
at java.base/java.util.concurrent.ThreadPoolExecutor$Worker.run(ThreadPoolExecutor.java:642)
at java.base/java.lang.Thread.run(Thread.java:1583)
... Removed 20 stack frames]]>
    </failure>
  </testcase> <!-- @AfterMethod AfterMethod -->
  <testcase classname="AutomationCode.Meter_TestCases" name="@AfterMethod AfterMethod" time="0.161">
    <failure type="java.lang.NullPointerException" message="Cannot invoke &amp;quot;String.equals(Object)&amp;quot; because &amp;quot;strMeterUser&amp;quot; is null">
      <![CDATA[java.lang.NullPointerException: Cannot invoke "String.equals(Object)" because "strMeterUser" is null
at AutomationCode.Meter.METER_CopyLogTraceLocally(Meter.java:9942)
at AutomationCode.Meter_TestCases.AfterMethod(Meter_TestCases.java:166)
at java.base/java.util.ArrayList.forEach(ArrayList.java:1596)
at java.base/java.util.concurrent.FutureTask.run(FutureTask.java:317)
at java.base/java.util.concurrent.ThreadPoolExecutor.runWorker(ThreadPoolExecutor.java:1144)
at java.base/java.util.concurrent.ThreadPoolExecutor$Worker.run(ThreadPoolExecutor.java:642)
at java.base/java.lang.Thread.run(Thread.java:1583)
... Removed 20 stack frames]]>
    </failure>
  </testcase> <!-- @AfterMethod AfterMethod -->
  <testcase classname="AutomationCode.Meter_TestCases" name="@AfterMethod AfterMethod" time="0.15">
    <failure type="java.lang.NullPointerException" message="Cannot invoke &amp;quot;String.equals(Object)&amp;quot; because &amp;quot;strMeterUser&amp;quot; is null">
      <![CDATA[java.lang.NullPointerException: Cannot invoke "String.equals(Object)" because "strMeterUser" is null
at AutomationCode.Meter.METER_CopyLogTraceLocally(Meter.java:9942)
at AutomationCode.Meter_TestCases.AfterMethod(Meter_TestCases.java:166)
at java.base/java.util.ArrayList.forEach(ArrayList.java:1596)
at java.base/java.util.concurrent.FutureTask.run(FutureTask.java:317)
at java.base/java.util.concurrent.ThreadPoolExecutor.runWorker(ThreadPoolExecutor.java:1144)
at java.base/java.util.concurrent.ThreadPoolExecutor$Worker.run(ThreadPoolExecutor.java:642)
at java.base/java.lang.Thread.run(Thread.java:1583)
... Removed 20 stack frames]]>
    </failure>
  </testcase> <!-- @AfterMethod AfterMethod -->
  <testcase classname="AutomationCode.Meter_TestCases" name="@AfterMethod AfterMethod" time="0.144">
    <failure type="java.lang.NullPointerException" message="Cannot invoke &amp;quot;String.equals(Object)&amp;quot; because &amp;quot;strMeterUser&amp;quot; is null">
      <![CDATA[java.lang.NullPointerException: Cannot invoke "String.equals(Object)" because "strMeterUser" is null
at AutomationCode.Meter.METER_CopyLogTraceLocally(Meter.java:9942)
at AutomationCode.Meter_TestCases.AfterMethod(Meter_TestCases.java:166)
at java.base/java.util.ArrayList.forEach(ArrayList.java:1596)
at java.base/java.util.concurrent.FutureTask.run(FutureTask.java:317)
at java.base/java.util.concurrent.ThreadPoolExecutor.runWorker(ThreadPoolExecutor.java:1144)
at java.base/java.util.concurrent.ThreadPoolExecutor$Worker.run(ThreadPoolExecutor.java:642)
at java.base/java.lang.Thread.run(Thread.java:1583)
... Removed 20 stack frames]]>
    </failure>
  </testcase> <!-- @AfterMethod AfterMethod -->
  <testcase classname="AutomationCode.Meter_TestCases" name="@AfterMethod AfterMethod" time="0.153">
    <failure type="java.lang.NullPointerException" message="Cannot invoke &amp;quot;String.equals(Object)&amp;quot; because &amp;quot;strMeterUser&amp;quot; is null">
      <![CDATA[java.lang.NullPointerException: Cannot invoke "String.equals(Object)" because "strMeterUser" is null
at AutomationCode.Meter.METER_CopyLogTraceLocally(Meter.java:9942)
at AutomationCode.Meter_TestCases.AfterMethod(Meter_TestCases.java:166)
at java.base/java.util.ArrayList.forEach(ArrayList.java:1596)
at java.base/java.util.concurrent.FutureTask.run(FutureTask.java:317)
at java.base/java.util.concurrent.ThreadPoolExecutor.runWorker(ThreadPoolExecutor.java:1144)
at java.base/java.util.concurrent.ThreadPoolExecutor$Worker.run(ThreadPoolExecutor.java:642)
at java.base/java.lang.Thread.run(Thread.java:1583)
... Removed 20 stack frames]]>
    </failure>
  </testcase> <!-- @AfterMethod AfterMethod -->
  <testcase classname="AutomationCode.Meter_TestCases" name="@AfterMethod AfterMethod" time="0.145">
    <failure type="java.lang.NullPointerException" message="Cannot invoke &amp;quot;String.equals(Object)&amp;quot; because &amp;quot;strMeterUser&amp;quot; is null">
      <![CDATA[java.lang.NullPointerException: Cannot invoke "String.equals(Object)" because "strMeterUser" is null
at AutomationCode.Meter.METER_CopyLogTraceLocally(Meter.java:9942)
at AutomationCode.Meter_TestCases.AfterMethod(Meter_TestCases.java:166)
at java.base/java.util.ArrayList.forEach(ArrayList.java:1596)
at java.base/java.util.concurrent.FutureTask.run(FutureTask.java:317)
at java.base/java.util.concurrent.ThreadPoolExecutor.runWorker(ThreadPoolExecutor.java:1144)
at java.base/java.util.concurrent.ThreadPoolExecutor$Worker.run(ThreadPoolExecutor.java:642)
at java.base/java.lang.Thread.run(Thread.java:1583)
... Removed 20 stack frames]]>
    </failure>
  </testcase> <!-- @AfterMethod AfterMethod -->
  <testcase classname="AutomationCode.Meter_TestCases" name="@AfterMethod AfterMethod" time="0.153">
    <failure type="java.lang.NullPointerException" message="Cannot invoke &amp;quot;String.equals(Object)&amp;quot; because &amp;quot;strMeterUser&amp;quot; is null">
      <![CDATA[java.lang.NullPointerException: Cannot invoke "String.equals(Object)" because "strMeterUser" is null
at AutomationCode.Meter.METER_CopyLogTraceLocally(Meter.java:9942)
at AutomationCode.Meter_TestCases.AfterMethod(Meter_TestCases.java:166)
at java.base/java.util.ArrayList.forEach(ArrayList.java:1596)
at java.base/java.util.concurrent.FutureTask.run(FutureTask.java:317)
at java.base/java.util.concurrent.ThreadPoolExecutor.runWorker(ThreadPoolExecutor.java:1144)
at java.base/java.util.concurrent.ThreadPoolExecutor$Worker.run(ThreadPoolExecutor.java:642)
at java.base/java.lang.Thread.run(Thread.java:1583)
... Removed 20 stack frames]]>
    </failure>
  </testcase> <!-- @AfterMethod AfterMethod -->
  <testcase classname="AutomationCode.Meter_TestCases" name="@AfterMethod AfterMethod" time="0.147">
    <failure type="java.lang.NullPointerException" message="Cannot invoke &amp;quot;String.equals(Object)&amp;quot; because &amp;quot;strMeterUser&amp;quot; is null">
      <![CDATA[java.lang.NullPointerException: Cannot invoke "String.equals(Object)" because "strMeterUser" is null
at AutomationCode.Meter.METER_CopyLogTraceLocally(Meter.java:9942)
at AutomationCode.Meter_TestCases.AfterMethod(Meter_TestCases.java:166)
at java.base/java.util.ArrayList.forEach(ArrayList.java:1596)
at java.base/java.util.concurrent.FutureTask.run(FutureTask.java:317)
at java.base/java.util.concurrent.ThreadPoolExecutor.runWorker(ThreadPoolExecutor.java:1144)
at java.base/java.util.concurrent.ThreadPoolExecutor$Worker.run(ThreadPoolExecutor.java:642)
at java.base/java.lang.Thread.run(Thread.java:1583)
... Removed 20 stack frames]]>
    </failure>
  </testcase> <!-- @AfterMethod AfterMethod -->
  <testcase classname="AutomationCode.Meter_TestCases" name="@AfterMethod AfterMethod" time="0.618">
    <failure type="java.lang.NullPointerException" message="Cannot invoke &amp;quot;String.equals(Object)&amp;quot; because &amp;quot;strMeterUser&amp;quot; is null">
      <![CDATA[java.lang.NullPointerException: Cannot invoke "String.equals(Object)" because "strMeterUser" is null
at AutomationCode.Meter.METER_CopyLogTraceLocally(Meter.java:9942)
at AutomationCode.Meter_TestCases.AfterMethod(Meter_TestCases.java:166)
at java.base/java.util.ArrayList.forEach(ArrayList.java:1596)
at java.base/java.util.concurrent.FutureTask.run(FutureTask.java:317)
at java.base/java.util.concurrent.ThreadPoolExecutor.runWorker(ThreadPoolExecutor.java:1144)
at java.base/java.util.concurrent.ThreadPoolExecutor$Worker.run(ThreadPoolExecutor.java:642)
at java.base/java.lang.Thread.run(Thread.java:1583)
... Removed 20 stack frames]]>
    </failure>
  </testcase> <!-- @AfterMethod AfterMethod -->
  <testcase classname="AutomationCode.Meter_TestCases" name="@AfterMethod AfterMethod" time="0.147">
    <failure type="java.lang.NullPointerException" message="Cannot invoke &amp;quot;String.equals(Object)&amp;quot; because &amp;quot;strMeterUser&amp;quot; is null">
      <![CDATA[java.lang.NullPointerException: Cannot invoke "String.equals(Object)" because "strMeterUser" is null
at AutomationCode.Meter.METER_CopyLogTraceLocally(Meter.java:9942)
at AutomationCode.Meter_TestCases.AfterMethod(Meter_TestCases.java:166)
at java.base/java.util.ArrayList.forEach(ArrayList.java:1596)
at java.base/java.util.concurrent.FutureTask.run(FutureTask.java:317)
at java.base/java.util.concurrent.ThreadPoolExecutor.runWorker(ThreadPoolExecutor.java:1144)
at java.base/java.util.concurrent.ThreadPoolExecutor$Worker.run(ThreadPoolExecutor.java:642)
at java.base/java.lang.Thread.run(Thread.java:1583)
... Removed 20 stack frames]]>
    </failure>
  </testcase> <!-- @AfterMethod AfterMethod -->
  <testcase classname="AutomationCode.Meter_TestCases" name="@AfterMethod AfterMethod" time="0.144">
    <failure type="java.lang.NullPointerException" message="Cannot invoke &amp;quot;String.equals(Object)&amp;quot; because &amp;quot;strMeterUser&amp;quot; is null">
      <![CDATA[java.lang.NullPointerException: Cannot invoke "String.equals(Object)" because "strMeterUser" is null
at AutomationCode.Meter.METER_CopyLogTraceLocally(Meter.java:9942)
at AutomationCode.Meter_TestCases.AfterMethod(Meter_TestCases.java:166)
at java.base/java.util.ArrayList.forEach(ArrayList.java:1596)
at java.base/java.util.concurrent.FutureTask.run(FutureTask.java:317)
at java.base/java.util.concurrent.ThreadPoolExecutor.runWorker(ThreadPoolExecutor.java:1144)
at java.base/java.util.concurrent.ThreadPoolExecutor$Worker.run(ThreadPoolExecutor.java:642)
at java.base/java.lang.Thread.run(Thread.java:1583)
... Removed 20 stack frames]]>
    </failure>
  </testcase> <!-- @AfterMethod AfterMethod -->
  <testcase classname="AutomationCode.Meter_TestCases" name="@AfterMethod AfterMethod" time="0.128">
    <failure type="java.lang.NullPointerException" message="Cannot invoke &amp;quot;String.equals(Object)&amp;quot; because &amp;quot;strMeterUser&amp;quot; is null">
      <![CDATA[java.lang.NullPointerException: Cannot invoke "String.equals(Object)" because "strMeterUser" is null
at AutomationCode.Meter.METER_CopyLogTraceLocally(Meter.java:9942)
at AutomationCode.Meter_TestCases.AfterMethod(Meter_TestCases.java:166)
at java.base/java.util.ArrayList.forEach(ArrayList.java:1596)
at java.base/java.util.concurrent.FutureTask.run(FutureTask.java:317)
at java.base/java.util.concurrent.ThreadPoolExecutor.runWorker(ThreadPoolExecutor.java:1144)
at java.base/java.util.concurrent.ThreadPoolExecutor$Worker.run(ThreadPoolExecutor.java:642)
at java.base/java.lang.Thread.run(Thread.java:1583)
... Removed 20 stack frames]]>
    </failure>
  </testcase> <!-- @AfterMethod AfterMethod -->
  <testcase classname="AutomationCode.Meter_TestCases" name="@AfterMethod AfterMethod" time="0.147">
    <failure type="java.lang.NullPointerException" message="Cannot invoke &amp;quot;String.equals(Object)&amp;quot; because &amp;quot;strMeterUser&amp;quot; is null">
      <![CDATA[java.lang.NullPointerException: Cannot invoke "String.equals(Object)" because "strMeterUser" is null
at AutomationCode.Meter.METER_CopyLogTraceLocally(Meter.java:9942)
at AutomationCode.Meter_TestCases.AfterMethod(Meter_TestCases.java:166)
at java.base/java.util.ArrayList.forEach(ArrayList.java:1596)
at java.base/java.util.concurrent.FutureTask.run(FutureTask.java:317)
at java.base/java.util.concurrent.ThreadPoolExecutor.runWorker(ThreadPoolExecutor.java:1144)
at java.base/java.util.concurrent.ThreadPoolExecutor$Worker.run(ThreadPoolExecutor.java:642)
at java.base/java.lang.Thread.run(Thread.java:1583)
... Removed 20 stack frames]]>
    </failure>
  </testcase> <!-- @AfterMethod AfterMethod -->
  <testcase classname="AutomationCode.Meter_TestCases" name="@AfterMethod AfterMethod" time="0.157">
    <failure type="java.lang.NullPointerException" message="Cannot invoke &amp;quot;String.equals(Object)&amp;quot; because &amp;quot;strMeterUser&amp;quot; is null">
      <![CDATA[java.lang.NullPointerException: Cannot invoke "String.equals(Object)" because "strMeterUser" is null
at AutomationCode.Meter.METER_CopyLogTraceLocally(Meter.java:9942)
at AutomationCode.Meter_TestCases.AfterMethod(Meter_TestCases.java:166)
at java.base/java.util.ArrayList.forEach(ArrayList.java:1596)
at java.base/java.util.concurrent.FutureTask.run(FutureTask.java:317)
at java.base/java.util.concurrent.ThreadPoolExecutor.runWorker(ThreadPoolExecutor.java:1144)
at java.base/java.util.concurrent.ThreadPoolExecutor$Worker.run(ThreadPoolExecutor.java:642)
at java.base/java.lang.Thread.run(Thread.java:1583)
... Removed 20 stack frames]]>
    </failure>
  </testcase> <!-- @AfterMethod AfterMethod -->
  <testcase classname="AutomationCode.Meter_TestCases" name="@AfterMethod AfterMethod" time="0.154">
    <failure type="java.lang.NullPointerException" message="Cannot invoke &amp;quot;String.equals(Object)&amp;quot; because &amp;quot;strMeterUser&amp;quot; is null">
      <![CDATA[java.lang.NullPointerException: Cannot invoke "String.equals(Object)" because "strMeterUser" is null
at AutomationCode.Meter.METER_CopyLogTraceLocally(Meter.java:9942)
at AutomationCode.Meter_TestCases.AfterMethod(Meter_TestCases.java:166)
at java.base/java.util.ArrayList.forEach(ArrayList.java:1596)
at java.base/java.util.concurrent.FutureTask.run(FutureTask.java:317)
at java.base/java.util.concurrent.ThreadPoolExecutor.runWorker(ThreadPoolExecutor.java:1144)
at java.base/java.util.concurrent.ThreadPoolExecutor$Worker.run(ThreadPoolExecutor.java:642)
at java.base/java.lang.Thread.run(Thread.java:1583)
... Removed 20 stack frames]]>
    </failure>
  </testcase> <!-- @AfterMethod AfterMethod -->
  <testcase classname="AutomationCode.Meter_TestCases" name="@AfterMethod AfterMethod" time="0.14">
    <failure type="java.lang.NullPointerException" message="Cannot invoke &amp;quot;String.equals(Object)&amp;quot; because &amp;quot;strMeterUser&amp;quot; is null">
      <![CDATA[java.lang.NullPointerException: Cannot invoke "String.equals(Object)" because "strMeterUser" is null
at AutomationCode.Meter.METER_CopyLogTraceLocally(Meter.java:9942)
at AutomationCode.Meter_TestCases.AfterMethod(Meter_TestCases.java:166)
at java.base/java.util.ArrayList.forEach(ArrayList.java:1596)
at java.base/java.util.concurrent.FutureTask.run(FutureTask.java:317)
at java.base/java.util.concurrent.ThreadPoolExecutor.runWorker(ThreadPoolExecutor.java:1144)
at java.base/java.util.concurrent.ThreadPoolExecutor$Worker.run(ThreadPoolExecutor.java:642)
at java.base/java.lang.Thread.run(Thread.java:1583)
... Removed 20 stack frames]]>
    </failure>
  </testcase> <!-- @AfterMethod AfterMethod -->
  <testcase classname="AutomationCode.Meter_TestCases" name="@AfterMethod AfterMethod" time="0.137">
    <failure type="java.lang.NullPointerException" message="Cannot invoke &amp;quot;String.equals(Object)&amp;quot; because &amp;quot;strMeterUser&amp;quot; is null">
      <![CDATA[java.lang.NullPointerException: Cannot invoke "String.equals(Object)" because "strMeterUser" is null
at AutomationCode.Meter.METER_CopyLogTraceLocally(Meter.java:9942)
at AutomationCode.Meter_TestCases.AfterMethod(Meter_TestCases.java:166)
at java.base/java.util.ArrayList.forEach(ArrayList.java:1596)
at java.base/java.util.concurrent.FutureTask.run(FutureTask.java:317)
at java.base/java.util.concurrent.ThreadPoolExecutor.runWorker(ThreadPoolExecutor.java:1144)
at java.base/java.util.concurrent.ThreadPoolExecutor$Worker.run(ThreadPoolExecutor.java:642)
at java.base/java.lang.Thread.run(Thread.java:1583)
... Removed 20 stack frames]]>
    </failure>
  </testcase> <!-- @AfterMethod AfterMethod -->
  <testcase classname="AutomationCode.Meter_TestCases" name="@AfterMethod AfterMethod" time="0.129">
    <failure type="java.lang.NullPointerException" message="Cannot invoke &amp;quot;String.equals(Object)&amp;quot; because &amp;quot;strMeterUser&amp;quot; is null">
      <![CDATA[java.lang.NullPointerException: Cannot invoke "String.equals(Object)" because "strMeterUser" is null
at AutomationCode.Meter.METER_CopyLogTraceLocally(Meter.java:9942)
at AutomationCode.Meter_TestCases.AfterMethod(Meter_TestCases.java:166)
at java.base/java.util.ArrayList.forEach(ArrayList.java:1596)
at java.base/java.util.concurrent.FutureTask.run(FutureTask.java:317)
at java.base/java.util.concurrent.ThreadPoolExecutor.runWorker(ThreadPoolExecutor.java:1144)
at java.base/java.util.concurrent.ThreadPoolExecutor$Worker.run(ThreadPoolExecutor.java:642)
at java.base/java.lang.Thread.run(Thread.java:1583)
... Removed 20 stack frames]]>
    </failure>
  </testcase> <!-- @AfterMethod AfterMethod -->
  <testcase classname="AutomationCode.Meter_TestCases" name="@AfterMethod AfterMethod" time="0.145">
    <failure type="java.lang.NullPointerException" message="Cannot invoke &amp;quot;String.equals(Object)&amp;quot; because &amp;quot;strMeterUser&amp;quot; is null">
      <![CDATA[java.lang.NullPointerException: Cannot invoke "String.equals(Object)" because "strMeterUser" is null
at AutomationCode.Meter.METER_CopyLogTraceLocally(Meter.java:9942)
at AutomationCode.Meter_TestCases.AfterMethod(Meter_TestCases.java:166)
at java.base/java.util.ArrayList.forEach(ArrayList.java:1596)
at java.base/java.util.concurrent.FutureTask.run(FutureTask.java:317)
at java.base/java.util.concurrent.ThreadPoolExecutor.runWorker(ThreadPoolExecutor.java:1144)
at java.base/java.util.concurrent.ThreadPoolExecutor$Worker.run(ThreadPoolExecutor.java:642)
at java.base/java.lang.Thread.run(Thread.java:1583)
... Removed 20 stack frames]]>
    </failure>
  </testcase> <!-- @AfterMethod AfterMethod -->
  <testcase classname="AutomationCode.Meter_TestCases" name="@AfterMethod AfterMethod" time="0.159">
    <failure type="java.lang.NullPointerException" message="Cannot invoke &amp;quot;String.equals(Object)&amp;quot; because &amp;quot;strMeterUser&amp;quot; is null">
      <![CDATA[java.lang.NullPointerException: Cannot invoke "String.equals(Object)" because "strMeterUser" is null
at AutomationCode.Meter.METER_CopyLogTraceLocally(Meter.java:9942)
at AutomationCode.Meter_TestCases.AfterMethod(Meter_TestCases.java:166)
at java.base/java.util.ArrayList.forEach(ArrayList.java:1596)
at java.base/java.util.concurrent.FutureTask.run(FutureTask.java:317)
at java.base/java.util.concurrent.ThreadPoolExecutor.runWorker(ThreadPoolExecutor.java:1144)
at java.base/java.util.concurrent.ThreadPoolExecutor$Worker.run(ThreadPoolExecutor.java:642)
at java.base/java.lang.Thread.run(Thread.java:1583)
... Removed 20 stack frames]]>
    </failure>
  </testcase> <!-- @AfterMethod AfterMethod -->
  <testcase classname="AutomationCode.Meter_TestCases" name="@AfterMethod AfterMethod" time="0.134">
    <failure type="java.lang.NullPointerException" message="Cannot invoke &amp;quot;String.equals(Object)&amp;quot; because &amp;quot;strMeterUser&amp;quot; is null">
      <![CDATA[java.lang.NullPointerException: Cannot invoke "String.equals(Object)" because "strMeterUser" is null
at AutomationCode.Meter.METER_CopyLogTraceLocally(Meter.java:9942)
at AutomationCode.Meter_TestCases.AfterMethod(Meter_TestCases.java:166)
at java.base/java.util.ArrayList.forEach(ArrayList.java:1596)
at java.base/java.util.concurrent.FutureTask.run(FutureTask.java:317)
at java.base/java.util.concurrent.ThreadPoolExecutor.runWorker(ThreadPoolExecutor.java:1144)
at java.base/java.util.concurrent.ThreadPoolExecutor$Worker.run(ThreadPoolExecutor.java:642)
at java.base/java.lang.Thread.run(Thread.java:1583)
... Removed 20 stack frames]]>
    </failure>
  </testcase> <!-- @AfterMethod AfterMethod -->
  <testcase classname="AutomationCode.Meter_TestCases" name="@AfterMethod AfterMethod" time="0.135">
    <failure type="java.lang.NullPointerException" message="Cannot invoke &amp;quot;String.equals(Object)&amp;quot; because &amp;quot;strMeterUser&amp;quot; is null">
      <![CDATA[java.lang.NullPointerException: Cannot invoke "String.equals(Object)" because "strMeterUser" is null
at AutomationCode.Meter.METER_CopyLogTraceLocally(Meter.java:9942)
at AutomationCode.Meter_TestCases.AfterMethod(Meter_TestCases.java:166)
at java.base/java.util.ArrayList.forEach(ArrayList.java:1596)
at java.base/java.util.concurrent.FutureTask.run(FutureTask.java:317)
at java.base/java.util.concurrent.ThreadPoolExecutor.runWorker(ThreadPoolExecutor.java:1144)
at java.base/java.util.concurrent.ThreadPoolExecutor$Worker.run(ThreadPoolExecutor.java:642)
at java.base/java.lang.Thread.run(Thread.java:1583)
... Removed 20 stack frames]]>
    </failure>
  </testcase> <!-- @AfterMethod AfterMethod -->
  <testcase classname="AutomationCode.Meter_TestCases" name="@AfterMethod AfterMethod" time="0.12">
    <failure type="java.lang.NullPointerException" message="Cannot invoke &amp;quot;String.equals(Object)&amp;quot; because &amp;quot;strMeterUser&amp;quot; is null">
      <![CDATA[java.lang.NullPointerException: Cannot invoke "String.equals(Object)" because "strMeterUser" is null
at AutomationCode.Meter.METER_CopyLogTraceLocally(Meter.java:9942)
at AutomationCode.Meter_TestCases.AfterMethod(Meter_TestCases.java:166)
at java.base/java.util.ArrayList.forEach(ArrayList.java:1596)
at java.base/java.util.concurrent.FutureTask.run(FutureTask.java:317)
at java.base/java.util.concurrent.ThreadPoolExecutor.runWorker(ThreadPoolExecutor.java:1144)
at java.base/java.util.concurrent.ThreadPoolExecutor$Worker.run(ThreadPoolExecutor.java:642)
at java.base/java.lang.Thread.run(Thread.java:1583)
... Removed 20 stack frames]]>
    </failure>
  </testcase> <!-- @AfterMethod AfterMethod -->
  <testcase classname="AutomationCode.Meter_TestCases" name="@AfterMethod AfterMethod" time="0.135">
    <failure type="java.lang.NullPointerException" message="Cannot invoke &amp;quot;String.equals(Object)&amp;quot; because &amp;quot;strMeterUser&amp;quot; is null">
      <![CDATA[java.lang.NullPointerException: Cannot invoke "String.equals(Object)" because "strMeterUser" is null
at AutomationCode.Meter.METER_CopyLogTraceLocally(Meter.java:9942)
at AutomationCode.Meter_TestCases.AfterMethod(Meter_TestCases.java:166)
at java.base/java.util.ArrayList.forEach(ArrayList.java:1596)
at java.base/java.util.concurrent.FutureTask.run(FutureTask.java:317)
at java.base/java.util.concurrent.ThreadPoolExecutor.runWorker(ThreadPoolExecutor.java:1144)
at java.base/java.util.concurrent.ThreadPoolExecutor$Worker.run(ThreadPoolExecutor.java:642)
at java.base/java.lang.Thread.run(Thread.java:1583)
... Removed 20 stack frames]]>
    </failure>
  </testcase> <!-- @AfterMethod AfterMethod -->
  <testcase classname="AutomationCode.Meter_TestCases" name="@AfterMethod AfterMethod" time="0.135">
    <failure type="java.lang.NullPointerException" message="Cannot invoke &amp;quot;String.equals(Object)&amp;quot; because &amp;quot;strMeterUser&amp;quot; is null">
      <![CDATA[java.lang.NullPointerException: Cannot invoke "String.equals(Object)" because "strMeterUser" is null
at AutomationCode.Meter.METER_CopyLogTraceLocally(Meter.java:9942)
at AutomationCode.Meter_TestCases.AfterMethod(Meter_TestCases.java:166)
at java.base/java.util.ArrayList.forEach(ArrayList.java:1596)
at java.base/java.util.concurrent.FutureTask.run(FutureTask.java:317)
at java.base/java.util.concurrent.ThreadPoolExecutor.runWorker(ThreadPoolExecutor.java:1144)
at java.base/java.util.concurrent.ThreadPoolExecutor$Worker.run(ThreadPoolExecutor.java:642)
at java.base/java.lang.Thread.run(Thread.java:1583)
... Removed 20 stack frames]]>
    </failure>
  </testcase> <!-- @AfterMethod AfterMethod -->
  <testcase classname="AutomationCode.Meter_TestCases" name="@AfterMethod AfterMethod" time="0.14">
    <failure type="java.lang.NullPointerException" message="Cannot invoke &amp;quot;String.equals(Object)&amp;quot; because &amp;quot;strMeterUser&amp;quot; is null">
      <![CDATA[java.lang.NullPointerException: Cannot invoke "String.equals(Object)" because "strMeterUser" is null
at AutomationCode.Meter.METER_CopyLogTraceLocally(Meter.java:9942)
at AutomationCode.Meter_TestCases.AfterMethod(Meter_TestCases.java:166)
at java.base/java.util.ArrayList.forEach(ArrayList.java:1596)
at java.base/java.util.concurrent.FutureTask.run(FutureTask.java:317)
at java.base/java.util.concurrent.ThreadPoolExecutor.runWorker(ThreadPoolExecutor.java:1144)
at java.base/java.util.concurrent.ThreadPoolExecutor$Worker.run(ThreadPoolExecutor.java:642)
at java.base/java.lang.Thread.run(Thread.java:1583)
... Removed 20 stack frames]]>
    </failure>
  </testcase> <!-- @AfterMethod AfterMethod -->
  <testcase classname="AutomationCode.Meter_TestCases" name="@AfterMethod AfterMethod" time="0.157">
    <failure type="java.lang.NullPointerException" message="Cannot invoke &amp;quot;String.equals(Object)&amp;quot; because &amp;quot;strMeterUser&amp;quot; is null">
      <![CDATA[java.lang.NullPointerException: Cannot invoke "String.equals(Object)" because "strMeterUser" is null
at AutomationCode.Meter.METER_CopyLogTraceLocally(Meter.java:9942)
at AutomationCode.Meter_TestCases.AfterMethod(Meter_TestCases.java:166)
at java.base/java.util.ArrayList.forEach(ArrayList.java:1596)
at java.base/java.util.concurrent.FutureTask.run(FutureTask.java:317)
at java.base/java.util.concurrent.ThreadPoolExecutor.runWorker(ThreadPoolExecutor.java:1144)
at java.base/java.util.concurrent.ThreadPoolExecutor$Worker.run(ThreadPoolExecutor.java:642)
at java.base/java.lang.Thread.run(Thread.java:1583)
... Removed 20 stack frames]]>
    </failure>
  </testcase> <!-- @AfterMethod AfterMethod -->
  <testcase classname="AutomationCode.Meter_TestCases" name="@AfterMethod AfterMethod" time="0.15">
    <failure type="java.lang.NullPointerException" message="Cannot invoke &amp;quot;String.equals(Object)&amp;quot; because &amp;quot;strMeterUser&amp;quot; is null">
      <![CDATA[java.lang.NullPointerException: Cannot invoke "String.equals(Object)" because "strMeterUser" is null
at AutomationCode.Meter.METER_CopyLogTraceLocally(Meter.java:9942)
at AutomationCode.Meter_TestCases.AfterMethod(Meter_TestCases.java:166)
at java.base/java.util.ArrayList.forEach(ArrayList.java:1596)
at java.base/java.util.concurrent.FutureTask.run(FutureTask.java:317)
at java.base/java.util.concurrent.ThreadPoolExecutor.runWorker(ThreadPoolExecutor.java:1144)
at java.base/java.util.concurrent.ThreadPoolExecutor$Worker.run(ThreadPoolExecutor.java:642)
at java.base/java.lang.Thread.run(Thread.java:1583)
... Removed 20 stack frames]]>
    </failure>
  </testcase> <!-- @AfterMethod AfterMethod -->
  <testcase classname="AutomationCode.Meter_TestCases" name="@AfterMethod AfterMethod" time="0.143">
    <failure type="java.lang.NullPointerException" message="Cannot invoke &amp;quot;String.equals(Object)&amp;quot; because &amp;quot;strMeterUser&amp;quot; is null">
      <![CDATA[java.lang.NullPointerException: Cannot invoke "String.equals(Object)" because "strMeterUser" is null
at AutomationCode.Meter.METER_CopyLogTraceLocally(Meter.java:9942)
at AutomationCode.Meter_TestCases.AfterMethod(Meter_TestCases.java:166)
at java.base/java.util.ArrayList.forEach(ArrayList.java:1596)
at java.base/java.util.concurrent.FutureTask.run(FutureTask.java:317)
at java.base/java.util.concurrent.ThreadPoolExecutor.runWorker(ThreadPoolExecutor.java:1144)
at java.base/java.util.concurrent.ThreadPoolExecutor$Worker.run(ThreadPoolExecutor.java:642)
at java.base/java.lang.Thread.run(Thread.java:1583)
... Removed 20 stack frames]]>
    </failure>
  </testcase> <!-- @AfterMethod AfterMethod -->
  <testcase classname="AutomationCode.Meter_TestCases" name="@AfterMethod AfterMethod" time="0.142">
    <failure type="java.lang.NullPointerException" message="Cannot invoke &amp;quot;String.equals(Object)&amp;quot; because &amp;quot;strMeterUser&amp;quot; is null">
      <![CDATA[java.lang.NullPointerException: Cannot invoke "String.equals(Object)" because "strMeterUser" is null
at AutomationCode.Meter.METER_CopyLogTraceLocally(Meter.java:9942)
at AutomationCode.Meter_TestCases.AfterMethod(Meter_TestCases.java:166)
at java.base/java.util.ArrayList.forEach(ArrayList.java:1596)
at java.base/java.util.concurrent.FutureTask.run(FutureTask.java:317)
at java.base/java.util.concurrent.ThreadPoolExecutor.runWorker(ThreadPoolExecutor.java:1144)
at java.base/java.util.concurrent.ThreadPoolExecutor$Worker.run(ThreadPoolExecutor.java:642)
at java.base/java.lang.Thread.run(Thread.java:1583)
... Removed 20 stack frames]]>
    </failure>
  </testcase> <!-- @AfterMethod AfterMethod -->
  <testcase classname="AutomationCode.Meter_TestCases" name="@AfterMethod AfterMethod" time="0.574">
    <failure type="java.lang.NullPointerException" message="Cannot invoke &amp;quot;String.equals(Object)&amp;quot; because &amp;quot;strMeterUser&amp;quot; is null">
      <![CDATA[java.lang.NullPointerException: Cannot invoke "String.equals(Object)" because "strMeterUser" is null
at AutomationCode.Meter.METER_CopyLogTraceLocally(Meter.java:9942)
at AutomationCode.Meter_TestCases.AfterMethod(Meter_TestCases.java:166)
at java.base/java.util.ArrayList.forEach(ArrayList.java:1596)
at java.base/java.util.concurrent.FutureTask.run(FutureTask.java:317)
at java.base/java.util.concurrent.ThreadPoolExecutor.runWorker(ThreadPoolExecutor.java:1144)
at java.base/java.util.concurrent.ThreadPoolExecutor$Worker.run(ThreadPoolExecutor.java:642)
at java.base/java.lang.Thread.run(Thread.java:1583)
... Removed 20 stack frames]]>
    </failure>
  </testcase> <!-- @AfterMethod AfterMethod -->
  <testcase classname="AutomationCode.Meter_TestCases" name="@AfterMethod AfterMethod" time="0.146">
    <failure type="java.lang.NullPointerException" message="Cannot invoke &amp;quot;String.equals(Object)&amp;quot; because &amp;quot;strMeterUser&amp;quot; is null">
      <![CDATA[java.lang.NullPointerException: Cannot invoke "String.equals(Object)" because "strMeterUser" is null
at AutomationCode.Meter.METER_CopyLogTraceLocally(Meter.java:9942)
at AutomationCode.Meter_TestCases.AfterMethod(Meter_TestCases.java:166)
at java.base/java.util.ArrayList.forEach(ArrayList.java:1596)
at java.base/java.util.concurrent.FutureTask.run(FutureTask.java:317)
at java.base/java.util.concurrent.ThreadPoolExecutor.runWorker(ThreadPoolExecutor.java:1144)
at java.base/java.util.concurrent.ThreadPoolExecutor$Worker.run(ThreadPoolExecutor.java:642)
at java.base/java.lang.Thread.run(Thread.java:1583)
... Removed 20 stack frames]]>
    </failure>
  </testcase> <!-- @AfterMethod AfterMethod -->
  <testcase classname="AutomationCode.Meter_TestCases" name="@AfterMethod AfterMethod" time="0.144">
    <failure type="java.lang.NullPointerException" message="Cannot invoke &amp;quot;String.equals(Object)&amp;quot; because &amp;quot;strMeterUser&amp;quot; is null">
      <![CDATA[java.lang.NullPointerException: Cannot invoke "String.equals(Object)" because "strMeterUser" is null
at AutomationCode.Meter.METER_CopyLogTraceLocally(Meter.java:9942)
at AutomationCode.Meter_TestCases.AfterMethod(Meter_TestCases.java:166)
at java.base/java.util.ArrayList.forEach(ArrayList.java:1596)
at java.base/java.util.concurrent.FutureTask.run(FutureTask.java:317)
at java.base/java.util.concurrent.ThreadPoolExecutor.runWorker(ThreadPoolExecutor.java:1144)
at java.base/java.util.concurrent.ThreadPoolExecutor$Worker.run(ThreadPoolExecutor.java:642)
at java.base/java.lang.Thread.run(Thread.java:1583)
... Removed 20 stack frames]]>
    </failure>
  </testcase> <!-- @AfterMethod AfterMethod -->
  <testcase classname="AutomationCode.Meter_TestCases" name="@AfterMethod AfterMethod" time="0.15">
    <failure type="java.lang.NullPointerException" message="Cannot invoke &amp;quot;String.equals(Object)&amp;quot; because &amp;quot;strMeterUser&amp;quot; is null">
      <![CDATA[java.lang.NullPointerException: Cannot invoke "String.equals(Object)" because "strMeterUser" is null
at AutomationCode.Meter.METER_CopyLogTraceLocally(Meter.java:9942)
at AutomationCode.Meter_TestCases.AfterMethod(Meter_TestCases.java:166)
at java.base/java.util.ArrayList.forEach(ArrayList.java:1596)
at java.base/java.util.concurrent.FutureTask.run(FutureTask.java:317)
at java.base/java.util.concurrent.ThreadPoolExecutor.runWorker(ThreadPoolExecutor.java:1144)
at java.base/java.util.concurrent.ThreadPoolExecutor$Worker.run(ThreadPoolExecutor.java:642)
at java.base/java.lang.Thread.run(Thread.java:1583)
... Removed 20 stack frames]]>
    </failure>
  </testcase> <!-- @AfterMethod AfterMethod -->
  <testcase classname="AutomationCode.Meter_TestCases" name="@AfterMethod AfterMethod" time="0.135">
    <failure type="java.lang.NullPointerException" message="Cannot invoke &amp;quot;String.equals(Object)&amp;quot; because &amp;quot;strMeterUser&amp;quot; is null">
      <![CDATA[java.lang.NullPointerException: Cannot invoke "String.equals(Object)" because "strMeterUser" is null
at AutomationCode.Meter.METER_CopyLogTraceLocally(Meter.java:9942)
at AutomationCode.Meter_TestCases.AfterMethod(Meter_TestCases.java:166)
at java.base/java.util.ArrayList.forEach(ArrayList.java:1596)
at java.base/java.util.concurrent.FutureTask.run(FutureTask.java:317)
at java.base/java.util.concurrent.ThreadPoolExecutor.runWorker(ThreadPoolExecutor.java:1144)
at java.base/java.util.concurrent.ThreadPoolExecutor$Worker.run(ThreadPoolExecutor.java:642)
at java.base/java.lang.Thread.run(Thread.java:1583)
... Removed 20 stack frames]]>
    </failure>
  </testcase> <!-- @AfterMethod AfterMethod -->
  <testcase classname="AutomationCode.Meter_TestCases" name="@AfterMethod AfterMethod" time="0.145">
    <failure type="java.lang.NullPointerException" message="Cannot invoke &amp;quot;String.equals(Object)&amp;quot; because &amp;quot;strMeterUser&amp;quot; is null">
      <![CDATA[java.lang.NullPointerException: Cannot invoke "String.equals(Object)" because "strMeterUser" is null
at AutomationCode.Meter.METER_CopyLogTraceLocally(Meter.java:9942)
at AutomationCode.Meter_TestCases.AfterMethod(Meter_TestCases.java:166)
at java.base/java.util.ArrayList.forEach(ArrayList.java:1596)
at java.base/java.util.concurrent.FutureTask.run(FutureTask.java:317)
at java.base/java.util.concurrent.ThreadPoolExecutor.runWorker(ThreadPoolExecutor.java:1144)
at java.base/java.util.concurrent.ThreadPoolExecutor$Worker.run(ThreadPoolExecutor.java:642)
at java.base/java.lang.Thread.run(Thread.java:1583)
... Removed 20 stack frames]]>
    </failure>
  </testcase> <!-- @AfterMethod AfterMethod -->
  <testcase classname="AutomationCode.Meter_TestCases" name="@AfterMethod AfterMethod" time="0.134">
    <failure type="java.lang.NullPointerException" message="Cannot invoke &amp;quot;String.equals(Object)&amp;quot; because &amp;quot;strMeterUser&amp;quot; is null">
      <![CDATA[java.lang.NullPointerException: Cannot invoke "String.equals(Object)" because "strMeterUser" is null
at AutomationCode.Meter.METER_CopyLogTraceLocally(Meter.java:9942)
at AutomationCode.Meter_TestCases.AfterMethod(Meter_TestCases.java:166)
at java.base/java.util.ArrayList.forEach(ArrayList.java:1596)
at java.base/java.util.concurrent.FutureTask.run(FutureTask.java:317)
at java.base/java.util.concurrent.ThreadPoolExecutor.runWorker(ThreadPoolExecutor.java:1144)
at java.base/java.util.concurrent.ThreadPoolExecutor$Worker.run(ThreadPoolExecutor.java:642)
at java.base/java.lang.Thread.run(Thread.java:1583)
... Removed 20 stack frames]]>
    </failure>
  </testcase> <!-- @AfterMethod AfterMethod -->
  <testcase classname="AutomationCode.Meter_TestCases" name="@AfterMethod AfterMethod" time="0.131">
    <failure type="java.lang.NullPointerException" message="Cannot invoke &amp;quot;String.equals(Object)&amp;quot; because &amp;quot;strMeterUser&amp;quot; is null">
      <![CDATA[java.lang.NullPointerException: Cannot invoke "String.equals(Object)" because "strMeterUser" is null
at AutomationCode.Meter.METER_CopyLogTraceLocally(Meter.java:9942)
at AutomationCode.Meter_TestCases.AfterMethod(Meter_TestCases.java:166)
at java.base/java.util.ArrayList.forEach(ArrayList.java:1596)
at java.base/java.util.concurrent.FutureTask.run(FutureTask.java:317)
at java.base/java.util.concurrent.ThreadPoolExecutor.runWorker(ThreadPoolExecutor.java:1144)
at java.base/java.util.concurrent.ThreadPoolExecutor$Worker.run(ThreadPoolExecutor.java:642)
at java.base/java.lang.Thread.run(Thread.java:1583)
... Removed 20 stack frames]]>
    </failure>
  </testcase> <!-- @AfterMethod AfterMethod -->
  <testcase classname="AutomationCode.Meter_TestCases" name="@AfterMethod AfterMethod" time="0.146">
    <failure type="java.lang.NullPointerException" message="Cannot invoke &amp;quot;String.equals(Object)&amp;quot; because &amp;quot;strMeterUser&amp;quot; is null">
      <![CDATA[java.lang.NullPointerException: Cannot invoke "String.equals(Object)" because "strMeterUser" is null
at AutomationCode.Meter.METER_CopyLogTraceLocally(Meter.java:9942)
at AutomationCode.Meter_TestCases.AfterMethod(Meter_TestCases.java:166)
at java.base/java.util.ArrayList.forEach(ArrayList.java:1596)
at java.base/java.util.concurrent.FutureTask.run(FutureTask.java:317)
at java.base/java.util.concurrent.ThreadPoolExecutor.runWorker(ThreadPoolExecutor.java:1144)
at java.base/java.util.concurrent.ThreadPoolExecutor$Worker.run(ThreadPoolExecutor.java:642)
at java.base/java.lang.Thread.run(Thread.java:1583)
... Removed 20 stack frames]]>
    </failure>
  </testcase> <!-- @AfterMethod AfterMethod -->
  <testcase classname="AutomationCode.Meter_TestCases" name="@AfterMethod AfterMethod" time="0.129">
    <failure type="java.lang.NullPointerException" message="Cannot invoke &amp;quot;String.equals(Object)&amp;quot; because &amp;quot;strMeterUser&amp;quot; is null">
      <![CDATA[java.lang.NullPointerException: Cannot invoke "String.equals(Object)" because "strMeterUser" is null
at AutomationCode.Meter.METER_CopyLogTraceLocally(Meter.java:9942)
at AutomationCode.Meter_TestCases.AfterMethod(Meter_TestCases.java:166)
at java.base/java.util.ArrayList.forEach(ArrayList.java:1596)
at java.base/java.util.concurrent.FutureTask.run(FutureTask.java:317)
at java.base/java.util.concurrent.ThreadPoolExecutor.runWorker(ThreadPoolExecutor.java:1144)
at java.base/java.util.concurrent.ThreadPoolExecutor$Worker.run(ThreadPoolExecutor.java:642)
at java.base/java.lang.Thread.run(Thread.java:1583)
... Removed 20 stack frames]]>
    </failure>
  </testcase> <!-- @AfterMethod AfterMethod -->
  <testcase classname="AutomationCode.Meter_TestCases" name="@AfterMethod AfterMethod" time="0.139">
    <failure type="java.lang.NullPointerException" message="Cannot invoke &amp;quot;String.equals(Object)&amp;quot; because &amp;quot;strMeterUser&amp;quot; is null">
      <![CDATA[java.lang.NullPointerException: Cannot invoke "String.equals(Object)" because "strMeterUser" is null
at AutomationCode.Meter.METER_CopyLogTraceLocally(Meter.java:9942)
at AutomationCode.Meter_TestCases.AfterMethod(Meter_TestCases.java:166)
at java.base/java.util.ArrayList.forEach(ArrayList.java:1596)
at java.base/java.util.concurrent.FutureTask.run(FutureTask.java:317)
at java.base/java.util.concurrent.ThreadPoolExecutor.runWorker(ThreadPoolExecutor.java:1144)
at java.base/java.util.concurrent.ThreadPoolExecutor$Worker.run(ThreadPoolExecutor.java:642)
at java.base/java.lang.Thread.run(Thread.java:1583)
... Removed 20 stack frames]]>
    </failure>
  </testcase> <!-- @AfterMethod AfterMethod -->
  <testcase classname="AutomationCode.Meter_TestCases" name="@AfterMethod AfterMethod" time="0.148">
    <failure type="java.lang.NullPointerException" message="Cannot invoke &amp;quot;String.equals(Object)&amp;quot; because &amp;quot;strMeterUser&amp;quot; is null">
      <![CDATA[java.lang.NullPointerException: Cannot invoke "String.equals(Object)" because "strMeterUser" is null
at AutomationCode.Meter.METER_CopyLogTraceLocally(Meter.java:9942)
at AutomationCode.Meter_TestCases.AfterMethod(Meter_TestCases.java:166)
at java.base/java.util.ArrayList.forEach(ArrayList.java:1596)
at java.base/java.util.concurrent.FutureTask.run(FutureTask.java:317)
at java.base/java.util.concurrent.ThreadPoolExecutor.runWorker(ThreadPoolExecutor.java:1144)
at java.base/java.util.concurrent.ThreadPoolExecutor$Worker.run(ThreadPoolExecutor.java:642)
at java.base/java.lang.Thread.run(Thread.java:1583)
... Removed 20 stack frames]]>
    </failure>
  </testcase> <!-- @AfterMethod AfterMethod -->
  <testcase classname="AutomationCode.Meter_TestCases" name="@AfterMethod AfterMethod" time="0.148">
    <failure type="java.lang.NullPointerException" message="Cannot invoke &amp;quot;String.equals(Object)&amp;quot; because &amp;quot;strMeterUser&amp;quot; is null">
      <![CDATA[java.lang.NullPointerException: Cannot invoke "String.equals(Object)" because "strMeterUser" is null
at AutomationCode.Meter.METER_CopyLogTraceLocally(Meter.java:9942)
at AutomationCode.Meter_TestCases.AfterMethod(Meter_TestCases.java:166)
at java.base/java.util.ArrayList.forEach(ArrayList.java:1596)
at java.base/java.util.concurrent.FutureTask.run(FutureTask.java:317)
at java.base/java.util.concurrent.ThreadPoolExecutor.runWorker(ThreadPoolExecutor.java:1144)
at java.base/java.util.concurrent.ThreadPoolExecutor$Worker.run(ThreadPoolExecutor.java:642)
at java.base/java.lang.Thread.run(Thread.java:1583)
... Removed 20 stack frames]]>
    </failure>
  </testcase> <!-- @AfterMethod AfterMethod -->
  <testcase classname="AutomationCode.Meter_TestCases" name="@AfterMethod AfterMethod" time="0.165">
    <failure type="java.lang.NullPointerException" message="Cannot invoke &amp;quot;String.equals(Object)&amp;quot; because &amp;quot;strMeterUser&amp;quot; is null">
      <![CDATA[java.lang.NullPointerException: Cannot invoke "String.equals(Object)" because "strMeterUser" is null
at AutomationCode.Meter.METER_CopyLogTraceLocally(Meter.java:9942)
at AutomationCode.Meter_TestCases.AfterMethod(Meter_TestCases.java:166)
at java.base/java.util.ArrayList.forEach(ArrayList.java:1596)
at java.base/java.util.concurrent.FutureTask.run(FutureTask.java:317)
at java.base/java.util.concurrent.ThreadPoolExecutor.runWorker(ThreadPoolExecutor.java:1144)
at java.base/java.util.concurrent.ThreadPoolExecutor$Worker.run(ThreadPoolExecutor.java:642)
at java.base/java.lang.Thread.run(Thread.java:1583)
... Removed 20 stack frames]]>
    </failure>
  </testcase> <!-- @AfterMethod AfterMethod -->
  <testcase classname="AutomationCode.Meter_TestCases" name="@AfterMethod AfterMethod" time="0.125">
    <failure type="java.lang.NullPointerException" message="Cannot invoke &amp;quot;String.equals(Object)&amp;quot; because &amp;quot;strMeterUser&amp;quot; is null">
      <![CDATA[java.lang.NullPointerException: Cannot invoke "String.equals(Object)" because "strMeterUser" is null
at AutomationCode.Meter.METER_CopyLogTraceLocally(Meter.java:9942)
at AutomationCode.Meter_TestCases.AfterMethod(Meter_TestCases.java:166)
at java.base/java.util.ArrayList.forEach(ArrayList.java:1596)
at java.base/java.util.concurrent.FutureTask.run(FutureTask.java:317)
at java.base/java.util.concurrent.ThreadPoolExecutor.runWorker(ThreadPoolExecutor.java:1144)
[...]
    <skipped/>
  </testcase> <!-- M1107_MMUPS2_VMM_FTFP0_PS2_CPNS_VMT_ES2_VPSH_VICAE_VIAC -->
  <testcase classname="AutomationCode.Meter_TestCases" name="M1108_FTFP0_FDOFF_RTF_PS1_PMT_VMT_ES1_VPSH_VICAE_VIAC" time="0.0">
    <skipped/>
  </testcase> <!-- M1108_FTFP0_FDOFF_RTF_PS1_PMT_VMT_ES1_VPSH_VICAE_VIAC -->
  <testcase classname="AutomationCode.Meter_TestCases" name="M1109_FTFP0_FDON_RTF_PS1_PMT_VMT_ES1_VPSH_VICAE_VIAC" time="0.0">
    <skipped/>
  </testcase> <!-- M1109_FTFP0_FDON_RTF_PS1_PMT_VMT_ES1_VPSH_VICAE_VIAC -->
  <testcase classname="AutomationCode.Meter_TestCases" name="M1110_FTFP0_FDON_MUON_MUT5_RTF_CGPV_W4_PMT_VMT_ES1_VPSH_VICAE_VIAC" time="0.001">
    <skipped/>
  </testcase> <!-- M1110_FTFP0_FDON_MUON_MUT5_RTF_CGPV_W4_PMT_VMT_ES1_VPSH_VICAE_VIAC -->
  <testcase classname="AutomationCode.Meter_TestCases" name="M1111_FTFP0_TUON_FDON_MUON_MUT5_RTF_CGPV_W4_PMT_VMT_ES1_VPSH_VICAE_VIAC" time="0.0">
    <skipped/>
  </testcase> <!-- M1111_FTFP0_TUON_FDON_MUON_MUT5_RTF_CGPV_W4_PMT_VMT_ES1_VPSH_VICAE_VIAC -->
  <testcase classname="AutomationCode.Meter_TestCases" name="M1112_FTFP10_FTR_RFT_gt_MTIV_PS1_CCP1_PMT_VMT_ES1_VPSH_VICAE_VIAC" time="0.0">
    <skipped/>
  </testcase> <!-- M1112_FTFP10_FTR_RFT_gt_MTIV_PS1_CCP1_PMT_VMT_ES1_VPSH_VICAE_VIAC -->
  <testcase classname="AutomationCode.Meter_TestCases" name="M1113_FTFP0_TUOFF_MUON_PCUV_CGPV_CCP1_PMT_VMU_VPSH_VPSH_VICAE_VIAC" time="0.0">
    <skipped/>
  </testcase> <!-- M1113_FTFP0_TUOFF_MUON_PCUV_CGPV_CCP1_PMT_VMU_VPSH_VPSH_VICAE_VIAC -->
  <testcase classname="AutomationCode.Meter_TestCases" name="M1114_FTFP0_TUON_MUON_PCUV_CGPV_CCP1_PMT_VMU_VPSH_VPSH_VICAE_VIAC" time="0.0">
    <skipped/>
  </testcase> <!-- M1114_FTFP0_TUON_MUON_PCUV_CGPV_CCP1_PMT_VMU_VPSH_VPSH_VICAE_VIAC -->
  <testcase classname="AutomationCode.Meter_TestCases" name="M1115_FTFP0_TUON_MUON_PCUV_RSMDNEMT_CGPV_CCP1_PMT_VMU_VPSH_VPSH_VICAE_VIAC" time="0.0">
    <skipped/>
  </testcase> <!-- M1115_FTFP0_TUON_MUON_PCUV_RSMDNEMT_CGPV_CCP1_PMT_VMU_VPSH_VPSH_VICAE_VIAC -->
  <testcase classname="AutomationCode.Meter_TestCases" name="M1116_TU_CGPV1_RV_VMVE_ES1_VPSH_VICAE_VIAC" time="0.0">
    <skipped/>
  </testcase> <!-- M1116_TU_CGPV1_RV_VMVE_ES1_VPSH_VICAE_VIAC -->
  <testcase classname="AutomationCode.Meter_TestCases" name="M1117_TU_CGPV1_W10_VTU10_CP1_VTU6_CP1_VTU2_CP1_VMT_ES1_VPSH_VICAE_VIAC" time="0.0">
    <skipped/>
  </testcase> <!-- M1117_TU_CGPV1_W10_VTU10_CP1_VTU6_CP1_VTU2_CP1_VMT_ES1_VPSH_VICAE_VIAC -->
  <testcase classname="AutomationCode.Meter_TestCases" name="M1118_HDCP_FTFP0_PS1_CP1_VMT_ES1_VPSH_VICAE_VIAC_VCDEDE" time="0.0">
    <skipped/>
  </testcase> <!-- M1118_HDCP_FTFP0_PS1_CP1_VMT_ES1_VPSH_VICAE_VIAC_VCDEDE -->
  <testcase classname="AutomationCode.Meter_TestCases" name="M1119_HDCP_FTFP0_PO_CP1_VMT_ES1_VPSH_VICAE_VIAC_VCDEDE" time="0.0">
    <skipped/>
  </testcase> <!-- M1119_HDCP_FTFP0_PO_CP1_VMT_ES1_VPSH_VICAE_VIAC_VCDEDE -->
  <testcase classname="AutomationCode.Meter_TestCases" name="M1120_HDCP_PS1_CP1_VMT_BMT_VMT_ES1_VPSH_VICAE_VIAC" time="0.0">
    <skipped/>
  </testcase> <!-- M1120_HDCP_PS1_CP1_VMT_BMT_VMT_ES1_VPSH_VICAE_VIAC -->
  <testcase classname="AutomationCode.Meter_TestCases" name="M1121_HDCP_FTFP0_PS1_CP1_PMT_LPRM_e_MTIV_VMT_ES1_VPSH_VICAE_VIAC" time="0.0">
    <skipped/>
  </testcase> <!-- M1121_HDCP_FTFP0_PS1_CP1_PMT_LPRM_e_MTIV_VMT_ES1_VPSH_VICAE_VIAC -->
  <testcase classname="AutomationCode.Meter_TestCases" name="M1122_HDCP_FTFP0_PS1_CP1_VMT_CCP1_VMT_ES1_VPSH_VICAE_VIAC" time="0.0">
    <skipped/>
  </testcase> <!-- M1122_HDCP_FTFP0_PS1_CP1_VMT_CCP1_VMT_ES1_VPSH_VICAE_VIAC -->
  <testcase classname="AutomationCode.Meter_TestCases" name="M1123_HDCP_FTFP0_PS1_CP1_VMT_PRT_CCP1_VMT_ES1_VPSH_VICAE_VIAC" time="0.0">
    <skipped/>
  </testcase> <!-- M1123_HDCP_FTFP0_PS1_CP1_VMT_PRT_CCP1_VMT_ES1_VPSH_VICAE_VIAC -->
  <testcase classname="AutomationCode.Meter_TestCases" name="M1124_HDCP_FTFP0_PS1_CCP1_VMT_ES1_VPSH_VICAE_VIAC" time="0.0">
    <skipped/>
  </testcase> <!-- M1124_HDCP_FTFP0_PS1_CCP1_VMT_ES1_VPSH_VICAE_VIAC -->
  <testcase classname="AutomationCode.Meter_TestCases" name="M1125_HDCP_FTFP0_PS1_CCP1_VMT_BMT_VMT_ES1_VPSH_VICAE_VIAC" time="0.0">
    <skipped/>
  </testcase> <!-- M1125_HDCP_FTFP0_PS1_CCP1_VMT_BMT_VMT_ES1_VPSH_VICAE_VIAC -->
  <testcase classname="AutomationCode.Meter_TestCases" name="M1126_HDCP_FTFP0_PS1_CCP1_VMT_CP1_VMT_ES1_VPSH_VICAE_VIAC" time="0.0">
    <skipped/>
  </testcase> <!-- M1126_HDCP_FTFP0_PS1_CCP1_VMT_CP1_VMT_ES1_VPSH_VICAE_VIAC -->
  <testcase classname="AutomationCode.Meter_TestCases" name="M1127_HDCP_FTFP10_PS1_CP1_VMT_ES1_VPSH_VICAE_VIAC" time="0.0">
    <skipped/>
  </testcase> <!-- M1127_HDCP_FTFP10_PS1_CP1_VMT_ES1_VPSH_VICAE_VIAC -->
  <testcase classname="AutomationCode.Meter_TestCases" name="M1128_HDCP_FTFP10_PS1_CP1_VMT_CCP1_VMT_ES1_VPSH_VICAE_VIAC" time="0.0">
    <skipped/>
  </testcase> <!-- M1128_HDCP_FTFP10_PS1_CP1_VMT_CCP1_VMT_ES1_VPSH_VICAE_VIAC -->
  <testcase classname="AutomationCode.Meter_TestCases" name="M1129_HDCP_FTFP10_PS1_CCP1_VMT_ES1_VPSH_VICAE_VIAC" time="0.0">
    <skipped/>
  </testcase> <!-- M1129_HDCP_FTFP10_PS1_CCP1_VMT_ES1_VPSH_VICAE_VIAC -->
  <testcase classname="AutomationCode.Meter_TestCases" name="M1130_HDCP_FTFP0_FTR_MTIV_gt_RFT_PS1_GPV_UL_CCP1_PMT_VMT_ES1_VPSH_VICAE_VIAC" time="0.0">
    <skipped/>
  </testcase> <!-- M1130_HDCP_FTFP0_FTR_MTIV_gt_RFT_PS1_GPV_UL_CCP1_PMT_VMT_ES1_VPSH_VICAE_VIAC -->
  <testcase classname="AutomationCode.Meter_TestCases" name="M1131_HDCP_FTFP10_FTR_RFT_gt_MTIV_PS1_CP1_VMT_ES1_VPSH_VICAE_VIAC" time="0.0">
    <skipped/>
  </testcase> <!-- M1131_HDCP_FTFP10_FTR_RFT_gt_MTIV_PS1_CP1_VMT_ES1_VPSH_VICAE_VIAC -->
  <testcase classname="AutomationCode.Meter_TestCases" name="M1132_HDCP_FTFP10_FTR_RFT_gt_MTIV_PS1_CCP1_VMT_ES1_VPSH_VICAE_VIAC" time="0.0">
    <skipped/>
  </testcase> <!-- M1132_HDCP_FTFP10_FTR_RFT_gt_MTIV_PS1_CCP1_VMT_ES1_VPSH_VICAE_VIAC -->
  <testcase classname="AutomationCode.Meter_TestCases" name="M1133_HDCP_FTFP10_FTR_PS1_CCP1_VMT_CP1_VMT_ES1_VPSH_VICAE_VIAC" time="0.0">
    <skipped/>
  </testcase> <!-- M1133_HDCP_FTFP10_FTR_PS1_CCP1_VMT_CP1_VMT_ES1_VPSH_VICAE_VIAC -->
  <testcase classname="AutomationCode.Meter_TestCases" name="M1134_HDCP_FTFP0_RNP_MBNB_gt_MTIV_gt_PS1_CP1_ES1_VPSH_VICAE_VIAC" time="0.0">
    <skipped/>
  </testcase> <!-- M1134_HDCP_FTFP0_RNP_MBNB_gt_MTIV_gt_PS1_CP1_ES1_VPSH_VICAE_VIAC -->
  <testcase classname="AutomationCode.Meter_TestCases" name="M1135_HDCP_FTFP0_RNP_MTIV_gt_MBNB_PS1_CP1_CCP1_ES1_VPSH_VICAE_VIAC" time="0.0">
    <skipped/>
  </testcase> <!-- M1135_HDCP_FTFP0_RNP_MTIV_gt_MBNB_PS1_CP1_CCP1_ES1_VPSH_VICAE_VIAC -->
  <testcase classname="AutomationCode.Meter_TestCases" name="M1136_HDCP_FTFP0_FDON_RTF_MTIV_gt_MBF_PS1_CP1_VMT_ES1_VPSH_VICAE_VIAC" time="0.0">
    <skipped/>
  </testcase> <!-- M1136_HDCP_FTFP0_FDON_RTF_MTIV_gt_MBF_PS1_CP1_VMT_ES1_VPSH_VICAE_VIAC -->
  <testcase classname="AutomationCode.Meter_TestCases" name="M1137_HDCP_FTFP0_CHB_PCUV_CGPV_AV_CP1_VMU_VPSH_VPSH_VICAE_VIAC" time="0.0">
    <skipped/>
  </testcase> <!-- M1137_HDCP_FTFP0_CHB_PCUV_CGPV_AV_CP1_VMU_VPSH_VPSH_VICAE_VIAC -->
  <testcase classname="AutomationCode.Meter_TestCases" name="M1137_HDCP_FTFP0_PCUV_CGPV_AV_CP1_VMU_VPSH_VPSH_VICAE_VIAC" time="0.0">
    <skipped/>
  </testcase> <!-- M1137_HDCP_FTFP0_PCUV_CGPV_AV_CP1_VMU_VPSH_VPSH_VICAE_VIAC -->
  <testcase classname="AutomationCode.Meter_TestCases" name="M2321_FTFP0_CHB_PCUV_CGPV_AV_CP1_VMU_VPSH_VPSH_VICAE_VIAC" time="0.0">
    <skipped/>
  </testcase> <!-- M2321_FTFP0_CHB_PCUV_CGPV_AV_CP1_VMU_VPSH_VPSH_VICAE_VIAC -->
  <testcase classname="AutomationCode.Meter_TestCases" name="M1138_HDCP_FTFP0_FDON_RTF_PS1_PMT_VMT_ES1_VPSH_VICAE_VIAC" time="0.0">
    <skipped/>
  </testcase> <!-- M1138_HDCP_FTFP0_FDON_RTF_PS1_PMT_VMT_ES1_VPSH_VICAE_VIAC -->
  <testcase classname="AutomationCode.Meter_TestCases" name="M2001_RSVN_VFDFCD0_PSVWL_VVMT_ES1_VPSH" time="0.0">
    <skipped/>
  </testcase> <!-- M2001_RSVN_VFDFCD0_PSVWL_VVMT_ES1_VPSH -->
  <testcase classname="AutomationCode.Meter_TestCases" name="M2002_RSVN_VFDFCDM1_PSVWL_VVMT_ES1_VPSH" time="0.0">
    <skipped/>
  </testcase> <!-- M2002_RSVN_VFDFCDM1_PSVWL_VVMT_ES1_VPSH -->
  <testcase classname="AutomationCode.Meter_TestCases" name="M2003_RSVN_PSVWIL_CGPV1_VMT_ES1_VPSH" time="0.0">
    <skipped/>
  </testcase> <!-- M2003_RSVN_PSVWIL_CGPV1_VMT_ES1_VPSH -->
  <testcase classname="AutomationCode.Meter_TestCases" name="M2004_RSVN_PSVWL_VVMT_ES1_VPSH" time="0.0">
    <skipped/>
  </testcase> <!-- M2004_RSVN_PSVWL_VVMT_ES1_VPSH -->
  <testcase classname="AutomationCode.Meter_TestCases" name="M2005_RSVN_PS1_CGPV1_ALPTPS_VMT_ES1_VPSH" time="0.0">
    <skipped/>
  </testcase> <!-- M2005_RSVN_PS1_CGPV1_ALPTPS_VMT_ES1_VPSH -->
  <testcase classname="AutomationCode.Meter_TestCases" name="M2006_RSVN_FTRSVN_PSWL_WFTE_VMT_VPSH" time="0.0">
    <skipped/>
  </testcase> <!-- M2006_RSVN_FTRSVN_PSWL_WFTE_VMT_VPSH -->
  <testcase classname="AutomationCode.Meter_TestCases" name="M2007_RSVN_FTRSVN_PSWIL_WFTE_CGPV1_VMT_VPSH" time="0.0">
    <skipped/>
  </testcase> <!-- M2007_RSVN_FTRSVN_PSWIL_WFTE_CGPV1_VMT_VPSH -->
  <testcase classname="AutomationCode.Meter_TestCases" name="M2008_RSVN_CS_FTRSVN_PSWL_WFTE_VMT_VPSH" time="0.0">
    <skipped/>
  </testcase> <!-- M2008_RSVN_CS_FTRSVN_PSWL_WFTE_VMT_VPSH -->
  <testcase classname="AutomationCode.Meter_TestCases" name="M2010_RSVNTR_PSVWL_VMT_ES1_VPSH" time="0.0">
    <skipped/>
  </testcase> <!-- M2010_RSVNTR_PSVWL_VMT_ES1_VPSH -->
  <testcase classname="AutomationCode.Meter_TestCases" name="M2011_RSVNTR_PSVWL_VMT_LMV_VV_ES1_VPSH" time="0.0">
    <skipped/>
  </testcase> <!-- M2011_RSVNTR_PSVWL_VMT_LMV_VV_ES1_VPSH -->
  <testcase classname="AutomationCode.Meter_TestCases" name="M2012_RSVNTR_TU_PSVWL_VMT_LMV_VV_ULCP_ES1_VPSH" time="0.0">
    <skipped/>
  </testcase> <!-- M2012_RSVNTR_TU_PSVWL_VMT_LMV_VV_ULCP_ES1_VPSH -->
  <testcase classname="AutomationCode.Meter_TestCases" name="M2013_RSVNTR_CS_PSVWL_VMT_LRTE_VCP_ES1_VPSH" time="0.0">
    <skipped/>
  </testcase> <!-- M2013_RSVNTR_CS_PSVWL_VMT_LRTE_VCP_ES1_VPSH -->
  <testcase classname="AutomationCode.Meter_TestCases" name="M2100_B_CS_PSWL_RAC_ESDIG_VPSH" time="0.0">
    <skipped/>
  </testcase> <!-- M2100_B_CS_PSWL_RAC_ESDIG_VPSH -->
  <testcase classname="AutomationCode.Meter_TestCases" name="M2100_CS_PSWL_VMT_VPSH" time="0.0">
    <skipped/>
  </testcase> <!-- M2100_CS_PSWL_VMT_VPSH -->
  <testcase classname="AutomationCode.Meter_TestCases" name="M2100_C_CS_PSWL_SLPR_VMT_VPSH" time="0.0">
    <skipped/>
  </testcase> <!-- M2100_C_CS_PSWL_SLPR_VMT_VPSH -->
  <testcase classname="AutomationCode.Meter_TestCases" name="M2101_A_CS_FTR_PSWL_WFTE_VMT_VPSH" time="0.0">
    <skipped/>
  </testcase> <!-- M2101_A_CS_FTR_PSWL_WFTE_VMT_VPSH -->
  <testcase classname="AutomationCode.Meter_TestCases" name="M2101_CS_FTR_FRSVN_PSWL_WFTE_VMT_VPSH" time="0.0">
    <skipped/>
  </testcase> <!-- M2101_CS_FTR_FRSVN_PSWL_WFTE_VMT_VPSH -->
  <testcase classname="AutomationCode.Meter_TestCases" name="M2100_AA_CS_PSWL_CGPV1_ES1_ALPTPS_VPSH" time="0.0">
    <skipped/>
  </testcase> <!-- M2100_AA_CS_PSWL_CGPV1_ES1_ALPTPS_VPSH -->
  <testcase classname="AutomationCode.Meter_TestCases" name="M2100_AB_CS_PSWL_CGPV1_ES1_ALPTPS_AV_VPSH" time="0.0">
    <skipped/>
  </testcase> <!-- M2100_AB_CS_PSWL_CGPV1_ES1_ALPTPS_AV_VPSH -->
  <testcase classname="AutomationCode.Meter_TestCases" name="M2100_AC_CS_PSWL_CGPV1_ES1_ALPTPSD_AV_VPSH" time="0.0">
    <skipped/>
  </testcase> <!-- M2100_AC_CS_PSWL_CGPV1_ES1_ALPTPSD_AV_VPSH -->
  <testcase classname="AutomationCode.Meter_TestCases" name="M2100_A_CS_PSWL_CGPV1_ALPTPS_VMT_VPSH" time="0.0">
    <skipped/>
  </testcase> <!-- M2100_A_CS_PSWL_CGPV1_ALPTPS_VMT_VPSH -->
  <testcase classname="AutomationCode.Meter_TestCases" name="M2102_CS_FTR_PSWL_WFTE_ALPTPS_VMT_VPSH" time="0.0">
    <skipped/>
  </testcase> <!-- M2102_CS_FTR_PSWL_WFTE_ALPTPS_VMT_VPSH -->
  <testcase classname="AutomationCode.Meter_TestCases" name="M2200_FTFP0_RTNO_MTIV_gt_MBNP_PS1_CP1_VMT_ES1_VPSH_VICAE_VIAC" time="0.0">
    <skipped/>
  </testcase> <!-- M2200_FTFP0_RTNO_MTIV_gt_MBNP_PS1_CP1_VMT_ES1_VPSH_VICAE_VIAC -->
  <testcase classname="AutomationCode.Meter_TestCases" name="M2201_FTFP0_RTNO_MTIV_gt_MBNP_PS1_CCP1_VMT_ES1_VPSH_VICAE_VIAC" time="0.0">
    <skipped/>
  </testcase> <!-- M2201_FTFP0_RTNO_MTIV_gt_MBNP_PS1_CCP1_VMT_ES1_VPSH_VICAE_VIAC -->
  <testcase classname="AutomationCode.Meter_TestCases" name="M2202_FTFP10_RTNO_MTIV_gt_MBNP_PS1_CCP1_VMT_ES1_VPSH_VICAE_VIAC" time="0.0">
    <skipped/>
  </testcase> <!-- M2202_FTFP10_RTNO_MTIV_gt_MBNP_PS1_CCP1_VMT_ES1_VPSH_VICAE_VIAC -->
  <testcase classname="AutomationCode.Meter_TestCases" name="M2300_EOOS_PS1_WUIE_VNVE_ES1_VPSH_VICAE_VIAC" time="0.0">
    <skipped/>
  </testcase> <!-- M2300_EOOS_PS1_WUIE_VNVE_ES1_VPSH_VICAE_VIAC -->
  <testcase classname="AutomationCode.Meter_TestCases" name="M2301_PS1_EOOS_WUIE_VNVE_ES1_VPSH_VICAE_VIAC" time="0.0">
    <skipped/>
  </testcase> <!-- M2301_PS1_EOOS_WUIE_VNVE_ES1_VPSH_VICAE_VIAC -->
  <testcase classname="AutomationCode.Meter_TestCases" name="M2320_FTFP0_PS1_MTCP1_VMTAP1_WFVTE1_CP_POS2_VSDA2_EBS_VPSH" time="0.0">
    <skipped/>
  </testcase> <!-- M2320_FTFP0_PS1_MTCP1_VMTAP1_WFVTE1_CP_POS2_VSDA2_EBS_VPSH -->
  <testcase classname="AutomationCode.Meter_TestCases" name="M2321__RTF_FTFP5_PS1_CGPV1_CCP" time="0.0">
    <skipped/>
  </testcase> <!-- M2321__RTF_FTFP5_PS1_CGPV1_CCP -->
  <testcase classname="AutomationCode.Meter_TestCases" name="M3000_RO_FTR_FTFP5_PS1_CCP1_VMT_ES1_VPSH_VICAE_VIAC" time="0.0">
    <skipped/>
  </testcase> <!-- M3000_RO_FTR_FTFP5_PS1_CCP1_VMT_ES1_VPSH_VICAE_VIAC -->
  <testcase classname="AutomationCode.Meter_TestCases" name="M3000_RO_FTR_FTFP5_PS1_CP1_VMT_ES1_VPSH_VICAE_VIAC" time="0.0">
    <skipped/>
  </testcase> <!-- M3000_RO_FTR_FTFP5_PS1_CP1_VMT_ES1_VPSH_VICAE_VIAC -->
  <testcase classname="AutomationCode.Meter_TestCases" name="M3000_RO_FTR_FTFP5_PS1_WUMFEF_CP1_VMT_ES1_VPSH_VICAE_VIAC" time="0.0">
    <skipped/>
  </testcase> <!-- M3000_RO_FTR_FTFP5_PS1_WUMFEF_CP1_VMT_ES1_VPSH_VICAE_VIAC -->
  <testcase classname="AutomationCode.Meter_TestCases" name="M3000_RO_RTF_FTFP5_PS1_CP1_VMT_ES1_VPSH_VICAE_VIAC" time="0.0">
    <skipped/>
  </testcase> <!-- M3000_RO_RTF_FTFP5_PS1_CP1_VMT_ES1_VPSH_VICAE_VIAC -->
  <testcase classname="AutomationCode.Meter_TestCases" name="M3001_RO_FTFP5_PS1_FTFP5_w_MIT12_gt_MRFRB5_CP1_VMT_ES1_VPSH_VICAE_VIAC" time="0.0">
    <skipped/>
  </testcase> <!-- M3001_RO_FTFP5_PS1_FTFP5_w_MIT12_gt_MRFRB5_CP1_VMT_ES1_VPSH_VICAE_VIAC -->
  <testcase classname="AutomationCode.Meter_TestCases" name="M3001_RO_RTF_FTFP5_PS1_CGPV1_CCP" time="0.0">
    <skipped/>
  </testcase> <!-- M3001_RO_RTF_FTFP5_PS1_CGPV1_CCP -->
  <testcase classname="AutomationCode.Meter_TestCases" name="M3003_RO_FTFP5_PS1_CP1_VMT_BMT_ES1_VPSH_VICAE_VIAC" time="0.0">
    <skipped/>
  </testcase> <!-- M3003_RO_FTFP5_PS1_CP1_VMT_BMT_ES1_VPSH_VICAE_VIAC -->
  <testcase classname="AutomationCode.Meter_TestCases" name="M3002_RO_FTFP5_PS1_FTFP5_w_MIT12_gt_MRFRB15_CP1_VMT_ES1_VPSH_VICAE_VIAC" time="0.0">
    <skipped/>
  </testcase> <!-- M3002_RO_FTFP5_PS1_FTFP5_w_MIT12_gt_MRFRB15_CP1_VMT_ES1_VPSH_VICAE_VIAC -->
  <testcase classname="AutomationCode.Meter_TestCases" name="M3002_RO_RTF_FTFP5_PS1_CGPV1_CCP" time="0.0">
    <skipped/>
  </testcase> <!-- M3002_RO_RTF_FTFP5_PS1_CGPV1_CCP -->
  <testcase classname="AutomationCode.Meter_TestCases" name="M3004_RO_FTFP5_PS1_CP1_PMT_VMT_ES1_VPSH_VICAE_VIAC" time="0.0">
    <skipped/>
  </testcase> <!-- M3004_RO_FTFP5_PS1_CP1_PMT_VMT_ES1_VPSH_VICAE_VIAC -->
  <testcase classname="AutomationCode.Meter_TestCases" name="M3003_RO_RTF_FTFP5_PS1_CGPV1_CCP" time="0.0">
    <skipped/>
  </testcase> <!-- M3003_RO_RTF_FTFP5_PS1_CGPV1_CCP -->
  <testcase classname="AutomationCode.Meter_TestCases" name="M3004_RO_RTF_FTFP5_PS1_CGPV1_CCP" time="0.0">
    <skipped/>
  </testcase> <!-- M3004_RO_RTF_FTFP5_PS1_CGPV1_CCP -->
  <testcase classname="AutomationCode.Meter_TestCases" name="M3005_RO_FTFP5_PS1_FTFP5_w_MIT12_gt_MRFRB5_CCP1_VMT_ES1_VPSH_VICAE_VIAC" time="0.0">
    <skipped/>
  </testcase> <!-- M3005_RO_FTFP5_PS1_FTFP5_w_MIT12_gt_MRFRB5_CCP1_VMT_ES1_VPSH_VICAE_VIAC -->
  <testcase classname="AutomationCode.Meter_TestCases" name="M3005_RO_RTF_FTFP5_PS1_CGPV1_CCP" time="0.0">
    <skipped/>
  </testcase> <!-- M3005_RO_RTF_FTFP5_PS1_CGPV1_CCP -->
  <testcase classname="AutomationCode.Meter_TestCases" name="M3006_RO_FTFP5_PS1_FTFP5_w_MIT12_gt_MRFRB5_CP1_CP1_VMT_ES1_VPSH_VICAE_VIAC" time="0.0">
    <skipped/>
  </testcase> <!-- M3006_RO_FTFP5_PS1_FTFP5_w_MIT12_gt_MRFRB5_CP1_CP1_VMT_ES1_VPSH_VICAE_VIAC -->
  <testcase classname="AutomationCode.Meter_TestCases" name="M3006_RO_RTF_FTFP5_PS1_CGPV1_CCP" time="0.0">
    <skipped/>
  </testcase> <!-- M3006_RO_RTF_FTFP5_PS1_CGPV1_CCP -->
  <testcase classname="AutomationCode.Meter_TestCases" name="M3007_RO_FTFP5_PS1_FTFP5_w_MIT12_gt_MRFRB5_CC1_VMT_ES1_VPSH_VICAE_VIAC" time="0.0">
    <skipped/>
  </testcase> <!-- M3007_RO_FTFP5_PS1_FTFP5_w_MIT12_gt_MRFRB5_CC1_VMT_ES1_VPSH_VICAE_VIAC -->
  <testcase classname="AutomationCode.Meter_TestCases" name="M3007_RO_RTF_FTFP5_PS1_CGPV1_CCP" time="0.001">
    <skipped/>
  </testcase> <!-- M3007_RO_RTF_FTFP5_PS1_CGPV1_CCP -->
  <testcase classname="AutomationCode.Meter_TestCases" name="M3008_RO_FTFP5_PS1_FTFP5_w_MIT10_gt_MRFRB5_CC1_VMT_ES1_VPSH_VICAE_VIAC" time="0.0">
    <skipped/>
  </testcase> <!-- M3008_RO_FTFP5_PS1_FTFP5_w_MIT10_gt_MRFRB5_CC1_VMT_ES1_VPSH_VICAE_VIAC -->
  <testcase classname="AutomationCode.Meter_TestCases" name="M3008_RO_RTF_FTFP5_PS1_CGPV1_CCP" time="0.0">
    <skipped/>
  </testcase> <!-- M3008_RO_RTF_FTFP5_PS1_CGPV1_CCP -->
  <testcase classname="AutomationCode.Meter_TestCases" name="M3009A_RO_FTFP5_PS1_FTFP5_w_MIT2_gt_MRFRB2_CC1_VMT_ES1_VPSH_VICAE_VIAC" time="0.0">
    <skipped/>
  </testcase> <!-- M3009A_RO_FTFP5_PS1_FTFP5_w_MIT2_gt_MRFRB2_CC1_VMT_ES1_VPSH_VICAE_VIAC -->
  <testcase classname="AutomationCode.Meter_TestCases" name="M3009_RO_FTFP5_PS1_FTFP5_w_MIT2_gt_MRFRB2_CC1_VMT_ES1_VPSH_VICAE_VIAC" time="0.0">
    <skipped/>
  </testcase> <!-- M3009_RO_FTFP5_PS1_FTFP5_w_MIT2_gt_MRFRB2_CC1_VMT_ES1_VPSH_VICAE_VIAC -->
  <testcase classname="AutomationCode.Meter_TestCases" name="M3009_RO_RTF_FTFP5_PS1_CGPV1_CCP" time="0.0">
    <skipped/>
  </testcase> <!-- M3009_RO_RTF_FTFP5_PS1_CGPV1_CCP -->
  <testcase classname="AutomationCode.Meter_TestCases" name="M3010_RO_FTFP5_PS1_FTFP5_w_MIT5_gt_MRFRB5_CC1_VMT_ES1_VPSH_VICAE_VIAC" time="0.0">
    <skipped/>
  </testcase> <!-- M3010_RO_FTFP5_PS1_FTFP5_w_MIT5_gt_MRFRB5_CC1_VMT_ES1_VPSH_VICAE_VIAC -->
  <testcase classname="AutomationCode.Meter_TestCases" name="M3010_RO_RTF_FTFP5_PS1_CGPV1_CCP" time="0.0">
    <skipped/>
  </testcase> <!-- M3010_RO_RTF_FTFP5_PS1_CGPV1_CCP -->
  <testcase classname="AutomationCode.Meter_TestCases" name="M3011_RO_FTFP5_PS1_FTFP5_w_MIT5_gt_MRFRB5_CC1_VMT_ES1_VPSH_VICAE_VIAC" time="0.0">
    <skipped/>
  </testcase> <!-- M3011_RO_FTFP5_PS1_FTFP5_w_MIT5_gt_MRFRB5_CC1_VMT_ES1_VPSH_VICAE_VIAC -->
  <testcase classname="AutomationCode.Meter_TestCases" name="M3011_RO_RTF_FTFP5_PS1_CGPV1_CCP" time="0.0">
    <skipped/>
  </testcase> <!-- M3011_RO_RTF_FTFP5_PS1_CGPV1_CCP -->
  <testcase classname="AutomationCode.Meter_TestCases" name="M3012_RO_FTFP5_PS1_FTFP5_w_MIT12_gt_MRFRB5_LMV_CP1_VMT_ES1_VPSH_VICAE_VIAC" time="0.001">
    <skipped/>
  </testcase> <!-- M3012_RO_FTFP5_PS1_FTFP5_w_MIT12_gt_MRFRB5_LMV_CP1_VMT_ES1_VPSH_VICAE_VIAC -->
  <testcase classname="AutomationCode.Meter_TestCases" name="M3012_RO_RTF_FTFP5_PS1_CGPV1_CCP" time="0.0">
    <skipped/>
  </testcase> <!-- M3012_RO_RTF_FTFP5_PS1_CGPV1_CCP -->
  <testcase classname="AutomationCode.Meter_TestCases" name="M1013_RO_FTFP0_PS1_CCP1_VMT_BMT_VMT_ES1_VPSH_VICAE_VIAC" time="0.0">
    <skipped/>
  </testcase> <!-- M1013_RO_FTFP0_PS1_CCP1_VMT_BMT_VMT_ES1_VPSH_VICAE_VIAC -->
</testsuite> <!-- Meter_TestCases -->
