<?xml version="1.0" encoding="UTF-8"?>
<!-- Generated by org.testng.reporters.JUnitXMLReporter -->
<testsuite ignored="59" hostname="MacBook-Pro-4.local" failures="1" tests="1" name="PEO_TestCases" time="86.005" errors="0" timestamp="08 Sep 2026 19:02:02 GMT">
  <testcase classname="AutomationCode.PEO_TestCases_Flutter" name="A4000F_OpenApp_AirplaneModeEnabled" time="81.103">
    <failure type="java.lang.AssertionError" message="FLUTTERPEO-132-Flutter app shows generic “No Internet Connection” message when Airplane Mode is enabled">
      <![CDATA[java.lang.AssertionError: FLUTTERPEO-132-Flutter app shows generic “No Internet Connection” message when Airplane Mode is enabled
at AutomationCode.CommonANDROID_Flutter.UpdateErrorMessageWithPivotalData(CommonANDROID_Flutter.java:376)
at AutomationCode.PEO_TestCases_Flutter.A4000F_OpenApp_AirplaneModeEnabled(PEO_TestCases_Flutter.java:218)
at java.base/java.util.concurrent.FutureTask.run(FutureTask.java:317)
at java.base/java.util.concurrent.ThreadPoolExecutor.runWorker(ThreadPoolExecutor.java:1144)
at java.base/java.util.concurrent.ThreadPoolExecutor$Worker.run(ThreadPoolExecutor.java:642)
at java.base/java.lang.Thread.run(Thread.java:1583)
... Removed 15 stack frames]]>
    </failure>
  </testcase> <!-- A4000F_OpenApp_AirplaneModeEnabled -->
  <testcase classname="AutomationCode.PEO_TestCases_Flutter" name="P4008F_FTFP0_CGPV_AV_CV_TNI_VSM_ES1_VPSH_VICAE_VIAC" time="0.0">
    <ignored/>
  </testcase> <!-- P4008F_FTFP0_CGPV_AV_CV_TNI_VSM_ES1_VPSH_VICAE_VIAC -->
  <testcase classname="AutomationCode.PEO_TestCases_Flutter" name="P4050F_TSLOB_FTFP0_CGPV_ES1" time="0.0">
    <ignored/>
  </testcase> <!-- P4050F_TSLOB_FTFP0_CGPV_ES1 -->
  <testcase classname="AutomationCode.PEO_TestCases_Flutter" name="P4001F_ValidateInvalidCredentialMessage" time="0.0">
    <ignored/>
  </testcase> <!-- P4001F_ValidateInvalidCredentialMessage -->
  <testcase classname="AutomationCode.PEO_TestCases_Flutter" name="P4021F_CGPV1_AV_PCV_PIT_CP1_VMU_VPVR_VPSH_VICAE_VIAC" time="0.0">
    <ignored/>
  </testcase> <!-- P4021F_CGPV1_AV_PCV_PIT_CP1_VMU_VPVR_VPSH_VICAE_VIAC -->
  <testcase classname="AutomationCode.PEO_TestCases_Flutter" name="P4025F_FTFP0_MUON_CGPV1_NTAAV_SV_CP1_USBDNE_VPSH_VICAE_VIAC" time="0.0">
    <ignored/>
  </testcase> <!-- P4025F_FTFP0_MUON_CGPV1_NTAAV_SV_CP1_USBDNE_VPSH_VICAE_VIAC -->
  <testcase classname="AutomationCode.PEO_TestCases_Flutter" name="P4060_ShawonTest" time="0.0">
    <ignored/>
  </testcase> <!-- P4060_ShawonTest -->
  <testcase classname="AutomationCode.PEO_TestCases_Flutter" name="P4033F_AMMOE_CGPV1_AV_VAE_ES1_VPSH_VICAE_VIAC" time="0.0">
    <ignored/>
  </testcase> <!-- P4033F_AMMOE_CGPV1_AV_VAE_ES1_VPSH_VICAE_VIAC -->
  <testcase classname="AutomationCode.PEO_TestCases_Flutter" name="P4039F_FTFP0_CGPV1_DNAATTPAV_AV_CAV_PCV_VIPV_CVP_AATTPAV_PGT_VGTV_PIT_VITV_ES1" time="0.0">
    <ignored/>
  </testcase> <!-- P4039F_FTFP0_CGPV1_DNAATTPAV_AV_CAV_PCV_VIPV_CVP_AATTPAV_PGT_VGTV_PIT_VITV_ES1 -->
  <testcase classname="AutomationCode.PEO_TestCases_Flutter" name="P4012F_FTFP0_CGPV_AV_CV_CNIT_RA_VIR_ES1_VPSH_VICAE_VIAC" time="0.0">
    <ignored/>
  </testcase> <!-- P4012F_FTFP0_CGPV_AV_CV_CNIT_RA_VIR_ES1_VPSH_VICAE_VIAC -->
  <testcase classname="AutomationCode.PEO_TestCases_Flutter" name="P4032BF_FTFP0_CGPV_AV_PCV" time="0.0">
    <ignored/>
  </testcase> <!-- P4032BF_FTFP0_CGPV_AV_PCV -->
  <testcase classname="AutomationCode.PEO_TestCases_Flutter" name="P4009F_FTFP0_CGPV_AV_CV_VIPV_TNI_VSM_ES1_VPSH_VICAE_VIAC" time="0.0">
    <ignored/>
  </testcase> <!-- P4009F_FTFP0_CGPV_AV_CV_VIPV_TNI_VSM_ES1_VPSH_VICAE_VIAC -->
  <testcase classname="AutomationCode.PEO_TestCases_Flutter" name="P4018F_FTFP0_CGPV_AV_CV_CNIT_RVU_VIR_ES1_VPSH_VICAE_VIAC" time="0.0">
    <ignored/>
  </testcase> <!-- P4018F_FTFP0_CGPV_AV_CV_CNIT_RVU_VIR_ES1_VPSH_VICAE_VIAC -->
  <testcase classname="AutomationCode.PEO_TestCases_Flutter" name="P4032F_CSLV_AV_CV_IT_ES1_VVR_VPSH_VICAE_VIAC" time="0.0">
    <ignored/>
  </testcase> <!-- P4032F_CSLV_AV_CV_IT_ES1_VVR_VPSH_VICAE_VIAC -->
  <testcase classname="AutomationCode.PEO_TestCases_Flutter" name="P4036F_FTFP0_MUON_CGPV1_UM_CP1_LMV_AP_CV_SV_LSTE_ES_VPSH" time="0.0">
    <ignored/>
  </testcase> <!-- P4036F_FTFP0_MUON_CGPV1_UM_CP1_LMV_AP_CV_SV_LSTE_ES_VPSH -->
  <testcase classname="AutomationCode.PEO_TestCases_Flutter" name="P4005F_FTFP0_CGPV_AV_CV_PLI_IT_PV_VPVE_ES1_VPSH_VICAE_VIAC" time="0.0">
    <ignored/>
  </testcase> <!-- P4005F_FTFP0_CGPV_AV_CV_PLI_IT_PV_VPVE_ES1_VPSH_VICAE_VIAC -->
  <testcase classname="AutomationCode.PEO_TestCases_Flutter" name="P4020F_FTFP0_CGPV_AV_PCV_CP1_VMU_VPVR_VPSH_VICAE_VIAC" time="0.0">
    <ignored/>
  </testcase> <!-- P4020F_FTFP0_CGPV_AV_PCV_CP1_VMU_VPVR_VPSH_VICAE_VIAC -->
  <testcase classname="AutomationCode.PEO_TestCases_Flutter" name="P4019F_FTFP0_CGPV_AV_CV_CNIT_RO_VIR_ES1_VPSH_VIACE_VIAC" time="0.0">
    <ignored/>
  </testcase> <!-- P4019F_FTFP0_CGPV_AV_CV_CNIT_RO_VIR_ES1_VPSH_VIACE_VIAC -->
  <testcase classname="AutomationCode.PEO_TestCases_Flutter" name="TS4048F_TSLOB_FTFP0_CGPV_AV_VPEO_VTPDF1_VTPDF2_VTPDF3_VVAC_VNTPDF_PVAC_VVC_VNTPDF_ES1_VPSH_VICAE_VIAC" time="0.0">
    <ignored/>
  </testcase> <!-- TS4048F_TSLOB_FTFP0_CGPV_AV_VPEO_VTPDF1_VTPDF2_VTPDF3_VVAC_VNTPDF_PVAC_VVC_VNTPDF_ES1_VPSH_VICAE_VIAC -->
  <testcase classname="AutomationCode.PEO_TestCases_Flutter" name="P4028F_DPEOU_CPEOU_MIL_UU_VPEOL" time="0.0">
    <ignored/>
  </testcase> <!-- P4028F_DPEOU_CPEOU_MIL_UU_VPEOL -->
  <testcase classname="AutomationCode.PEO_TestCases_Flutter" name="TS4046F_TSLOB_FTFP0_CGPV_AV_AVPEO_VTPDF_VV_VNTPDF_ES1_VPSH_VICAE_VIAC" time="0.0">
    <ignored/>
  </testcase> <!-- TS4046F_TSLOB_FTFP0_CGPV_AV_AVPEO_VTPDF_VV_VNTPDF_ES1_VPSH_VICAE_VIAC -->
  <testcase classname="AutomationCode.PEO_TestCases_Flutter" name="P4033F_FTFP0_CGPV_AV_PCV" time="0.0">
    <ignored/>
  </testcase> <!-- P4033F_FTFP0_CGPV_AV_PCV -->
  <testcase classname="AutomationCode.PEO_TestCases_Flutter" name="P4015F_FTFP0_CGPV_AV_CV_CNIT_RBCE_VIR_ES1_VPSH_VICAE_VIAC" time="0.0">
    <ignored/>
  </testcase> <!-- P4015F_FTFP0_CGPV_AV_CV_CNIT_RBCE_VIR_ES1_VPSH_VICAE_VIAC -->
  <testcase classname="AutomationCode.PEO_TestCases_Flutter" name="P4024F_PEO_CGPV1_NTAAV_CAVV_CNIT_RV_RAV_GT_VPSH_VICAE_VIAC" time="0.0">
    <ignored/>
  </testcase> <!-- P4024F_PEO_CGPV1_NTAAV_CAVV_CNIT_RV_RAV_GT_VPSH_VICAE_VIAC -->
  <testcase classname="AutomationCode.PEO_TestCases_Flutter" name="P4007F_FTFP0_CGPV_PLI_AV_CV_CLI_IT_VLI_DV_AWDV_ES1_VPSH_VICAE_VIAC" time="0.0">
    <ignored/>
  </testcase> <!-- P4007F_FTFP0_CGPV_PLI_AV_CV_CLI_IT_VLI_DV_AWDV_ES1_VPSH_VICAE_VIAC -->
  <testcase classname="AutomationCode.PEO_TestCases_Flutter" name="P4049F_TSLOB_FTFP0_CGPV_AV_RVPEO_VNTPDF_ES1_VPSH_VICAE_VIAC" time="0.0">
    <ignored/>
  </testcase> <!-- P4049F_TSLOB_FTFP0_CGPV_AV_RVPEO_VNTPDF_ES1_VPSH_VICAE_VIAC -->
  <testcase classname="AutomationCode.PEO_TestCases_Flutter" name="P4032F_B_FTFP0_CGPV_AV_PCV" time="0.0">
    <ignored/>
  </testcase> <!-- P4032F_B_FTFP0_CGPV_AV_PCV -->
  <testcase classname="AutomationCode.PEO_TestCases_Flutter" name="P4017F_FTFP0_CGPV_AV_CV_CNIT_RTC_VIR_ES1_VPSH_VICAE_VIAC" time="0.0">
    <ignored/>
  </testcase> <!-- P4017F_FTFP0_CGPV_AV_CV_CNIT_RTC_VIR_ES1_VPSH_VICAE_VIAC -->
  <testcase classname="AutomationCode.PEO_TestCases_Flutter" name="P4030F_FTFP0_CGPV_AV_CV_ES1_VVR_VPSH_VICAE_VIAC" time="0.0">
    <ignored/>
  </testcase> <!-- P4030F_FTFP0_CGPV_AV_CV_ES1_VVR_VPSH_VICAE_VIAC -->
  <testcase classname="AutomationCode.PEO_TestCases_Flutter" name="P4014F_FTFP0_CGPV_AV_CV_CNIT_RDIV_VIR_ES1_VPSH_VICAE_VIAC" time="0.0">
    <ignored/>
  </testcase> <!-- P4014F_FTFP0_CGPV_AV_CV_CNIT_RDIV_VIR_ES1_VPSH_VICAE_VIAC -->
  <testcase classname="AutomationCode.PEO_TestCases_Flutter" name="P4035F_SLPE_CMV_IGPE_ES1_VPSH" time="0.0">
    <ignored/>
  </testcase> <!-- P4035F_SLPE_CMV_IGPE_ES1_VPSH -->
  <testcase classname="AutomationCode.PEO_TestCases_Flutter" name="P4031F_FTFP0_CGPV_AV_CV_IT_ES1_VVR_VPSH_VICAE_VIAC" time="0.0">
    <ignored/>
  </testcase> <!-- P4031F_FTFP0_CGPV_AV_CV_IT_ES1_VVR_VPSH_VICAE_VIAC -->
  <testcase classname="AutomationCode.PEO_TestCases_Flutter" name="P4013F_FTFP0_CGPV_AV_CV_CNIT_RDV_VIR_ES1_VPSH_VICAE_VIAC" time="0.0">
    <ignored/>
  </testcase> <!-- P4013F_FTFP0_CGPV_AV_CV_CNIT_RDV_VIR_ES1_VPSH_VICAE_VIAC -->
  <testcase classname="AutomationCode.PEO_TestCases_Flutter" name="P4040F_FTFP0_CGPV1_DNAATTPAV_AV_CAV_PCV_VIPV_CVP_AATTPAV_PGT_VGTV_PIT_VITV_ES1" time="0.0">
    <ignored/>
  </testcase> <!-- P4040F_FTFP0_CGPV1_DNAATTPAV_AV_CAV_PCV_VIPV_CVP_AATTPAV_PGT_VGTV_PIT_VITV_ES1 -->
  <testcase classname="AutomationCode.PEO_TestCases_Flutter" name="P4002AF_PEO_CMV_IGPE_VVXD" time="0.0">
    <ignored/>
  </testcase> <!-- P4002AF_PEO_CMV_IGPE_VVXD -->
  <testcase classname="AutomationCode.PEO_TestCases_Flutter" name="P4003F_PEO_CMV2_IGPE_VVXD" time="0.0">
    <ignored/>
  </testcase> <!-- P4003F_PEO_CMV2_IGPE_VVXD -->
  <testcase classname="AutomationCode.PEO_TestCases_Flutter" name="P4042_Test" time="0.0">
    <ignored/>
  </testcase> <!-- P4042_Test -->
  <testcase classname="AutomationCode.PEO_TestCases_Flutter" name="P4037F_FTFP10_MUON_CGPV1_UM_CP1_LMV_AP_CV_SV_LSTE_ES_VPSH" time="0.0">
    <ignored/>
  </testcase> <!-- P4037F_FTFP10_MUON_CGPV1_UM_CP1_LMV_AP_CV_SV_LSTE_ES_VPSH -->
  <testcase classname="AutomationCode.PEO_TestCases_Flutter" name="P4027F_AMMOEE_MUON_CGPV1_NTAAV_SV_LS1_USBDNE_VPSH_VICAE_VIAC" time="0.0">
    <ignored/>
  </testcase> <!-- P4027F_AMMOEE_MUON_CGPV1_NTAAV_SV_LS1_USBDNE_VPSH_VICAE_VIAC -->
  <testcase classname="AutomationCode.PEO_TestCases_Flutter" name="TS4043F_TSLOB_FTFP0_CGPV_AV_AVPEO_VTPDF_DV_VNTPDF_EDV_VTPDF_ES1_VPSH" time="0.0">
    <ignored/>
  </testcase> <!-- TS4043F_TSLOB_FTFP0_CGPV_AV_AVPEO_VTPDF_DV_VNTPDF_EDV_VTPDF_ES1_VPSH -->
  <testcase classname="AutomationCode.PEO_TestCases_Flutter" name="TS4044F_TSLOB_FTFP0_CGPV_AV_AVPEO_VTPDF_PVOH_VTPDF_DV_VNTPDF_EDV_VTPDF_ES1_VPSH" time="0.0">
    <ignored/>
  </testcase> <!-- TS4044F_TSLOB_FTFP0_CGPV_AV_AVPEO_VTPDF_PVOH_VTPDF_DV_VNTPDF_EDV_VTPDF_ES1_VPSH -->
  <testcase classname="AutomationCode.PEO_TestCases_Flutter" name="P4010F_FTFP0_CGPV_AV_CV_VIPV_CAV_RCV_TNI_VSM_ES1_VPSH_VICAE_VIAC" time="0.0">
    <ignored/>
  </testcase> <!-- P4010F_FTFP0_CGPV_AV_CV_VIPV_CAV_RCV_TNI_VSM_ES1_VPSH_VICAE_VIAC -->
  <testcase classname="AutomationCode.PEO_TestCases_Flutter" name="P4041F_PEO_CMS" time="0.0">
    <ignored/>
  </testcase> <!-- P4041F_PEO_CMS -->
  <testcase classname="AutomationCode.PEO_TestCases_Flutter" name="P4002F_PEO_CMV_IGPE_VVXD_WIFI_And_WIFIScanning_Disabled" time="0.0">
    <ignored/>
  </testcase> <!-- P4002F_PEO_CMV_IGPE_VVXD_WIFI_And_WIFIScanning_Disabled -->
  <testcase classname="AutomationCode.PEO_TestCases_Flutter" name="P4016F_FTFP0_CGPV_AV_CV_CNIT_RBS_VIR_ES1_VPSH_VICAE_VIAC" time="0.0">
    <ignored/>
  </testcase> <!-- P4016F_FTFP0_CGPV_AV_CV_CNIT_RBS_VIR_ES1_VPSH_VICAE_VIAC -->
  <testcase classname="AutomationCode.PEO_TestCases_Flutter" name="TS4047F_TSLOB_FTFP0_CGPV_AV_AVPEO_VTPDF_DV_DDV_VNTPDF_ES1_VPSH_VICAE_VIAC" time="0.0">
    <ignored/>
  </testcase> <!-- TS4047F_TSLOB_FTFP0_CGPV_AV_AVPEO_VTPDF_DV_DDV_VNTPDF_ES1_VPSH_VICAE_VIAC -->
  <testcase classname="AutomationCode.PEO_TestCases_Flutter" name="P4052_TSMM_FTFP0_CGPV_AV_AVPEO_VTPDF_ATDD_VTPDF_ATDD_VTPDF_ES1_VPSH" time="0.0">
    <ignored/>
  </testcase> <!-- P4052_TSMM_FTFP0_CGPV_AV_AVPEO_VTPDF_ATDD_VTPDF_ATDD_VTPDF_ES1_VPSH -->
  <testcase classname="AutomationCode.PEO_TestCases_Flutter" name="P4041F_PEO_CMS_IGPE_VVXD" time="0.0">
    <ignored/>
  </testcase> <!-- P4041F_PEO_CMS_IGPE_VVXD -->
  <testcase classname="AutomationCode.PEO_TestCases_Flutter" name="P4006F_FTFP0_CGPV_PLI_AV_CV_IT_DV_DWDV_PDV_ES1_VPSH_VICAE_VIAC" time="0.0">
    <ignored/>
  </testcase> <!-- P4006F_FTFP0_CGPV_PLI_AV_CV_IT_DV_DWDV_PDV_ES1_VPSH_VICAE_VIAC -->
  <testcase classname="AutomationCode.PEO_TestCases_Flutter" name="P4034F_SLPE_CGPV1_AV_VVV_ES1_VPSH" time="0.0">
    <ignored/>
  </testcase> <!-- P4034F_SLPE_CGPV1_AV_VVV_ES1_VPSH -->
  <testcase classname="AutomationCode.PEO_TestCases_Flutter" name="TS4042F_TSLOB_FTFP0_CGPV_AV_AVPEO_VTPDF_ATDD_VTPDF_ATDD_VTPDF_ES1_VPSH" time="0.0">
    <ignored/>
  </testcase> <!-- TS4042F_TSLOB_FTFP0_CGPV_AV_AVPEO_VTPDF_ATDD_VTPDF_ATDD_VTPDF_ES1_VPSH -->
  <testcase classname="AutomationCode.PEO_TestCases_Flutter" name="P4004F_PEO_CMV_EIO60D_VVXD" time="0.0">
    <ignored/>
  </testcase> <!-- P4004F_PEO_CMV_EIO60D_VVXD -->
  <testcase classname="AutomationCode.PEO_TestCases_Flutter" name="P4002F_PEO_CMV_IGPE_VVXD" time="0.0">
    <ignored/>
  </testcase> <!-- P4002F_PEO_CMV_IGPE_VVXD -->
  <testcase classname="AutomationCode.PEO_TestCases_Flutter" name="TS4045F_TSLOB_FTFP0_CGPV_AV_AVPEO_VTPDF_PV_VNTPDF_ES1_VPSH_VICAE_VIAC" time="0.0">
    <ignored/>
  </testcase> <!-- TS4045F_TSLOB_FTFP0_CGPV_AV_AVPEO_VTPDF_PV_VNTPDF_ES1_VPSH_VICAE_VIAC -->
  <testcase classname="AutomationCode.PEO_TestCases_Flutter" name="P4029F_FTFP0_CGPV_AV_ES1_VVR_VPSH_VICAE_VIAC" time="0.0">
    <ignored/>
  </testcase> <!-- P4029F_FTFP0_CGPV_AV_ES1_VVR_VPSH_VICAE_VIAC -->
  <testcase classname="AutomationCode.PEO_TestCases_Flutter" name="P4038F_VM_JMP_VPLS_CLS_VPSH" time="0.0">
    <ignored/>
  </testcase> <!-- P4038F_VM_JMP_VPLS_CLS_VPSH -->
  <testcase classname="AutomationCode.PEO_TestCases_Flutter" name="P4023F_PEO_CGPV1_NTAAV_PAIT_GT_RBT_VVR" time="0.0">
    <ignored/>
  </testcase> <!-- P4023F_PEO_CGPV1_NTAAV_PAIT_GT_RBT_VVR -->
  <testcase classname="AutomationCode.PEO_TestCases_Flutter" name="P4022F_FTFP0_CGPV1_AV_PCV_PIT_PGT_CP1_VML_MPO2_VPSH_VICAE_VIAC" time="0.0">
    <ignored/>
  </testcase> <!-- P4022F_FTFP0_CGPV1_AV_PCV_PIT_PGT_CP1_VML_MPO2_VPSH_VICAE_VIAC -->
  <testcase classname="AutomationCode.PEO_TestCases_Flutter" name="P4011F_FTFP0_CGPV_AV_SV_USV_CV_IT_ES1_VPSH_VICAE_VIAC" time="0.0">
    <ignored/>
  </testcase> <!-- P4011F_FTFP0_CGPV_AV_SV_USV_CV_IT_ES1_VPSH_VICAE_VIAC -->
  <testcase classname="AutomationCode.PEO_TestCases_Flutter" name="P4026F_FTFP10_MUON_CGPV1_NTAAV_SV_CP1_USBDNE_VPSH_VICAE_VIAC" time="0.0">
    <ignored/>
  </testcase> <!-- P4026F_FTFP10_MUON_CGPV1_NTAAV_SV_CP1_USBDNE_VPSH_VICAE_VIAC -->
</testsuite> <!-- PEO_TestCases -->
