<?xml version="1.0" encoding="UTF-8"?>
<!-- Generated by org.testng.reporters.JUnitReportReporter -->
<testsuite hostname="MacBook-Pro-4.local" failures="1" tests="1" name="AutomationCode.PEO_TestCases_Flutter" time="761.999" errors="0" timestamp="11 Aug 2026 21:27:15 GMT" skipped="0">
  <testcase classname="AutomationCode.PEO_TestCases_Flutter" name="P4006F_FTFP0_CGPV_PLI_AV_CV_IT_DV_DWDV_PDV_ES1_VPSH_VICAE_VIAC" time="761.999">
    <failure message="FLUTTERPEO-122-Duplicate &#039;Ticket Generating&#039; event are unexpectedly generated" type="java.lang.AssertionError">
      <![CDATA[java.lang.AssertionError: FLUTTERPEO-122-Duplicate 'Ticket Generating' event are unexpectedly generated
at org.testng.Assert.fail(Assert.java:96)
at AutomationCode.CommonWeb.UpdateErrorMessageWithPivotalData(CommonWeb.java:1265)
at AutomationCode.CommonWeb.VerificationPointTable(CommonWeb.java:22452)
at AutomationCode.PEO_ParkingSessions.SENTRYLINK_ValidateParkingSessionHistoryAndImages_4006_FTFP0_CGPV_PLI_AV_CV_IT_DV_DWDV_PDV_ES1(PEO_ParkingSessions.java:153)
at AutomationCode.PEO_TestCases_Flutter.P4006F_FTFP0_CGPV_PLI_AV_CV_IT_DV_DWDV_PDV_ES1_VPSH_VICAE_VIAC(PEO_TestCases_Flutter.java:900)
at java.base/jdk.internal.reflect.DirectMethodHandleAccessor.invoke(DirectMethodHandleAccessor.java:103)
at java.base/java.lang.reflect.Method.invoke(Method.java:580)
at org.testng.internal.MethodInvocationHelper.invokeMethod(MethodInvocationHelper.java:124)
at org.testng.internal.Invoker.invokeMethod(Invoker.java:583)
at org.testng.internal.Invoker.invokeTestMethod(Invoker.java:719)
at org.testng.internal.Invoker.invokeTestMethods(Invoker.java:989)
at org.testng.internal.TestMethodWorker.invokeTestMethods(TestMethodWorker.java:125)
at org.testng.internal.TestMethodWorker.run(TestMethodWorker.java:109)
at org.testng.TestRunner.privateRun(TestRunner.java:648)
at org.testng.TestRunner.run(TestRunner.java:505)
at org.testng.SuiteRunner.runTest(SuiteRunner.java:455)
at org.testng.SuiteRunner.access$000(SuiteRunner.java:40)
at org.testng.SuiteRunner$SuiteWorker.run(SuiteRunner.java:489)
at org.testng.internal.thread.ThreadUtil$1.call(ThreadUtil.java:52)
at java.base/java.util.concurrent.FutureTask.run(FutureTask.java:317)
at java.base/java.util.concurrent.ThreadPoolExecutor.runWorker(ThreadPoolExecutor.java:1144)
at java.base/java.util.concurrent.ThreadPoolExecutor$Worker.run(ThreadPoolExecutor.java:642)
at java.base/java.lang.Thread.run(Thread.java:1583)
]]>
    </failure>
  </testcase> <!-- P4006F_FTFP0_CGPV_PLI_AV_CV_IT_DV_DWDV_PDV_ES1_VPSH_VICAE_VIAC -->
</testsuite> <!-- AutomationCode.PEO_TestCases_Flutter -->
