<?xml version="1.0" encoding="UTF-8"?>
<!-- Generated by org.testng.reporters.JUnitReportReporter -->
<testsuite hostname="MacBook-Pro-4.local" failures="1" tests="1" name="AutomationCode.PEO_TestCases" time="662.676" errors="0" timestamp="24 Aug 2026 19:42:40 GMT" skipped="0">
  <testcase classname="AutomationCode.PEO_TestCases" name="P4012_FTFP0_CGPV_AV_CV_CNIT_RA_VIR_ES1_VPSH_VICAE_VIAC" time="662.676">
    <failure message="178136552-When space status is claimed violation and the user leave the space, the PEO&#039;s violation details screen no longer displays This violation is now invalid. Returning to Violation List" type="java.lang.AssertionError">
      <![CDATA[java.lang.AssertionError: 178136552-When space status is claimed violation and the user leave the space, the PEO's violation details screen no longer displays This violation is now invalid. Returning to Violation List
at org.testng.Assert.fail(Assert.java:96)
at AutomationCode.CommonANDROID.UpdateErrorMessageWithPivotalData(CommonANDROID.java:834)
at AutomationCode.CommonANDROID.VerificationPointText(CommonANDROID.java:20468)
at AutomationCode.PEO_TestCases.P4012_FTFP0_CGPV_AV_CV_CNIT_RA_VIR_ES1_VPSH_VICAE_VIAC(PEO_TestCases.java:1629)
at java.base/jdk.internal.reflect.DirectMethodHandleAccessor.invoke(DirectMethodHandleAccessor.java:103)
at java.base/java.lang.reflect.Method.invoke(Method.java:580)
at org.testng.internal.MethodInvocationHelper.invokeMethod(MethodInvocationHelper.java:124)
at org.testng.internal.Invoker.invokeMethod(Invoker.java:583)
at org.testng.internal.Invoker.invokeTestMethod(Invoker.java:719)
at org.testng.internal.Invoker.invokeTestMethods(Invoker.java:989)
at org.testng.internal.TestMethodWorker.invokeTestMethods(TestMethodWorker.java:125)
at org.testng.internal.TestMethodWorker.run(TestMethodWorker.java:109)
at org.testng.TestRunner.privateRun(TestRunner.java:648)
at org.testng.TestRunner.run(TestRunner.java:505)
at org.testng.SuiteRunner.runTest(SuiteRunner.java:455)
at org.testng.SuiteRunner.access$000(SuiteRunner.java:40)
at org.testng.SuiteRunner$SuiteWorker.run(SuiteRunner.java:489)
at org.testng.internal.thread.ThreadUtil$1.call(ThreadUtil.java:52)
at java.base/java.util.concurrent.FutureTask.run(FutureTask.java:317)
at java.base/java.util.concurrent.ThreadPoolExecutor.runWorker(ThreadPoolExecutor.java:1144)
at java.base/java.util.concurrent.ThreadPoolExecutor$Worker.run(ThreadPoolExecutor.java:642)
at java.base/java.lang.Thread.run(Thread.java:1583)
]]>
    </failure>
  </testcase> <!-- P4012_FTFP0_CGPV_AV_CV_CNIT_RA_VIR_ES1_VPSH_VICAE_VIAC -->
</testsuite> <!-- AutomationCode.PEO_TestCases -->
